2015-02-17 13:56:46 [INFO] - 包子师傅李不胖 - 生产了一个包子 【 包子师傅李不胖_1 】 
2015-02-17 13:56:46 [INFO] - 大爷李刚 要求上包子! 劳资TM等 1 年了！！ 
2015-02-17 13:56:46 [INFO] - 包子师傅韩梅梅 - 生产了一个包子 【 包子师傅韩梅梅_2 】 
2015-02-17 13:56:46 [INFO] - 包子师傅李雷雷 - 生产了一个包子 【 包子师傅李雷雷_3 】 
2015-02-17 13:56:46 [INFO] - 包子师傅王大壮 - 生产了一个包子 【 包子师傅王大壮_4 】 
2015-02-17 13:56:47 [INFO] - 大爷李刚 - 吃掉了一个包子 【包子师傅王大壮_4 】篮子里还有【3】个 
2015-02-17 13:56:47 [INFO] - 大娘王婆 - 吃掉了一个包子 【包子师傅李雷雷_3 】篮子里还有【2】个 
2015-02-17 13:56:47 [INFO] - 大爷李刚 - 吃掉了一个包子 【包子师傅韩梅梅_2 】篮子里还有【1】个 
2015-02-17 13:56:47 [INFO] - 大娘王婆 - 吃掉了一个包子 【包子师傅李不胖_1 】篮子里还有【0】个 
2015-02-17 13:56:48 [INFO] - 大爷李刚 要求上包子! 劳资TM等 2 年了！！ 
2015-02-17 13:56:49 [INFO] - 大爷李刚 要求上包子! 劳资TM等 3 年了！！ 
2015-02-17 13:56:50 [INFO] - 大娘王婆 要求上包子! 劳资TM等 1 年了！！ 
2015-02-17 13:56:50 [INFO] - 等了 3 年了还TM不给上包子！？ 不吃了！ 
2015-02-17 13:56:51 [INFO] - 包子师傅李不胖 - 生产了一个包子 【 包子师傅李不胖_5 】 
2015-02-17 13:56:51 [INFO] - 包子师傅王大壮 - 生产了一个包子 【 包子师傅王大壮_6 】 
2015-02-17 13:56:51 [INFO] - 包子师傅李雷雷 - 生产了一个包子 【 包子师傅李雷雷_7 】 
2015-02-17 13:56:51 [INFO] - 包子师傅韩梅梅 - 生产了一个包子 【 包子师傅韩梅梅_8 】 
2015-02-17 13:56:51 [INFO] - 大娘王婆 - 吃掉了一个包子 【包子师傅韩梅梅_8 】篮子里还有【3】个 
2015-02-17 13:56:51 [INFO] - 大娘王婆 - 今天吃了 3 个包子,吃饱了遛弯儿去~ 
2015-02-17 13:56:56 [INFO] - 包子师傅李不胖 - 生产了一个包子 【 包子师傅李不胖_9 】 
2015-02-17 13:56:56 [INFO] - 包子师傅王大壮 - 生产了一个包子 【 包子师傅王大壮_10 】 
2015-02-17 13:56:56 [INFO] - 包子师傅李雷雷 - 生产了一个包子 【 包子师傅李雷雷_11 】 
2015-02-17 13:56:56 [INFO] - 包子师傅韩梅梅 - 生产了一个包子 【 包子师傅韩梅梅_12 】 
2015-02-17 13:57:01 [INFO] - 包子师傅李不胖 - 生产了一个包子 【 包子师傅李不胖_13 】 
2015-02-17 13:57:01 [INFO] - 包子师傅王大壮 - 生产了一个包子 【 包子师傅王大壮_14 】 
2015-02-17 13:57:01 [INFO] - 包子师傅李雷雷 - 生产了一个包子 【 包子师傅李雷雷_15 】 
2015-02-17 13:57:01 [INFO] - 包子师傅韩梅梅 - 生产了一个包子 【 包子师傅韩梅梅_16 】 
2015-02-17 13:57:06 [INFO] - 包子师傅李不胖 - 生产了一个包子 【 包子师傅李不胖_17 】 
2015-02-17 13:57:06 [INFO] - 包子师傅李不胖 - 今天做够 5 个包子了！回家碎觉！ 
2015-02-17 13:57:06 [INFO] - 包子师傅王大壮 - 生产了一个包子 【 包子师傅王大壮_18 】 
2015-02-17 13:57:06 [INFO] - 包子师傅王大壮 - 今天做够 5 个包子了！回家碎觉！ 
2015-02-17 13:57:06 [INFO] - 包子师傅李雷雷 - 生产了一个包子 【 包子师傅李雷雷_19 】 
2015-02-17 13:57:06 [INFO] - 包子师傅李雷雷 - 今天做够 5 个包子了！回家碎觉！ 
2015-02-17 13:57:06 [INFO] - 包子师傅韩梅梅 - 生产了一个包子 【 包子师傅韩梅梅_20 】 
2015-02-17 13:57:06 [INFO] - 包子师傅韩梅梅 - 今天做够 5 个包子了！回家碎觉！ 
2015-02-17 14:27:50 [INFO] - 大爷李刚 要求上包子! 劳资TM等 1 年了！！ 
2015-02-17 14:27:50 [WARN] - 当前拥有的生产者线程数量为 -- 0 
2015-02-17 14:27:50 [INFO] - 包子师傅王大壮 - 生产了一个包子 【 包子师傅王大壮_1 】 
2015-02-17 14:27:50 [INFO] - 包子师傅李雷雷 - 生产了一个包子 【 包子师傅李雷雷_2 】 
2015-02-17 14:27:50 [INFO] - 包子师傅韩梅梅 - 生产了一个包子 【 包子师傅韩梅梅_3 】 
2015-02-17 14:27:50 [INFO] - 包子师傅李不胖 - 生产了一个包子 【 包子师傅李不胖_4 】 
2015-02-17 14:27:51 [INFO] - 大爷李刚 - 吃掉了一个包子 【包子师傅李不胖_4 】篮子里还有【3】个 
2015-02-17 14:27:51 [INFO] - 大娘王婆 - 吃掉了一个包子 【包子师傅韩梅梅_3 】篮子里还有【2】个 
2015-02-17 14:27:52 [INFO] - 大爷李刚 - 吃掉了一个包子 【包子师傅李雷雷_2 】篮子里还有【1】个 
2015-02-17 14:27:52 [INFO] - 大娘王婆 - 吃掉了一个包子 【包子师傅王大壮_1 】篮子里还有【0】个 
2015-02-17 14:27:52 [INFO] - 大爷李刚 要求上包子! 劳资TM等 2 年了！！ 
2015-02-17 14:27:53 [INFO] - 大爷李刚 要求上包子! 劳资TM等 3 年了！！ 
2015-02-17 14:27:54 [INFO] - 等了 3 年了还TM不给上包子！？ 不吃了！ 
2015-02-17 14:27:54 [INFO] - 大娘王婆 要求上包子! 劳资TM等 1 年了！！ 
2015-02-17 14:27:55 [INFO] - 包子师傅王大壮 - 生产了一个包子 【 包子师傅王大壮_5 】 
2015-02-17 14:27:55 [INFO] - 包子师傅李雷雷 - 生产了一个包子 【 包子师傅李雷雷_6 】 
2015-02-17 14:27:55 [INFO] - 包子师傅李不胖 - 生产了一个包子 【 包子师傅李不胖_7 】 
2015-02-17 14:27:55 [INFO] - 包子师傅韩梅梅 - 生产了一个包子 【 包子师傅韩梅梅_8 】 
2015-02-17 14:27:55 [INFO] - 大娘王婆 - 吃掉了一个包子 【包子师傅韩梅梅_8 】篮子里还有【3】个 
2015-02-17 14:27:55 [INFO] - 大娘王婆 - 今天吃了 3 个包子,吃饱了遛弯儿去~ 
2015-02-17 14:28:00 [INFO] - 包子师傅王大壮 - 生产了一个包子 【 包子师傅王大壮_9 】 
2015-02-17 14:28:00 [INFO] - 包子师傅李雷雷 - 生产了一个包子 【 包子师傅李雷雷_10 】 
2015-02-17 14:28:00 [INFO] - 包子师傅李不胖 - 生产了一个包子 【 包子师傅李不胖_11 】 
2015-02-17 14:28:00 [INFO] - 包子师傅韩梅梅 - 生产了一个包子 【 包子师傅韩梅梅_12 】 
2015-02-17 14:28:33 [INFO] - 大爷李刚 要求上包子! 劳资TM等 1 年了！！ 
2015-02-17 14:28:33 [INFO] - 包子师傅王大壮 - 生产了一个包子 【 包子师傅王大壮_1 】 
2015-02-17 14:28:33 [INFO] - 包子师傅李雷雷 - 生产了一个包子 【 包子师傅李雷雷_2 】 
2015-02-17 14:28:33 [INFO] - 包子师傅韩梅梅 - 生产了一个包子 【 包子师傅韩梅梅_3 】 
2015-02-17 14:28:33 [WARN] - 当前拥有的生产者线程数量为 -- 0 
2015-02-17 14:28:33 [INFO] - 包子师傅李不胖 - 生产了一个包子 【 包子师傅李不胖_4 】 
2015-02-17 14:28:34 [INFO] - 大爷李刚 - 吃掉了一个包子 【包子师傅李不胖_4 】篮子里还有【3】个 
2015-02-17 14:28:34 [INFO] - 大娘王婆 - 吃掉了一个包子 【包子师傅韩梅梅_3 】篮子里还有【2】个 
2015-02-17 14:28:34 [INFO] - 大爷李刚 - 吃掉了一个包子 【包子师傅李雷雷_2 】篮子里还有【1】个 
2015-02-17 14:28:34 [INFO] - 大娘王婆 - 吃掉了一个包子 【包子师傅王大壮_1 】篮子里还有【0】个 
2015-02-17 14:28:35 [WARN] - 当前拥有的生产者线程数量为 -- 0 
2015-02-17 14:28:35 [INFO] - 大爷李刚 要求上包子! 劳资TM等 2 年了！！ 
2015-02-17 14:28:36 [INFO] - 大爷李刚 要求上包子! 劳资TM等 3 年了！！ 
2015-02-17 14:28:37 [WARN] - 当前拥有的生产者线程数量为 -- 0 
2015-02-17 14:28:37 [INFO] - 等了 3 年了还TM不给上包子！？ 不吃了！ 
2015-02-17 14:28:37 [INFO] - 大娘王婆 要求上包子! 劳资TM等 1 年了！！ 
2015-02-17 14:28:38 [INFO] - 包子师傅王大壮 - 生产了一个包子 【 包子师傅王大壮_5 】 
2015-02-17 14:28:38 [INFO] - 包子师傅李雷雷 - 生产了一个包子 【 包子师傅李雷雷_6 】 
2015-02-17 14:28:38 [INFO] - 包子师傅李不胖 - 生产了一个包子 【 包子师傅李不胖_7 】 
2015-02-17 14:28:38 [INFO] - 包子师傅韩梅梅 - 生产了一个包子 【 包子师傅韩梅梅_8 】 
2015-02-17 14:28:38 [INFO] - 大娘王婆 - 吃掉了一个包子 【包子师傅韩梅梅_8 】篮子里还有【3】个 
2015-02-17 14:28:38 [INFO] - 大娘王婆 - 今天吃了 3 个包子,吃饱了遛弯儿去~ 
2015-02-17 14:28:39 [WARN] - 当前拥有的生产者线程数量为 -- 0 
2015-02-17 14:28:41 [WARN] - 当前拥有的生产者线程数量为 -- 0 
2015-02-17 14:28:43 [INFO] - 包子师傅王大壮 - 生产了一个包子 【 包子师傅王大壮_9 】 
2015-02-17 14:28:43 [INFO] - 包子师傅李雷雷 - 生产了一个包子 【 包子师傅李雷雷_10 】 
2015-02-17 14:28:43 [INFO] - 包子师傅李不胖 - 生产了一个包子 【 包子师傅李不胖_11 】 
2015-02-17 14:28:43 [INFO] - 包子师傅韩梅梅 - 生产了一个包子 【 包子师傅韩梅梅_12 】 
2015-02-17 14:28:43 [WARN] - 当前拥有的生产者线程数量为 -- 0 
2015-02-17 14:28:45 [WARN] - 当前拥有的生产者线程数量为 -- 0 
2015-02-17 14:28:47 [WARN] - 当前拥有的生产者线程数量为 -- 0 
2015-02-17 14:28:48 [INFO] - 包子师傅王大壮 - 生产了一个包子 【 包子师傅王大壮_13 】 
2015-02-17 14:28:48 [INFO] - 包子师傅李雷雷 - 生产了一个包子 【 包子师傅李雷雷_14 】 
2015-02-17 14:28:48 [INFO] - 包子师傅李不胖 - 生产了一个包子 【 包子师傅李不胖_15 】 
2015-02-17 14:28:48 [INFO] - 包子师傅韩梅梅 - 生产了一个包子 【 包子师傅韩梅梅_16 】 
2015-02-17 14:28:49 [WARN] - 当前拥有的生产者线程数量为 -- 0 
2015-02-17 14:28:51 [WARN] - 当前拥有的生产者线程数量为 -- 0 
2015-02-17 14:28:53 [INFO] - 包子师傅王大壮 - 生产了一个包子 【 包子师傅王大壮_17 】 
2015-02-17 14:28:53 [INFO] - 包子师傅王大壮 - 今天做够 5 个包子了！回家碎觉！ 
2015-02-17 14:28:53 [INFO] - 包子师傅李雷雷 - 生产了一个包子 【 包子师傅李雷雷_18 】 
2015-02-17 14:28:53 [INFO] - 包子师傅李雷雷 - 今天做够 5 个包子了！回家碎觉！ 
2015-02-17 14:28:53 [INFO] - 包子师傅韩梅梅 - 生产了一个包子 【 包子师傅韩梅梅_19 】 
2015-02-17 14:28:53 [INFO] - 包子师傅韩梅梅 - 今天做够 5 个包子了！回家碎觉！ 
2015-02-17 14:28:53 [INFO] - 包子师傅李不胖 - 生产了一个包子 【 包子师傅李不胖_20 】 
2015-02-17 14:28:53 [INFO] - 包子师傅李不胖 - 今天做够 5 个包子了！回家碎觉！ 
2015-02-17 14:28:53 [WARN] - 当前拥有的生产者线程数量为 -- 0 
2015-02-17 14:28:55 [WARN] - 当前拥有的生产者线程数量为 -- 0 
2015-02-17 14:28:57 [WARN] - 当前拥有的生产者线程数量为 -- 0 
2015-02-17 14:31:32 [INFO] - 包子师傅王大壮 - 生产了一个包子 【 包子师傅王大壮_1 】 
2015-02-17 14:31:32 [INFO] - 包子师傅韩梅梅 - 生产了一个包子 【 包子师傅韩梅梅_2 】 
2015-02-17 14:31:32 [INFO] - 大爷李刚 - 吃掉了一个包子 【包子师傅韩梅梅_2 】篮子里还有【1】个 
2015-02-17 14:31:32 [INFO] - 大娘王婆 - 吃掉了一个包子 【包子师傅王大壮_1 】篮子里还有【0】个 
2015-02-17 14:31:32 [INFO] - 包子师傅李不胖 - 生产了一个包子 【 包子师傅李不胖_3 】 
2015-02-17 14:31:32 [WARN] - 当前拥有的生产者线程数量为 -- 4 
2015-02-17 14:31:32 [INFO] - 包子师傅李雷雷 - 生产了一个包子 【 包子师傅李雷雷_4 】 
2015-02-17 14:31:33 [INFO] - 大爷李刚 - 吃掉了一个包子 【包子师傅李雷雷_4 】篮子里还有【1】个 
2015-02-17 14:31:33 [INFO] - 大娘王婆 - 吃掉了一个包子 【包子师傅李不胖_3 】篮子里还有【0】个 
2015-02-17 14:31:33 [INFO] - 大爷李刚 要求上包子! 劳资TM等 1 年了！！ 
2015-02-17 14:31:34 [INFO] - 大爷李刚 要求上包子! 劳资TM等 2 年了！！ 
2015-02-17 14:31:34 [WARN] - 当前拥有的生产者线程数量为 -- 4 
2015-02-17 14:31:35 [INFO] - 大爷李刚 要求上包子! 劳资TM等 3 年了！！ 
2015-02-17 14:31:36 [WARN] - 当前拥有的生产者线程数量为 -- 4 
2015-02-17 14:31:36 [INFO] - 等了 3 年了还TM不给上包子！？ 不吃了！ 
2015-02-17 14:31:36 [INFO] - 大娘王婆 要求上包子! 劳资TM等 1 年了！！ 
2015-02-17 14:31:37 [INFO] - 包子师傅王大壮 - 生产了一个包子 【 包子师傅王大壮_5 】 
2015-02-17 14:31:37 [INFO] - 包子师傅韩梅梅 - 生产了一个包子 【 包子师傅韩梅梅_6 】 
2015-02-17 14:31:37 [INFO] - 包子师傅李不胖 - 生产了一个包子 【 包子师傅李不胖_7 】 
2015-02-17 14:31:37 [INFO] - 包子师傅李雷雷 - 生产了一个包子 【 包子师傅李雷雷_8 】 
2015-02-17 14:31:37 [INFO] - 大娘王婆 - 吃掉了一个包子 【包子师傅李雷雷_8 】篮子里还有【3】个 
2015-02-17 14:31:37 [INFO] - 大娘王婆 - 今天吃了 3 个包子,吃饱了遛弯儿去~ 
2015-02-17 14:31:38 [WARN] - 当前拥有的生产者线程数量为 -- 4 
2015-02-17 14:31:40 [WARN] - 当前拥有的生产者线程数量为 -- 4 
2015-02-17 14:31:42 [INFO] - 包子师傅王大壮 - 生产了一个包子 【 包子师傅王大壮_9 】 
2015-02-17 14:31:42 [INFO] - 包子师傅韩梅梅 - 生产了一个包子 【 包子师傅韩梅梅_10 】 
2015-02-17 14:31:42 [INFO] - 包子师傅李不胖 - 生产了一个包子 【 包子师傅李不胖_11 】 
2015-02-17 14:31:42 [INFO] - 包子师傅李雷雷 - 生产了一个包子 【 包子师傅李雷雷_12 】 
2015-02-17 14:31:42 [WARN] - 当前拥有的生产者线程数量为 -- 4 
2015-02-17 14:31:44 [WARN] - 当前拥有的生产者线程数量为 -- 4 
2015-02-17 14:31:46 [WARN] - 当前拥有的生产者线程数量为 -- 4 
2015-02-17 14:31:47 [INFO] - 包子师傅王大壮 - 生产了一个包子 【 包子师傅王大壮_13 】 
2015-02-17 14:31:47 [INFO] - 包子师傅韩梅梅 - 生产了一个包子 【 包子师傅韩梅梅_14 】 
2015-02-17 14:31:47 [INFO] - 包子师傅李雷雷 - 生产了一个包子 【 包子师傅李雷雷_15 】 
2015-02-17 14:31:47 [INFO] - 包子师傅李不胖 - 生产了一个包子 【 包子师傅李不胖_16 】 
2015-02-17 14:31:48 [WARN] - 当前拥有的生产者线程数量为 -- 4 
2015-02-17 14:31:50 [WARN] - 当前拥有的生产者线程数量为 -- 4 
2015-02-17 14:31:52 [INFO] - 包子师傅王大壮 - 生产了一个包子 【 包子师傅王大壮_17 】 
2015-02-17 14:31:52 [INFO] - 包子师傅王大壮 - 今天做够 5 个包子了！回家碎觉！ 
2015-02-17 14:31:52 [WARN] - 当前拥有的生产者线程数量为 -- 4 
2015-02-17 14:31:52 [INFO] - 包子师傅韩梅梅 - 生产了一个包子 【 包子师傅韩梅梅_18 】 
2015-02-17 14:31:52 [INFO] - 包子师傅韩梅梅 - 今天做够 5 个包子了！回家碎觉！ 
2015-02-17 14:31:52 [INFO] - 包子师傅李不胖 - 生产了一个包子 【 包子师傅李不胖_19 】 
2015-02-17 14:31:52 [INFO] - 包子师傅李不胖 - 今天做够 5 个包子了！回家碎觉！ 
2015-02-17 14:31:52 [INFO] - 包子师傅李雷雷 - 生产了一个包子 【 包子师傅李雷雷_20 】 
2015-02-17 14:31:52 [INFO] - 包子师傅李雷雷 - 今天做够 5 个包子了！回家碎觉！ 
2015-02-17 14:31:54 [WARN] - 当前拥有的生产者线程数量为 -- 0 
2015-02-17 14:31:56 [WARN] - 当前拥有的生产者线程数量为 -- 0 
2015-02-17 14:31:58 [WARN] - 当前拥有的生产者线程数量为 -- 0 
2015-02-17 14:34:46 [INFO] - 包子师傅王大壮 - 生产了一个包子 【 包子师傅王大壮_1 】 
2015-02-17 14:34:46 [INFO] - 大爷李刚 要求上包子! 劳资TM等 1 年了！！ 
2015-02-17 14:34:46 [INFO] - 包子师傅李雷雷 - 生产了一个包子 【 包子师傅李雷雷_2 】 
2015-02-17 14:34:46 [INFO] - 包子师傅韩梅梅 - 生产了一个包子 【 包子师傅韩梅梅_3 】 
2015-02-17 14:34:46 [WARN] - 当前拥有的生产者线程数量为 -- 3 
2015-02-17 14:34:47 [INFO] - 大爷李刚 - 吃掉了一个包子 【包子师傅韩梅梅_3 】篮子里还有【2】个 
2015-02-17 14:34:47 [INFO] - 大娘王婆 - 吃掉了一个包子 【包子师傅李雷雷_2 】篮子里还有【1】个 
2015-02-17 14:34:48 [INFO] - 大爷李刚 - 吃掉了一个包子 【包子师傅王大壮_1 】篮子里还有【0】个 
2015-02-17 14:34:48 [INFO] - 大娘王婆 要求上包子! 劳资TM等 1 年了！！ 
2015-02-17 14:34:48 [WARN] - 当前拥有的生产者线程数量为 -- 3 
2015-02-17 14:34:49 [INFO] - 大娘王婆 要求上包子! 劳资TM等 2 年了！！ 
2015-02-17 14:34:50 [INFO] - 大娘王婆 要求上包子! 劳资TM等 3 年了！！ 
2015-02-17 14:34:50 [WARN] - 当前拥有的生产者线程数量为 -- 3 
2015-02-17 14:34:51 [INFO] - 大爷李刚 要求上包子! 劳资TM等 2 年了！！ 
2015-02-17 14:34:51 [INFO] - 等了 3 年了还TM不给上包子！？ 不吃了！ 
2015-02-17 14:34:51 [INFO] - 包子师傅王大壮 - 生产了一个包子 【 包子师傅王大壮_4 】 
2015-02-17 14:34:51 [INFO] - 包子师傅李雷雷 - 生产了一个包子 【 包子师傅李雷雷_5 】 
2015-02-17 14:34:51 [INFO] - 包子师傅韩梅梅 - 生产了一个包子 【 包子师傅韩梅梅_6 】 
2015-02-17 14:34:52 [INFO] - 大爷李刚 - 吃掉了一个包子 【包子师傅韩梅梅_6 】篮子里还有【2】个 
2015-02-17 14:34:52 [INFO] - 大爷李刚 - 今天吃了 3 个包子,吃饱了遛弯儿去~ 
2015-02-17 14:34:52 [WARN] - 当前拥有的生产者线程数量为 -- 3 
2015-02-17 14:34:54 [WARN] - 当前拥有的生产者线程数量为 -- 3 
2015-02-17 14:34:56 [INFO] - 包子师傅王大壮 - 生产了一个包子 【 包子师傅王大壮_7 】 
2015-02-17 14:34:56 [INFO] - 包子师傅韩梅梅 - 生产了一个包子 【 包子师傅韩梅梅_8 】 
2015-02-17 14:34:56 [INFO] - 包子师傅李雷雷 - 生产了一个包子 【 包子师傅李雷雷_9 】 
2015-02-17 14:34:56 [WARN] - 当前拥有的生产者线程数量为 -- 3 
2015-02-17 14:34:58 [WARN] - 当前拥有的生产者线程数量为 -- 3 
2015-02-17 14:35:00 [WARN] - 当前拥有的生产者线程数量为 -- 3 
2015-02-17 14:35:01 [INFO] - 包子师傅王大壮 - 生产了一个包子 【 包子师傅王大壮_10 】 
2015-02-17 14:35:01 [INFO] - 包子师傅韩梅梅 - 生产了一个包子 【 包子师傅韩梅梅_11 】 
2015-02-17 14:35:01 [INFO] - 包子师傅李雷雷 - 生产了一个包子 【 包子师傅李雷雷_12 】 
2015-02-17 14:35:02 [WARN] - 当前拥有的生产者线程数量为 -- 3 
2015-02-17 14:35:04 [WARN] - 当前拥有的生产者线程数量为 -- 3 
2015-02-17 14:35:06 [INFO] - 包子师傅王大壮 - 生产了一个包子 【 包子师傅王大壮_13 】 
2015-02-17 14:35:06 [INFO] - 包子师傅王大壮 - 今天做够 5 个包子了！回家碎觉！ 
2015-02-17 14:35:06 [INFO] - 包子师傅韩梅梅 - 生产了一个包子 【 包子师傅韩梅梅_14 】 
2015-02-17 14:35:06 [INFO] - 包子师傅韩梅梅 - 今天做够 5 个包子了！回家碎觉！ 
2015-02-17 14:35:06 [INFO] - 包子师傅李雷雷 - 生产了一个包子 【 包子师傅李雷雷_15 】 
2015-02-17 14:35:06 [INFO] - 包子师傅李雷雷 - 今天做够 5 个包子了！回家碎觉！ 
2015-02-17 14:35:06 [WARN] - 当前拥有的生产者线程数量为 -- 0 
2015-02-17 14:35:08 [WARN] - 当前拥有的生产者线程数量为 -- 0 
2015-02-17 14:35:10 [WARN] - 当前拥有的生产者线程数量为 -- 0 
2015-02-17 14:39:42 [INFO] - 大爷李刚 要求上包子! 劳资TM等 1 年了！！ 
2015-02-17 14:39:42 [INFO] - 包子师傅王大壮 - 生产了一个包子 【 包子师傅王大壮_1 】 
2015-02-17 14:39:42 [INFO] - 包子师傅李雷雷 - 生产了一个包子 【 包子师傅李雷雷_2 】 
2015-02-17 14:39:42 [INFO] - 包子师傅韩梅梅 - 生产了一个包子 【 包子师傅韩梅梅_3 】 
2015-02-17 14:39:42 [WARN] - 当前拥有的生产者线程数量为 -- 3 
2015-02-17 14:39:43 [INFO] - 大爷李刚 - 吃掉了一个包子 【包子师傅韩梅梅_3 】篮子里还有【2】个 
2015-02-17 14:39:43 [INFO] - 大娘王婆 - 吃掉了一个包子 【包子师傅李雷雷_2 】篮子里还有【1】个 
2015-02-17 14:39:43 [INFO] - 大爷李刚 - 吃掉了一个包子 【包子师傅王大壮_1 】篮子里还有【0】个 
2015-02-17 14:39:43 [INFO] - 大娘王婆 要求上包子! 劳资TM等 1 年了！！ 
2015-02-17 14:39:44 [WARN] - 当前拥有的生产者线程数量为 -- 3 
2015-02-17 14:39:44 [INFO] - 大娘王婆 要求上包子! 劳资TM等 2 年了！！ 
2015-02-17 14:39:45 [INFO] - 大娘王婆 要求上包子! 劳资TM等 3 年了！！ 
2015-02-17 14:39:46 [WARN] - 当前拥有的生产者线程数量为 -- 3 
2015-02-17 14:39:46 [INFO] - 大爷李刚 要求上包子! 劳资TM等 2 年了！！ 
2015-02-17 14:39:46 [INFO] - 等了 3 年了还TM不给上包子！？ 不吃了！ 
2015-02-17 14:39:47 [INFO] - 包子师傅王大壮 - 生产了一个包子 【 包子师傅王大壮_4 】 
2015-02-17 14:39:47 [INFO] - 包子师傅李雷雷 - 生产了一个包子 【 包子师傅李雷雷_5 】 
2015-02-17 14:39:47 [INFO] - 包子师傅韩梅梅 - 生产了一个包子 【 包子师傅韩梅梅_6 】 
2015-02-17 14:39:47 [INFO] - 大爷李刚 - 吃掉了一个包子 【包子师傅韩梅梅_6 】篮子里还有【2】个 
2015-02-17 14:39:47 [INFO] - 大爷李刚 - 今天吃了 3 个包子,吃饱了遛弯儿去~ 
2015-02-17 14:39:48 [WARN] - 当前拥有的生产者线程数量为 -- 3 
2015-02-17 14:39:50 [WARN] - 当前拥有的生产者线程数量为 -- 3 
2015-02-17 14:41:19 [INFO] - 包子师傅王大壮 - 生产了一个包子 【 包子师傅王大壮_1 】 
2015-02-17 14:41:19 [INFO] - 大爷李刚 要求上包子! 劳资TM等 1 年了！！ 
2015-02-17 14:41:19 [INFO] - 包子师傅李雷雷 - 生产了一个包子 【 包子师傅李雷雷_2 】 
2015-02-17 14:41:19 [INFO] - 包子师傅韩梅梅 - 生产了一个包子 【 包子师傅韩梅梅_3 】 
2015-02-17 14:41:19 [WARN] - 当前拥有的生产者线程数量为 -- 3 
2015-02-17 14:41:19 [WARN] - 当前拥有的生产者线程数量为 -- 2 
2015-02-17 14:41:20 [INFO] - 大爷李刚 - 吃掉了一个包子 【包子师傅韩梅梅_3 】篮子里还有【2】个 
2015-02-17 14:41:20 [INFO] - 大娘王婆 - 吃掉了一个包子 【包子师傅李雷雷_2 】篮子里还有【1】个 
2015-02-17 14:41:20 [INFO] - 大爷李刚 - 吃掉了一个包子 【包子师傅王大壮_1 】篮子里还有【0】个 
2015-02-17 14:41:20 [INFO] - 大娘王婆 要求上包子! 劳资TM等 1 年了！！ 
2015-02-17 14:41:21 [WARN] - 当前拥有的生产者线程数量为 -- 3 
2015-02-17 14:41:21 [WARN] - 当前拥有的生产者线程数量为 -- 2 
2015-02-17 14:41:21 [INFO] - 大娘王婆 要求上包子! 劳资TM等 2 年了！！ 
2015-02-17 14:41:22 [INFO] - 大娘王婆 要求上包子! 劳资TM等 3 年了！！ 
2015-02-17 14:41:23 [WARN] - 当前拥有的生产者线程数量为 -- 3 
2015-02-17 14:41:23 [WARN] - 当前拥有的生产者线程数量为 -- 2 
2015-02-17 14:41:23 [INFO] - 大爷李刚 要求上包子! 劳资TM等 2 年了！！ 
2015-02-17 14:41:23 [INFO] - 等了 3 年了还TM不给上包子！？ 不吃了！ 
2015-02-17 14:41:24 [INFO] - 包子师傅王大壮 - 生产了一个包子 【 包子师傅王大壮_4 】 
2015-02-17 14:41:24 [INFO] - 包子师傅李雷雷 - 生产了一个包子 【 包子师傅李雷雷_5 】 
2015-02-17 14:41:24 [INFO] - 包子师傅韩梅梅 - 生产了一个包子 【 包子师傅韩梅梅_6 】 
2015-02-17 14:41:24 [INFO] - 大爷李刚 - 吃掉了一个包子 【包子师傅韩梅梅_6 】篮子里还有【2】个 
2015-02-17 14:41:24 [INFO] - 大爷李刚 - 今天吃了 3 个包子,吃饱了遛弯儿去~ 
2015-02-17 14:41:25 [WARN] - 当前拥有的生产者线程数量为 -- 3 
2015-02-17 14:41:25 [WARN] - 当前拥有的生产者线程数量为 -- 0 
2015-02-17 14:41:27 [WARN] - 当前拥有的生产者线程数量为 -- 3 
2015-02-17 14:41:27 [WARN] - 当前拥有的生产者线程数量为 -- 0 
2015-02-17 14:41:29 [INFO] - 包子师傅王大壮 - 生产了一个包子 【 包子师傅王大壮_7 】 
2015-02-17 14:41:29 [INFO] - 包子师傅李雷雷 - 生产了一个包子 【 包子师傅李雷雷_8 】 
2015-02-17 14:41:29 [INFO] - 包子师傅韩梅梅 - 生产了一个包子 【 包子师傅韩梅梅_9 】 
2015-02-17 14:41:29 [WARN] - 当前拥有的生产者线程数量为 -- 3 
2015-02-17 14:41:29 [WARN] - 当前拥有的生产者线程数量为 -- 0 
2015-02-17 14:41:31 [WARN] - 当前拥有的生产者线程数量为 -- 3 
2015-02-17 14:41:31 [WARN] - 当前拥有的生产者线程数量为 -- 0 
2015-02-17 14:43:13 [INFO] - 包子师傅韩梅梅 - 生产了一个包子 【 包子师傅韩梅梅_1 】 
2015-02-17 14:43:13 [INFO] - 大爷李刚 要求上包子! 劳资TM等 1 年了！！ 
2015-02-17 14:43:13 [WARN] - 当前拥有的 生产者线程 数量为 -- 3 
2015-02-17 14:43:13 [INFO] - 包子师傅王大壮 - 生产了一个包子 【 包子师傅王大壮_2 】 
2015-02-17 14:43:13 [INFO] - 包子师傅李雷雷 - 生产了一个包子 【 包子师傅李雷雷_3 】 
2015-02-17 14:43:13 [WARN] - 当前拥有的 消费者线程 数量为 -- 2 
2015-02-17 14:43:14 [INFO] - 大爷李刚 - 吃掉了一个包子 【包子师傅李雷雷_3 】篮子里还有【2】个 
2015-02-17 14:43:14 [INFO] - 大娘王婆 - 吃掉了一个包子 【包子师傅王大壮_2 】篮子里还有【1】个 
2015-02-17 14:43:14 [INFO] - 大爷李刚 - 吃掉了一个包子 【包子师傅韩梅梅_1 】篮子里还有【0】个 
2015-02-17 14:43:14 [INFO] - 大娘王婆 要求上包子! 劳资TM等 1 年了！！ 
2015-02-17 14:43:15 [WARN] - 当前拥有的 生产者线程 数量为 -- 3 
2015-02-17 14:43:15 [WARN] - 当前拥有的 消费者线程 数量为 -- 2 
2015-02-17 14:43:15 [INFO] - 大娘王婆 要求上包子! 劳资TM等 2 年了！！ 
2015-02-17 14:43:16 [INFO] - 大娘王婆 要求上包子! 劳资TM等 3 年了！！ 
2015-02-17 14:43:17 [WARN] - 当前拥有的 生产者线程 数量为 -- 3 
2015-02-17 14:43:17 [WARN] - 当前拥有的 消费者线程 数量为 -- 2 
2015-02-17 14:43:17 [INFO] - 等了 3 年了还TM不给上包子！？ 不吃了！ 
2015-02-17 14:43:17 [INFO] - 大爷李刚 要求上包子! 劳资TM等 2 年了！！ 
2015-02-17 14:43:18 [INFO] - 包子师傅韩梅梅 - 生产了一个包子 【 包子师傅韩梅梅_4 】 
2015-02-17 14:43:18 [INFO] - 包子师傅李雷雷 - 生产了一个包子 【 包子师傅李雷雷_5 】 
2015-02-17 14:43:18 [INFO] - 包子师傅王大壮 - 生产了一个包子 【 包子师傅王大壮_6 】 
2015-02-17 14:43:18 [INFO] - 大爷李刚 - 吃掉了一个包子 【包子师傅王大壮_6 】篮子里还有【2】个 
2015-02-17 14:43:18 [INFO] - 大爷李刚 - 今天吃了 3 个包子,吃饱了遛弯儿去~ 
2015-02-17 14:43:19 [WARN] - 当前拥有的 生产者线程 数量为 -- 3 
2015-02-17 14:43:19 [WARN] - 当前拥有的 消费者线程 数量为 -- 0 
2015-02-17 14:43:21 [WARN] - 当前拥有的 生产者线程 数量为 -- 3 
2015-02-17 14:43:21 [WARN] - 当前拥有的 消费者线程 数量为 -- 0 
2015-02-17 14:43:23 [INFO] - 包子师傅韩梅梅 - 生产了一个包子 【 包子师傅韩梅梅_7 】 
2015-02-17 14:43:23 [INFO] - 包子师傅李雷雷 - 生产了一个包子 【 包子师傅李雷雷_8 】 
2015-02-17 14:43:23 [INFO] - 包子师傅王大壮 - 生产了一个包子 【 包子师傅王大壮_9 】 
2015-02-17 14:43:23 [WARN] - 当前拥有的 生产者线程 数量为 -- 3 
2015-02-17 14:43:23 [WARN] - 当前拥有的 消费者线程 数量为 -- 0 
2015-02-17 14:43:25 [WARN] - 当前拥有的 生产者线程 数量为 -- 3 
2015-02-17 14:43:25 [WARN] - 当前拥有的 消费者线程 数量为 -- 0 
2015-02-17 14:43:27 [WARN] - 当前拥有的 生产者线程 数量为 -- 3 
2015-02-17 14:43:27 [WARN] - 当前拥有的 消费者线程 数量为 -- 0 
2015-02-17 14:43:28 [INFO] - 包子师傅韩梅梅 - 生产了一个包子 【 包子师傅韩梅梅_10 】 
2015-02-17 14:43:28 [INFO] - 包子师傅李雷雷 - 生产了一个包子 【 包子师傅李雷雷_11 】 
2015-02-17 14:43:28 [INFO] - 包子师傅王大壮 - 生产了一个包子 【 包子师傅王大壮_12 】 
2015-02-17 14:43:29 [WARN] - 当前拥有的 生产者线程 数量为 -- 3 
2015-02-17 14:43:29 [WARN] - 当前拥有的 消费者线程 数量为 -- 0 
2015-02-17 14:43:31 [WARN] - 当前拥有的 生产者线程 数量为 -- 3 
2015-02-17 14:43:31 [WARN] - 当前拥有的 消费者线程 数量为 -- 0 
2015-02-17 14:43:33 [INFO] - 包子师傅韩梅梅 - 生产了一个包子 【 包子师傅韩梅梅_13 】 
2015-02-17 14:43:33 [INFO] - 包子师傅韩梅梅 - 今天做够 5 个包子了！回家碎觉！ 
2015-02-17 14:43:33 [INFO] - 包子师傅李雷雷 - 生产了一个包子 【 包子师傅李雷雷_14 】 
2015-02-17 14:43:33 [INFO] - 包子师傅李雷雷 - 今天做够 5 个包子了！回家碎觉！ 
2015-02-17 14:43:33 [INFO] - 包子师傅王大壮 - 生产了一个包子 【 包子师傅王大壮_15 】 
2015-02-17 14:43:33 [INFO] - 包子师傅王大壮 - 今天做够 5 个包子了！回家碎觉！ 
2015-02-17 14:43:33 [WARN] - 当前拥有的 生产者线程 数量为 -- 0 
2015-02-17 14:43:33 [WARN] - 当前拥有的 消费者线程 数量为 -- 0 
2015-02-17 14:43:35 [WARN] - 当前拥有的 生产者线程 数量为 -- 0 
2015-02-17 14:43:35 [WARN] - 当前拥有的 消费者线程 数量为 -- 0 
2015-02-17 14:43:37 [WARN] - 当前拥有的 生产者线程 数量为 -- 0 
2015-02-17 14:43:37 [WARN] - 当前拥有的 消费者线程 数量为 -- 0 
2015-02-17 14:43:39 [WARN] - 当前拥有的 生产者线程 数量为 -- 0 
2015-02-17 14:43:39 [WARN] - 当前拥有的 消费者线程 数量为 -- 0 
2015-02-17 14:43:41 [WARN] - 当前拥有的 生产者线程 数量为 -- 0 
2015-02-17 14:43:41 [WARN] - 当前拥有的 消费者线程 数量为 -- 0 
2015-02-17 14:43:43 [WARN] - 当前拥有的 生产者线程 数量为 -- 0 
2015-02-17 14:43:43 [WARN] - 当前拥有的 消费者线程 数量为 -- 0 
2015-02-17 14:53:55 [INFO] - 包子师傅王大壮 - 生产了一个包子 【 包子师傅王大壮_1 】 
2015-02-17 14:53:55 [INFO] - 大爷李刚 要求上包子! 劳资TM等 1 年了！！ 
2015-02-17 14:53:55 [INFO] - 包子师傅李雷雷 - 生产了一个包子 【 包子师傅李雷雷_2 】 
2015-02-17 14:53:55 [INFO] - 包子师傅韩梅梅 - 生产了一个包子 【 包子师傅韩梅梅_3 】 
2015-02-17 14:53:56 [INFO] - 大爷李刚 - 吃掉了一个包子 【包子师傅韩梅梅_3 】篮子里还有【2】个 
2015-02-17 14:53:56 [INFO] - 大娘王婆 - 吃掉了一个包子 【包子师傅李雷雷_2 】篮子里还有【1】个 
2015-02-17 14:53:56 [INFO] - 大爷李刚 - 吃掉了一个包子 【包子师傅王大壮_1 】篮子里还有【0】个 
2015-02-17 14:53:56 [INFO] - 大娘王婆 要求上包子! 劳资TM等 1 年了！！ 
2015-02-17 14:54:40 [INFO] - 大爷李刚 要求上包子! 劳资TM等 1 年了！！ 
2015-02-17 14:54:40 [INFO] - 包子师傅王大壮 - 生产了一个包子 【 包子师傅王大壮_1 】 
2015-02-17 14:54:40 [INFO] - 包子师傅韩梅梅 - 生产了一个包子 【 包子师傅韩梅梅_2 】 
2015-02-17 14:54:40 [INFO] - 包子师傅李雷雷 - 生产了一个包子 【 包子师傅李雷雷_3 】 
2015-02-17 14:54:41 [INFO] - 大爷李刚 - 吃掉了一个包子 【包子师傅李雷雷_3 】篮子里还有【2】个 
2015-02-17 14:54:41 [INFO] - 大娘王婆 - 吃掉了一个包子 【包子师傅韩梅梅_2 】篮子里还有【1】个 
2015-02-17 14:54:41 [INFO] - 大爷李刚 - 吃掉了一个包子 【包子师傅王大壮_1 】篮子里还有【0】个 
2015-02-17 14:54:41 [INFO] - 大娘王婆 要求上包子! 劳资TM等 1 年了！！ 
2015-02-17 14:54:42 [INFO] - 大娘王婆 要求上包子! 劳资TM等 2 年了！！ 
2015-02-17 14:54:43 [INFO] - 大娘王婆 要求上包子! 劳资TM等 3 年了！！ 
2015-02-17 14:54:44 [INFO] - 大爷李刚 要求上包子! 劳资TM等 2 年了！！ 
2015-02-17 14:54:44 [INFO] - 等了 3 年了还TM不给上包子！？ 不吃了！ 
2015-02-17 14:54:45 [INFO] - 包子师傅王大壮 - 生产了一个包子 【 包子师傅王大壮_4 】 
2015-02-17 14:54:45 [INFO] - 包子师傅李雷雷 - 生产了一个包子 【 包子师傅李雷雷_5 】 
2015-02-17 14:54:45 [INFO] - 包子师傅韩梅梅 - 生产了一个包子 【 包子师傅韩梅梅_6 】 
2015-02-17 14:54:45 [INFO] - 大爷李刚 - 吃掉了一个包子 【包子师傅韩梅梅_6 】篮子里还有【2】个 
2015-02-17 14:54:45 [INFO] - 大爷李刚 - 今天吃了 3 个包子,吃饱了遛弯儿去~ 
2015-02-17 14:56:31 [INFO] - 包子师傅王大壮 - 生产了一个包子 【 包子师傅王大壮_1 】 
2015-02-17 14:56:31 [WARN] - 当前拥有的 生产者线程组 数量为 -- 3 
2015-02-17 14:56:31 [INFO] - 大爷李刚 要求上包子! 劳资TM等 1 年了！！ 
2015-02-17 14:56:31 [WARN] - 当前拥有的 消费者线程组 数量为 -- 2 
2015-02-17 14:56:31 [INFO] - 包子师傅韩梅梅 - 生产了一个包子 【 包子师傅韩梅梅_2 】 
2015-02-17 14:56:31 [INFO] - 包子师傅李雷雷 - 生产了一个包子 【 包子师傅李雷雷_3 】 
2015-02-17 14:56:32 [INFO] - 大爷李刚 - 吃掉了一个包子 【包子师傅李雷雷_3 】篮子里还有【2】个 
2015-02-17 14:56:32 [INFO] - 大娘王婆 - 吃掉了一个包子 【包子师傅韩梅梅_2 】篮子里还有【1】个 
2015-02-17 14:56:32 [INFO] - 大爷李刚 - 吃掉了一个包子 【包子师傅王大壮_1 】篮子里还有【0】个 
2015-02-17 14:56:32 [INFO] - 大娘王婆 要求上包子! 劳资TM等 1 年了！！ 
2015-02-17 14:56:33 [WARN] - 当前拥有的 生产者线程组 数量为 -- 3 
2015-02-17 14:56:33 [WARN] - 当前拥有的 消费者线程组 数量为 -- 2 
2015-02-17 14:56:33 [INFO] - 大娘王婆 要求上包子! 劳资TM等 2 年了！！ 
2015-02-17 14:56:34 [INFO] - 大娘王婆 要求上包子! 劳资TM等 3 年了！！ 
2015-02-17 14:56:35 [WARN] - 当前拥有的 生产者线程组 数量为 -- 3 
2015-02-17 14:56:35 [WARN] - 当前拥有的 消费者线程组 数量为 -- 2 
2015-02-17 14:56:35 [INFO] - 等了 3 年了还TM不给上包子！？ 不吃了！ 
2015-02-17 14:56:35 [INFO] - 大爷李刚 要求上包子! 劳资TM等 2 年了！！ 
2015-02-17 14:56:36 [INFO] - 包子师傅王大壮 - 生产了一个包子 【 包子师傅王大壮_4 】 
2015-02-17 14:56:36 [INFO] - 包子师傅韩梅梅 - 生产了一个包子 【 包子师傅韩梅梅_5 】 
2015-02-17 14:56:36 [INFO] - 包子师傅李雷雷 - 生产了一个包子 【 包子师傅李雷雷_6 】 
2015-02-17 14:56:36 [INFO] - 大爷李刚 - 吃掉了一个包子 【包子师傅李雷雷_6 】篮子里还有【2】个 
2015-02-17 14:56:36 [INFO] - 大爷李刚 - 今天吃了 3 个包子,吃饱了遛弯儿去~ 
2015-02-17 14:56:37 [WARN] - 当前拥有的 生产者线程组 数量为 -- 3 
2015-02-17 14:56:37 [WARN] - 当前拥有的 消费者线程组 数量为 -- 0 
2015-02-17 14:56:39 [WARN] - 当前拥有的 生产者线程组 数量为 -- 3 
2015-02-17 14:56:39 [WARN] - 当前拥有的 消费者线程组 数量为 -- 0 
2015-02-17 15:00:14 [INFO] - 大爷李刚 要求上包子! 劳资TM等 1 年了！！ 
2015-02-17 15:00:14 [WARN] - 当前拥有的 生产者线程组 数量为 -- 3 
2015-02-17 15:00:14 [INFO] - 包子师傅王大壮 - 生产了一个包子 【 包子师傅王大壮_1 】 
2015-02-17 15:00:14 [WARN] - 当前拥有的 消费者线程组 数量为 -- 2 
2015-02-17 15:00:14 [INFO] - 包子师傅李雷雷 - 生产了一个包子 【 包子师傅李雷雷_2 】 
2015-02-17 15:00:14 [INFO] - 包子师傅韩梅梅 - 生产了一个包子 【 包子师傅韩梅梅_3 】 
2015-02-17 15:00:15 [INFO] - 大爷李刚 - 吃掉了一个包子 【包子师傅韩梅梅_3 】篮子里还有【2】个 
2015-02-17 15:00:15 [INFO] - 大娘王婆 - 吃掉了一个包子 【包子师傅李雷雷_2 】篮子里还有【1】个 
2015-02-17 15:00:15 [INFO] - 大爷李刚 - 吃掉了一个包子 【包子师傅王大壮_1 】篮子里还有【0】个 
2015-02-17 15:00:15 [INFO] - 大娘王婆 要求上包子! 劳资TM等 1 年了！！ 
2015-02-17 15:00:16 [WARN] - 当前拥有的 生产者线程组 数量为 -- 3 
2015-02-17 15:00:16 [WARN] - 当前拥有的 消费者线程组 数量为 -- 2 
2015-02-17 15:00:16 [INFO] - 大娘王婆 要求上包子! 劳资TM等 2 年了！！ 
2015-02-17 15:00:17 [INFO] - 大娘王婆 要求上包子! 劳资TM等 3 年了！！ 
2015-02-17 15:00:18 [WARN] - 当前拥有的 生产者线程组 数量为 -- 3 
2015-02-17 15:00:18 [WARN] - 当前拥有的 消费者线程组 数量为 -- 2 
2015-02-17 15:00:18 [INFO] - 等了 3 年了还TM不给上包子！？ 不吃了！ 
2015-02-17 15:00:18 [INFO] - 大爷李刚 要求上包子! 劳资TM等 2 年了！！ 
2015-02-17 15:00:19 [INFO] - 包子师傅王大壮 - 生产了一个包子 【 包子师傅王大壮_4 】 
2015-02-17 15:00:19 [INFO] - 包子师傅李雷雷 - 生产了一个包子 【 包子师傅李雷雷_5 】 
2015-02-17 15:00:19 [INFO] - 包子师傅韩梅梅 - 生产了一个包子 【 包子师傅韩梅梅_6 】 
2015-02-17 15:00:19 [INFO] - 大爷李刚 - 吃掉了一个包子 【包子师傅韩梅梅_6 】篮子里还有【2】个 
2015-02-17 15:00:20 [WARN] - 当前拥有的 生产者线程组 数量为 -- 3 
2015-02-17 15:00:20 [WARN] - 当前拥有的 消费者线程组 数量为 -- 1 
2015-02-17 15:00:20 [INFO] - 大爷李刚 - 吃掉了一个包子 【包子师傅李雷雷_5 】篮子里还有【1】个 
2015-02-17 15:00:20 [INFO] - 大爷李刚 - 今天吃了 4 个包子,吃饱了遛弯儿去~ 
2015-02-17 15:00:22 [WARN] - 当前拥有的 生产者线程组 数量为 -- 3 
2015-02-17 15:00:22 [WARN] - 当前拥有的 消费者线程组 数量为 -- 0 
2015-02-17 15:00:24 [INFO] - 包子师傅王大壮 - 生产了一个包子 【 包子师傅王大壮_7 】 
2015-02-17 15:00:24 [INFO] - 包子师傅李雷雷 - 生产了一个包子 【 包子师傅李雷雷_8 】 
2015-02-17 15:00:24 [INFO] - 包子师傅韩梅梅 - 生产了一个包子 【 包子师傅韩梅梅_9 】 
2015-02-17 15:00:24 [WARN] - 当前拥有的 生产者线程组 数量为 -- 3 
2015-02-17 15:00:24 [WARN] - 当前拥有的 消费者线程组 数量为 -- 0 
2015-02-17 15:00:26 [WARN] - 当前拥有的 生产者线程组 数量为 -- 3 
2015-02-17 15:00:26 [WARN] - 当前拥有的 消费者线程组 数量为 -- 0 
2015-02-17 15:00:28 [WARN] - 当前拥有的 生产者线程组 数量为 -- 3 
2015-02-17 15:00:28 [WARN] - 当前拥有的 消费者线程组 数量为 -- 0 
2015-02-17 15:00:29 [INFO] - 包子师傅王大壮 - 生产了一个包子 【 包子师傅王大壮_10 】 
2015-02-17 15:00:29 [INFO] - 包子师傅李雷雷 - 生产了一个包子 【 包子师傅李雷雷_11 】 
2015-02-17 15:00:29 [INFO] - 包子师傅韩梅梅 - 生产了一个包子 【 包子师傅韩梅梅_12 】 
2015-02-17 15:00:30 [WARN] - 当前拥有的 生产者线程组 数量为 -- 3 
2015-02-17 15:00:30 [WARN] - 当前拥有的 消费者线程组 数量为 -- 0 
2015-02-17 15:00:32 [WARN] - 当前拥有的 生产者线程组 数量为 -- 3 
2015-02-17 15:00:32 [WARN] - 当前拥有的 消费者线程组 数量为 -- 0 
2015-02-17 15:00:34 [INFO] - 包子师傅王大壮 - 生产了一个包子 【 包子师傅王大壮_13 】 
2015-02-17 15:00:34 [INFO] - 包子师傅王大壮 - 今天做够 5 个包子了！回家碎觉！ 
2015-02-17 15:00:34 [INFO] - 包子师傅李雷雷 - 生产了一个包子 【 包子师傅李雷雷_14 】 
2015-02-17 15:00:34 [INFO] - 包子师傅李雷雷 - 今天做够 5 个包子了！回家碎觉！ 
2015-02-17 15:00:34 [INFO] - 包子师傅韩梅梅 - 生产了一个包子 【 包子师傅韩梅梅_15 】 
2015-02-17 15:00:34 [INFO] - 包子师傅韩梅梅 - 今天做够 5 个包子了！回家碎觉！ 
2015-02-17 15:00:34 [WARN] - 当前拥有的 生产者线程组 数量为 -- 0 
2015-02-17 15:00:34 [WARN] - 当前拥有的 消费者线程组 数量为 -- 0 
2015-02-17 15:00:36 [WARN] - 当前拥有的 生产者线程组 数量为 -- 0 
2015-02-17 15:00:36 [WARN] - 当前拥有的 消费者线程组 数量为 -- 0 
2015-02-17 15:00:38 [WARN] - 当前拥有的 生产者线程组 数量为 -- 0 
2015-02-17 15:00:38 [WARN] - 当前拥有的 消费者线程组 数量为 -- 0 
2015-02-17 15:00:40 [WARN] - 当前拥有的 生产者线程组 数量为 -- 0 
2015-02-17 15:00:40 [WARN] - 当前拥有的 消费者线程组 数量为 -- 0 
2015-02-17 15:00:42 [WARN] - 当前拥有的 生产者线程组 数量为 -- 0 
2015-02-17 15:00:42 [WARN] - 当前拥有的 消费者线程组 数量为 -- 0 
2015-02-17 15:00:44 [WARN] - 当前拥有的 生产者线程组 数量为 -- 0 
2015-02-17 15:00:44 [WARN] - 当前拥有的 消费者线程组 数量为 -- 0 
2015-02-17 15:00:46 [WARN] - 当前拥有的 生产者线程组 数量为 -- 0 
2015-02-17 15:00:46 [WARN] - 当前拥有的 消费者线程组 数量为 -- 0 
2015-02-17 15:00:48 [WARN] - 当前拥有的 生产者线程组 数量为 -- 0 
2015-02-17 15:00:48 [WARN] - 当前拥有的 消费者线程组 数量为 -- 0 
2015-02-17 15:00:50 [WARN] - 当前拥有的 生产者线程组 数量为 -- 0 
2015-02-17 15:00:50 [WARN] - 当前拥有的 消费者线程组 数量为 -- 0 
2015-02-17 15:00:52 [WARN] - 当前拥有的 生产者线程组 数量为 -- 0 
2015-02-17 15:00:52 [WARN] - 当前拥有的 消费者线程组 数量为 -- 0 
2015-02-17 15:00:54 [WARN] - 当前拥有的 生产者线程组 数量为 -- 0 
2015-02-17 15:00:54 [WARN] - 当前拥有的 消费者线程组 数量为 -- 0 
2015-02-17 15:00:56 [WARN] - 当前拥有的 生产者线程组 数量为 -- 0 
2015-02-17 15:00:56 [WARN] - 当前拥有的 消费者线程组 数量为 -- 0 
2015-02-17 15:00:58 [WARN] - 当前拥有的 生产者线程组 数量为 -- 0 
2015-02-17 15:00:58 [WARN] - 当前拥有的 消费者线程组 数量为 -- 0 
2015-02-17 15:01:00 [WARN] - 当前拥有的 生产者线程组 数量为 -- 0 
2015-02-17 15:01:00 [WARN] - 当前拥有的 消费者线程组 数量为 -- 0 
2015-02-17 15:01:02 [WARN] - 当前拥有的 生产者线程组 数量为 -- 0 
2015-02-17 15:01:02 [WARN] - 当前拥有的 消费者线程组 数量为 -- 0 
2015-02-17 15:01:04 [WARN] - 当前拥有的 生产者线程组 数量为 -- 0 
2015-02-17 15:01:04 [WARN] - 当前拥有的 消费者线程组 数量为 -- 0 
2015-02-17 15:01:06 [WARN] - 当前拥有的 生产者线程组 数量为 -- 0 
2015-02-17 15:01:06 [WARN] - 当前拥有的 消费者线程组 数量为 -- 0 
2015-02-17 15:01:08 [WARN] - 当前拥有的 生产者线程组 数量为 -- 0 
2015-02-17 15:01:08 [WARN] - 当前拥有的 消费者线程组 数量为 -- 0 
2015-02-17 15:01:10 [WARN] - 当前拥有的 生产者线程组 数量为 -- 0 
2015-02-17 15:01:10 [WARN] - 当前拥有的 消费者线程组 数量为 -- 0 
2015-02-17 15:01:12 [WARN] - 当前拥有的 生产者线程组 数量为 -- 0 
2015-02-17 15:01:12 [WARN] - 当前拥有的 消费者线程组 数量为 -- 0 
2015-02-17 15:01:14 [WARN] - 当前拥有的 生产者线程组 数量为 -- 0 
2015-02-17 15:01:14 [WARN] - 当前拥有的 消费者线程组 数量为 -- 0 
2015-02-17 15:01:16 [WARN] - 当前拥有的 生产者线程组 数量为 -- 0 
2015-02-17 15:01:16 [WARN] - 当前拥有的 消费者线程组 数量为 -- 0 
2015-02-17 15:01:18 [WARN] - 当前拥有的 生产者线程组 数量为 -- 0 
2015-02-17 15:01:18 [WARN] - 当前拥有的 消费者线程组 数量为 -- 0 
2015-02-17 15:01:20 [WARN] - 当前拥有的 生产者线程组 数量为 -- 0 
2015-02-17 15:01:20 [WARN] - 当前拥有的 消费者线程组 数量为 -- 0 
2015-02-17 15:01:22 [WARN] - 当前拥有的 生产者线程组 数量为 -- 0 
2015-02-17 15:01:22 [WARN] - 当前拥有的 消费者线程组 数量为 -- 0 
2015-02-17 15:01:23 [WARN] - 当前拥有的 生产者线程组 数量为 -- 3 
2015-02-17 15:01:23 [INFO] - 大爷李刚 要求上包子! 劳资TM等 1 年了！！ 
2015-02-17 15:01:23 [INFO] - 包子师傅王大壮 - 生产了一个包子 【 包子师傅王大壮_1 】 
2015-02-17 15:01:23 [WARN] - 当前拥有的 消费者线程组 数量为 -- 2 
2015-02-17 15:01:23 [INFO] - 包子师傅李雷雷 - 生产了一个包子 【 包子师傅李雷雷_2 】 
2015-02-17 15:01:23 [INFO] - 包子师傅韩梅梅 - 生产了一个包子 【 包子师傅韩梅梅_3 】 
2015-02-17 15:01:24 [WARN] - 当前拥有的 生产者线程组 数量为 -- 0 
2015-02-17 15:01:24 [WARN] - 当前拥有的 消费者线程组 数量为 -- 0 
2015-02-17 15:01:24 [INFO] - 大爷李刚 - 吃掉了一个包子 【包子师傅韩梅梅_3 】篮子里还有【2】个 
2015-02-17 15:01:24 [INFO] - 大娘王婆 - 吃掉了一个包子 【包子师傅李雷雷_2 】篮子里还有【1】个 
2015-02-17 15:01:26 [WARN] - 当前拥有的 生产者线程组 数量为 -- 0 
2015-02-17 15:01:26 [WARN] - 当前拥有的 消费者线程组 数量为 -- 0 
2015-02-17 15:01:28 [WARN] - 当前拥有的 生产者线程组 数量为 -- 0 
2015-02-17 15:01:28 [WARN] - 当前拥有的 消费者线程组 数量为 -- 0 
2015-02-17 15:01:30 [WARN] - 当前拥有的 生产者线程组 数量为 -- 0 
2015-02-17 15:01:30 [WARN] - 当前拥有的 消费者线程组 数量为 -- 0 
2015-02-17 15:01:33 [INFO] - 大爷李刚 要求上包子! 劳资TM等 1 年了！！ 
2015-02-17 15:01:33 [INFO] - 包子师傅王大壮 - 生产了一个包子 【 包子师傅王大壮_1 】 
2015-02-17 15:01:33 [INFO] - 包子师傅李雷雷 - 生产了一个包子 【 包子师傅李雷雷_2 】 
2015-02-17 15:01:33 [WARN] - 当前拥有的 生产者线程组 数量为 -- 3 
2015-02-17 15:01:33 [INFO] - 包子师傅韩梅梅 - 生产了一个包子 【 包子师傅韩梅梅_3 】 
2015-02-17 15:01:33 [WARN] - 当前拥有的 消费者线程组 数量为 -- 2 
2015-02-17 15:01:34 [INFO] - 大爷李刚 - 吃掉了一个包子 【包子师傅韩梅梅_3 】篮子里还有【2】个 
2015-02-17 15:01:34 [INFO] - 大娘王婆 - 吃掉了一个包子 【包子师傅李雷雷_2 】篮子里还有【1】个 
2015-02-17 15:01:34 [INFO] - 大爷李刚 - 吃掉了一个包子 【包子师傅王大壮_1 】篮子里还有【0】个 
2015-02-17 15:01:34 [INFO] - 大娘王婆 要求上包子! 劳资TM等 1 年了！！ 
2015-02-17 15:01:35 [WARN] - 当前拥有的 生产者线程组 数量为 -- 3 
2015-02-17 15:01:35 [WARN] - 当前拥有的 消费者线程组 数量为 -- 2 
2015-02-17 15:01:35 [INFO] - 大娘王婆 要求上包子! 劳资TM等 2 年了！！ 
2015-02-17 15:01:36 [INFO] - 大娘王婆 要求上包子! 劳资TM等 3 年了！！ 
2015-02-17 15:01:37 [WARN] - 当前拥有的 生产者线程组 数量为 -- 3 
2015-02-17 15:01:37 [WARN] - 当前拥有的 消费者线程组 数量为 -- 2 
2015-02-17 15:01:37 [INFO] - 等了 3 年了还TM不给上包子！？ 不吃了！ 
2015-02-17 15:01:37 [INFO] - 大爷李刚 要求上包子! 劳资TM等 1 年了！！ 
2015-02-17 15:01:38 [INFO] - 包子师傅王大壮 - 生产了一个包子 【 包子师傅王大壮_4 】 
2015-02-17 15:01:38 [INFO] - 包子师傅李雷雷 - 生产了一个包子 【 包子师傅李雷雷_5 】 
2015-02-17 15:01:38 [INFO] - 包子师傅韩梅梅 - 生产了一个包子 【 包子师傅韩梅梅_6 】 
2015-02-17 15:01:38 [INFO] - 大爷李刚 - 吃掉了一个包子 【包子师傅韩梅梅_6 】篮子里还有【2】个 
2015-02-17 15:01:39 [WARN] - 当前拥有的 生产者线程组 数量为 -- 3 
2015-02-17 15:01:39 [WARN] - 当前拥有的 消费者线程组 数量为 -- 1 
2015-02-17 15:01:39 [INFO] - 大爷李刚 - 吃掉了一个包子 【包子师傅李雷雷_5 】篮子里还有【1】个 
2015-02-17 15:01:39 [INFO] - 大爷李刚 - 今天吃了 4 个包子,吃饱了遛弯儿去~ 
2015-02-17 15:01:41 [WARN] - 当前拥有的 生产者线程组 数量为 -- 3 
2015-02-17 15:01:41 [WARN] - 当前拥有的 消费者线程组 数量为 -- 0 
2015-02-17 15:01:43 [INFO] - 包子师傅王大壮 - 生产了一个包子 【 包子师傅王大壮_7 】 
2015-02-17 15:01:43 [INFO] - 包子师傅李雷雷 - 生产了一个包子 【 包子师傅李雷雷_8 】 
2015-02-17 15:01:43 [INFO] - 包子师傅韩梅梅 - 生产了一个包子 【 包子师傅韩梅梅_9 】 
2015-02-17 15:01:43 [WARN] - 当前拥有的 生产者线程组 数量为 -- 3 
2015-02-17 15:01:43 [WARN] - 当前拥有的 消费者线程组 数量为 -- 0 
2015-02-17 15:01:45 [WARN] - 当前拥有的 生产者线程组 数量为 -- 3 
2015-02-17 15:01:45 [WARN] - 当前拥有的 消费者线程组 数量为 -- 0 
2015-02-17 15:01:47 [WARN] - 当前拥有的 生产者线程组 数量为 -- 3 
2015-02-17 15:01:47 [WARN] - 当前拥有的 消费者线程组 数量为 -- 0 
2015-02-17 15:01:48 [INFO] - 包子师傅王大壮 - 生产了一个包子 【 包子师傅王大壮_10 】 
2015-02-17 15:01:48 [INFO] - 包子师傅李雷雷 - 生产了一个包子 【 包子师傅李雷雷_11 】 
2015-02-17 15:01:48 [INFO] - 包子师傅韩梅梅 - 生产了一个包子 【 包子师傅韩梅梅_12 】 
2015-02-17 15:01:49 [WARN] - 当前拥有的 生产者线程组 数量为 -- 3 
2015-02-17 15:01:49 [WARN] - 当前拥有的 消费者线程组 数量为 -- 0 
2015-02-17 15:01:51 [WARN] - 当前拥有的 生产者线程组 数量为 -- 3 
2015-02-17 15:01:51 [WARN] - 当前拥有的 消费者线程组 数量为 -- 0 
2015-02-17 15:01:53 [INFO] - 包子师傅王大壮 - 生产了一个包子 【 包子师傅王大壮_13 】 
2015-02-17 15:01:53 [INFO] - 包子师傅王大壮 - 今天做够 5 个包子了！回家碎觉！ 
2015-02-17 15:01:53 [INFO] - 包子师傅李雷雷 - 生产了一个包子 【 包子师傅李雷雷_14 】 
2015-02-17 15:01:53 [INFO] - 包子师傅李雷雷 - 今天做够 5 个包子了！回家碎觉！ 
2015-02-17 15:01:53 [INFO] - 包子师傅韩梅梅 - 生产了一个包子 【 包子师傅韩梅梅_15 】 
2015-02-17 15:01:53 [INFO] - 包子师傅韩梅梅 - 今天做够 5 个包子了！回家碎觉！ 
2015-02-17 15:01:53 [WARN] - 当前拥有的 生产者线程组 数量为 -- 0 
2015-02-17 15:01:53 [WARN] - 当前拥有的 消费者线程组 数量为 -- 0 
2015-02-17 15:01:55 [WARN] - 当前拥有的 生产者线程组 数量为 -- 0 
2015-02-17 15:01:55 [WARN] - 当前拥有的 消费者线程组 数量为 -- 0 
2015-02-17 15:01:57 [WARN] - 当前拥有的 生产者线程组 数量为 -- 0 
2015-02-17 15:01:57 [WARN] - 当前拥有的 消费者线程组 数量为 -- 0 
2015-02-17 15:01:59 [WARN] - 当前拥有的 生产者线程组 数量为 -- 0 
2015-02-17 15:01:59 [WARN] - 当前拥有的 消费者线程组 数量为 -- 0 
2015-02-17 15:02:01 [WARN] - 当前拥有的 生产者线程组 数量为 -- 0 
2015-02-17 15:02:01 [WARN] - 当前拥有的 消费者线程组 数量为 -- 0 
2015-02-17 15:02:03 [WARN] - 当前拥有的 生产者线程组 数量为 -- 0 
2015-02-17 15:02:03 [WARN] - 当前拥有的 消费者线程组 数量为 -- 0 
2015-02-17 15:02:05 [WARN] - 当前拥有的 生产者线程组 数量为 -- 0 
2015-02-17 15:02:05 [WARN] - 当前拥有的 消费者线程组 数量为 -- 0 
2015-02-17 15:02:07 [WARN] - 当前拥有的 生产者线程组 数量为 -- 0 
2015-02-17 15:02:07 [WARN] - 当前拥有的 消费者线程组 数量为 -- 0 
2015-02-17 15:02:09 [WARN] - 当前拥有的 生产者线程组 数量为 -- 0 
2015-02-17 15:02:09 [WARN] - 当前拥有的 消费者线程组 数量为 -- 0 
2015-02-17 15:02:11 [WARN] - 当前拥有的 生产者线程组 数量为 -- 0 
2015-02-17 15:02:11 [WARN] - 当前拥有的 消费者线程组 数量为 -- 0 
2015-02-17 15:02:13 [WARN] - 当前拥有的 生产者线程组 数量为 -- 0 
2015-02-17 15:02:13 [WARN] - 当前拥有的 消费者线程组 数量为 -- 0 
2015-02-17 15:02:15 [WARN] - 当前拥有的 生产者线程组 数量为 -- 0 
2015-02-17 15:02:15 [WARN] - 当前拥有的 消费者线程组 数量为 -- 0 
2015-02-17 15:02:17 [WARN] - 当前拥有的 生产者线程组 数量为 -- 0 
2015-02-17 15:02:17 [WARN] - 当前拥有的 消费者线程组 数量为 -- 0 
2015-02-17 15:02:19 [WARN] - 当前拥有的 生产者线程组 数量为 -- 0 
2015-02-17 15:02:19 [WARN] - 当前拥有的 消费者线程组 数量为 -- 0 
2015-02-17 15:02:21 [WARN] - 当前拥有的 生产者线程组 数量为 -- 0 
2015-02-17 15:02:21 [WARN] - 当前拥有的 消费者线程组 数量为 -- 0 
2015-02-17 15:02:23 [WARN] - 当前拥有的 生产者线程组 数量为 -- 0 
2015-02-17 15:02:23 [WARN] - 当前拥有的 消费者线程组 数量为 -- 0 
2015-02-17 15:02:25 [WARN] - 当前拥有的 生产者线程组 数量为 -- 0 
2015-02-17 15:02:25 [WARN] - 当前拥有的 消费者线程组 数量为 -- 0 
2015-02-17 15:02:27 [WARN] - 当前拥有的 生产者线程组 数量为 -- 0 
2015-02-17 15:02:27 [WARN] - 当前拥有的 消费者线程组 数量为 -- 0 
2015-02-17 15:02:29 [WARN] - 当前拥有的 生产者线程组 数量为 -- 0 
2015-02-17 15:02:29 [WARN] - 当前拥有的 消费者线程组 数量为 -- 0 
2015-02-17 15:02:31 [WARN] - 当前拥有的 生产者线程组 数量为 -- 0 
2015-02-17 15:02:31 [WARN] - 当前拥有的 消费者线程组 数量为 -- 0 
2015-02-17 15:02:33 [WARN] - 当前拥有的 生产者线程组 数量为 -- 0 
2015-02-17 15:02:33 [WARN] - 当前拥有的 消费者线程组 数量为 -- 0 
2015-02-17 15:02:35 [WARN] - 当前拥有的 生产者线程组 数量为 -- 0 
2015-02-17 15:02:35 [WARN] - 当前拥有的 消费者线程组 数量为 -- 0 
2015-02-17 15:02:37 [WARN] - 当前拥有的 生产者线程组 数量为 -- 0 
2015-02-17 15:02:37 [WARN] - 当前拥有的 消费者线程组 数量为 -- 0 
2015-02-17 15:02:39 [WARN] - 当前拥有的 生产者线程组 数量为 -- 0 
2015-02-17 15:02:39 [WARN] - 当前拥有的 消费者线程组 数量为 -- 0 
2015-02-17 15:02:41 [WARN] - 当前拥有的 生产者线程组 数量为 -- 0 
2015-02-17 15:02:41 [WARN] - 当前拥有的 消费者线程组 数量为 -- 0 
2015-02-17 15:02:43 [WARN] - 当前拥有的 生产者线程组 数量为 -- 0 
2015-02-17 15:02:43 [WARN] - 当前拥有的 消费者线程组 数量为 -- 0 
2015-02-17 15:02:45 [WARN] - 当前拥有的 生产者线程组 数量为 -- 0 
2015-02-17 15:02:45 [WARN] - 当前拥有的 消费者线程组 数量为 -- 0 
2015-02-17 15:02:47 [WARN] - 当前拥有的 生产者线程组 数量为 -- 0 
2015-02-17 15:02:47 [WARN] - 当前拥有的 消费者线程组 数量为 -- 0 
2015-02-17 15:02:49 [WARN] - 当前拥有的 生产者线程组 数量为 -- 0 
2015-02-17 15:02:49 [WARN] - 当前拥有的 消费者线程组 数量为 -- 0 
2015-02-17 15:02:51 [WARN] - 当前拥有的 生产者线程组 数量为 -- 0 
2015-02-17 15:02:51 [WARN] - 当前拥有的 消费者线程组 数量为 -- 0 
2015-02-17 15:02:53 [WARN] - 当前拥有的 生产者线程组 数量为 -- 0 
2015-02-17 15:02:53 [WARN] - 当前拥有的 消费者线程组 数量为 -- 0 
2015-02-17 15:02:55 [WARN] - 当前拥有的 生产者线程组 数量为 -- 0 
2015-02-17 15:02:55 [WARN] - 当前拥有的 消费者线程组 数量为 -- 0 
2015-02-17 15:56:33 [INFO] - 大爷李刚 要求上包子! 劳资TM等 1 年了！！ 
2015-02-17 15:56:33 [INFO] - 包子师傅韩梅梅 - 生产了一个包子 【 包子师傅韩梅梅_1 】 
2015-02-17 15:56:33 [WARN] - 当前拥有的 生产者线程组 数量为 -- 3 
2015-02-17 15:56:33 [INFO] - 新增生产者【1】 - 生产了一个包子 【 新增生产者【1】_2 】 
2015-02-17 15:56:33 [WARN] - 当前拥有的 消费者线程组 数量为 -- 2 
2015-02-17 15:56:33 [INFO] - 包子师傅王大壮 - 生产了一个包子 【 包子师傅王大壮_3 】 
2015-02-17 15:56:33 [INFO] - 包子师傅李雷雷 - 生产了一个包子 【 包子师傅李雷雷_4 】 
2015-02-17 15:56:34 [INFO] - 大爷李刚 - 吃掉了一个包子 【包子师傅李雷雷_4 】篮子里还有【3】个 
2015-02-17 15:56:34 [INFO] - 大娘王婆 - 吃掉了一个包子 【包子师傅王大壮_3 】篮子里还有【2】个 
2015-02-17 15:56:35 [INFO] - 大爷李刚 - 吃掉了一个包子 【新增生产者【1】_2 】篮子里还有【1】个 
2015-02-17 15:56:35 [INFO] - 大娘王婆 - 吃掉了一个包子 【包子师傅韩梅梅_1 】篮子里还有【0】个 
2015-02-17 15:56:35 [INFO] - 新增生产者【2】 - 生产了一个包子 【 新增生产者【2】_5 】 
2015-02-17 15:56:35 [WARN] - 当前拥有的 生产者线程组 数量为 -- 5 
2015-02-17 15:56:35 [INFO] - 大爷李刚 - 吃掉了一个包子 【新增生产者【2】_5 】篮子里还有【0】个 
2015-02-17 15:56:35 [WARN] - 当前拥有的 消费者线程组 数量为 -- 2 
2015-02-17 15:56:35 [INFO] - 大娘王婆 要求上包子! 劳资TM等 1 年了！！ 
2015-02-17 15:56:36 [INFO] - 大娘王婆 要求上包子! 劳资TM等 2 年了！！ 
2015-02-17 15:56:37 [INFO] - 新增生产者【3】 - 生产了一个包子 【 新增生产者【3】_6 】 
2015-02-17 15:56:37 [WARN] - 当前拥有的 生产者线程组 数量为 -- 6 
2015-02-17 15:56:37 [WARN] - 当前拥有的 消费者线程组 数量为 -- 2 
2015-02-17 15:56:37 [INFO] - 大娘王婆 - 吃掉了一个包子 【新增生产者【3】_6 】篮子里还有【0】个 
2015-02-17 15:56:37 [INFO] - 大爷李刚 要求上包子! 劳资TM等 1 年了！！ 
2015-02-17 15:56:38 [INFO] - 包子师傅韩梅梅 - 生产了一个包子 【 包子师傅韩梅梅_7 】 
2015-02-17 15:56:38 [INFO] - 新增生产者【1】 - 生产了一个包子 【 新增生产者【1】_8 】 
2015-02-17 15:56:38 [INFO] - 包子师傅王大壮 - 生产了一个包子 【 包子师傅王大壮_9 】 
2015-02-17 15:56:38 [INFO] - 包子师傅李雷雷 - 生产了一个包子 【 包子师傅李雷雷_10 】 
2015-02-17 15:56:38 [INFO] - 大爷李刚 - 吃掉了一个包子 【包子师傅李雷雷_10 】篮子里还有【3】个 
2015-02-17 15:56:38 [INFO] - 大爷李刚 - 今天吃了 4 个包子,吃饱了遛弯儿去~ 
2015-02-17 15:56:38 [INFO] - 大娘王婆 - 吃掉了一个包子 【包子师傅王大壮_9 】篮子里还有【2】个 
2015-02-17 15:56:38 [INFO] - 大娘王婆 - 今天吃了 4 个包子,吃饱了遛弯儿去~ 
2015-02-17 15:56:39 [INFO] - 新增生产者【4】 - 生产了一个包子 【 新增生产者【4】_11 】 
2015-02-17 15:56:39 [WARN] - 当前拥有的 生产者线程组 数量为 -- 7 
2015-02-17 15:56:39 [WARN] - 当前拥有的 消费者线程组 数量为 -- 0 
2015-02-17 15:56:40 [INFO] - 新增生产者【2】 - 生产了一个包子 【 新增生产者【2】_12 】 
2015-02-17 15:56:41 [INFO] - 新增生产者【5】 - 生产了一个包子 【 新增生产者【5】_13 】 
2015-02-17 15:56:41 [WARN] - 当前拥有的 生产者线程组 数量为 -- 8 
2015-02-17 15:56:41 [WARN] - 当前拥有的 消费者线程组 数量为 -- 0 
2015-02-17 15:56:42 [INFO] - 新增生产者【3】 - 生产了一个包子 【 新增生产者【3】_14 】 
2015-02-17 15:56:43 [INFO] - 新增生产者【6】 - 生产了一个包子 【 新增生产者【6】_15 】 
2015-02-17 15:56:43 [INFO] - 包子师傅韩梅梅 - 生产了一个包子 【 包子师傅韩梅梅_16 】 
2015-02-17 15:56:43 [INFO] - 新增生产者【1】 - 生产了一个包子 【 新增生产者【1】_17 】 
2015-02-17 15:56:43 [INFO] - 包子师傅王大壮 - 生产了一个包子 【 包子师傅王大壮_18 】 
2015-02-17 15:56:43 [INFO] - 包子师傅李雷雷 - 生产了一个包子 【 包子师傅李雷雷_19 】 
2015-02-17 15:56:43 [WARN] - 当前拥有的 生产者线程组 数量为 -- 9 
2015-02-17 15:56:43 [WARN] - 当前拥有的 消费者线程组 数量为 -- 0 
2015-02-17 15:56:44 [INFO] - 新增生产者【4】 - 生产了一个包子 【 新增生产者【4】_20 】 
2015-02-17 15:56:45 [INFO] - 新增生产者【2】 - 生产了一个包子 【 新增生产者【2】_21 】 
2015-02-17 15:56:45 [INFO] - 新增生产者【7】 - 生产了一个包子 【 新增生产者【7】_22 】 
2015-02-17 15:56:45 [WARN] - 当前拥有的 生产者线程组 数量为 -- 10 
2015-02-17 15:56:45 [WARN] - 当前拥有的 消费者线程组 数量为 -- 0 
2015-02-17 15:57:02 [INFO] - 包子师傅王大壮 - 生产了一个包子 【 包子师傅王大壮_1 】 
2015-02-17 15:57:02 [INFO] - 包子师傅韩梅梅 - 生产了一个包子 【 包子师傅韩梅梅_2 】 
2015-02-17 15:57:02 [INFO] - 包子师傅李雷雷 - 生产了一个包子 【 包子师傅李雷雷_3 】 
2015-02-17 15:57:02 [INFO] - 大爷李刚 - 吃掉了一个包子 【包子师傅李雷雷_3 】篮子里还有【2】个 
2015-02-17 15:57:02 [WARN] - 当前拥有的 生产者线程组 数量为 -- 3 
2015-02-17 15:57:02 [INFO] - 大娘王婆 - 吃掉了一个包子 【包子师傅韩梅梅_2 】篮子里还有【1】个 
2015-02-17 15:57:02 [WARN] - 当前拥有的 消费者线程组 数量为 -- 2 
2015-02-17 15:57:02 [INFO] - 新增生产者【1】 - 生产了一个包子 【 新增生产者【1】_4 】 
2015-02-17 15:57:02 [INFO] - 大爷李刚 - 吃掉了一个包子 【新增生产者【1】_4 】篮子里还有【1】个 
2015-02-17 15:57:02 [INFO] - 大娘王婆 - 吃掉了一个包子 【包子师傅王大壮_1 】篮子里还有【0】个 
2015-02-17 15:57:03 [INFO] - 大爷李刚 要求上包子! 劳资TM等 1 年了！！ 
2015-02-17 15:57:04 [WARN] - 当前拥有的 生产者线程组 数量为 -- 4 
2015-02-17 15:57:04 [INFO] - 大爷李刚 要求上包子! 劳资TM等 2 年了！！ 
2015-02-17 15:57:04 [WARN] - 当前拥有的 消费者线程组 数量为 -- 2 
2015-02-17 15:57:04 [INFO] - 新增生产者【2】 - 生产了一个包子 【 新增生产者【2】_5 】 
2015-02-17 15:57:05 [INFO] - 大爷李刚 - 吃掉了一个包子 【新增生产者【2】_5 】篮子里还有【0】个 
2015-02-17 15:57:05 [INFO] - 大娘王婆 要求上包子! 劳资TM等 1 年了！！ 
2015-02-17 15:57:06 [WARN] - 当前拥有的 生产者线程组 数量为 -- 6 
2015-02-17 15:57:06 [INFO] - 新增生产者【3】 - 生产了一个包子 【 新增生产者【3】_6 】 
2015-02-17 15:57:06 [INFO] - 大娘王婆 要求上包子! 劳资TM等 2 年了！！ 
2015-02-17 15:57:06 [WARN] - 当前拥有的 消费者线程组 数量为 -- 2 
2015-02-17 15:57:07 [INFO] - 包子师傅王大壮 - 生产了一个包子 【 包子师傅王大壮_7 】 
2015-02-17 15:57:07 [INFO] - 包子师傅韩梅梅 - 生产了一个包子 【 包子师傅韩梅梅_8 】 
2015-02-17 15:57:07 [INFO] - 包子师傅李雷雷 - 生产了一个包子 【 包子师傅李雷雷_9 】 
2015-02-17 15:57:07 [INFO] - 新增生产者【1】 - 生产了一个包子 【 新增生产者【1】_10 】 
2015-02-17 15:57:07 [INFO] - 大娘王婆 - 吃掉了一个包子 【新增生产者【1】_10 】篮子里还有【4】个 
2015-02-17 15:57:07 [INFO] - 大爷李刚 - 吃掉了一个包子 【包子师傅李雷雷_9 】篮子里还有【3】个 
2015-02-17 15:57:07 [INFO] - 大爷李刚 - 今天吃了 4 个包子,吃饱了遛弯儿去~ 
2015-02-17 15:57:07 [INFO] - 大娘王婆 - 吃掉了一个包子 【包子师傅韩梅梅_8 】篮子里还有【2】个 
2015-02-17 15:57:07 [INFO] - 大娘王婆 - 今天吃了 4 个包子,吃饱了遛弯儿去~ 
2015-02-17 15:57:08 [INFO] - 新增生产者【4】 - 生产了一个包子 【 新增生产者【4】_11 】 
2015-02-17 15:57:08 [WARN] - 当前拥有的 生产者线程组 数量为 -- 7 
2015-02-17 15:57:08 [WARN] - 当前拥有的 消费者线程组 数量为 -- 0 
2015-02-17 15:57:09 [INFO] - 新增生产者【2】 - 生产了一个包子 【 新增生产者【2】_12 】 
2015-02-17 15:57:10 [INFO] - 新增生产者【5】 - 生产了一个包子 【 新增生产者【5】_13 】 
2015-02-17 15:57:10 [WARN] - 当前拥有的 生产者线程组 数量为 -- 8 
2015-02-17 15:57:10 [WARN] - 当前拥有的 消费者线程组 数量为 -- 0 
2015-02-17 15:57:11 [INFO] - 新增生产者【3】 - 生产了一个包子 【 新增生产者【3】_14 】 
2015-02-17 15:57:12 [INFO] - 包子师傅王大壮 - 生产了一个包子 【 包子师傅王大壮_15 】 
2015-02-17 15:57:12 [INFO] - 包子师傅韩梅梅 - 生产了一个包子 【 包子师傅韩梅梅_16 】 
2015-02-17 15:57:12 [INFO] - 包子师傅李雷雷 - 生产了一个包子 【 包子师傅李雷雷_17 】 
2015-02-17 15:57:12 [INFO] - 新增生产者【1】 - 生产了一个包子 【 新增生产者【1】_18 】 
2015-02-17 15:57:12 [INFO] - 新增生产者【6】 - 生产了一个包子 【 新增生产者【6】_19 】 
2015-02-17 15:57:12 [WARN] - 当前拥有的 生产者线程组 数量为 -- 9 
2015-02-17 15:57:12 [WARN] - 当前拥有的 消费者线程组 数量为 -- 0 
2015-02-17 15:57:13 [INFO] - 新增生产者【4】 - 生产了一个包子 【 新增生产者【4】_20 】 
2015-02-17 15:57:14 [INFO] - 新增生产者【2】 - 生产了一个包子 【 新增生产者【2】_21 】 
2015-02-17 15:57:14 [INFO] - 新增生产者【7】 - 生产了一个包子 【 新增生产者【7】_22 】 
2015-02-17 15:57:14 [WARN] - 当前拥有的 生产者线程组 数量为 -- 10 
2015-02-17 15:57:14 [WARN] - 当前拥有的 消费者线程组 数量为 -- 0 
2015-02-17 15:57:15 [INFO] - 新增生产者【5】 - 生产了一个包子 【 新增生产者【5】_23 】 
2015-02-17 15:57:16 [INFO] - 新增生产者【8】 - 生产了一个包子 【 新增生产者【8】_24 】 
2015-02-17 15:57:16 [INFO] - 新增生产者【3】 - 生产了一个包子 【 新增生产者【3】_25 】 
2015-02-17 15:57:16 [WARN] - 当前拥有的 生产者线程组 数量为 -- 11 
2015-02-17 15:57:16 [WARN] - 当前拥有的 消费者线程组 数量为 -- 0 
2015-02-17 15:57:17 [INFO] - 包子师傅王大壮 - 生产了一个包子 【 包子师傅王大壮_26 】 
2015-02-17 15:57:17 [INFO] - 包子师傅韩梅梅 - 生产了一个包子 【 包子师傅韩梅梅_27 】 
2015-02-17 15:57:17 [INFO] - 包子师傅李雷雷 - 生产了一个包子 【 包子师傅李雷雷_28 】 
2015-02-17 15:57:17 [INFO] - 新增生产者【1】 - 生产了一个包子 【 新增生产者【1】_29 】 
2015-02-17 15:57:17 [INFO] - 新增生产者【6】 - 生产了一个包子 【 新增生产者【6】_30 】 
2015-02-17 15:57:18 [INFO] - 新增生产者【4】 - 生产了一个包子 【 新增生产者【4】_31 】 
2015-02-17 15:57:18 [INFO] - 新增生产者【9】 - 生产了一个包子 【 新增生产者【9】_32 】 
2015-02-17 15:57:18 [WARN] - 当前拥有的 生产者线程组 数量为 -- 12 
2015-02-17 15:57:18 [WARN] - 当前拥有的 消费者线程组 数量为 -- 0 
2015-02-17 15:57:19 [INFO] - 新增生产者【2】 - 生产了一个包子 【 新增生产者【2】_33 】 
2015-02-17 15:57:19 [INFO] - 新增生产者【7】 - 生产了一个包子 【 新增生产者【7】_34 】 
2015-02-17 15:57:20 [INFO] - 新增生产者【5】 - 生产了一个包子 【 新增生产者【5】_35 】 
2015-02-17 15:57:20 [INFO] - 新增生产者【10】 - 生产了一个包子 【 新增生产者【10】_36 】 
2015-02-17 15:57:20 [WARN] - 当前拥有的 生产者线程组 数量为 -- 13 
2015-02-17 15:57:20 [WARN] - 当前拥有的 消费者线程组 数量为 -- 0 
2015-02-17 15:57:21 [INFO] - 新增生产者【8】 - 生产了一个包子 【 新增生产者【8】_37 】 
2015-02-17 15:57:21 [INFO] - 新增生产者【3】 - 生产了一个包子 【 新增生产者【3】_38 】 
2015-02-17 15:57:22 [INFO] - 包子师傅王大壮 - 生产了一个包子 【 包子师傅王大壮_39 】 
2015-02-17 15:57:22 [INFO] - 包子师傅王大壮 - 今天做够 5 个包子了！回家碎觉！ 
2015-02-17 15:57:22 [INFO] - 包子师傅韩梅梅 - 生产了一个包子 【 包子师傅韩梅梅_40 】 
2015-02-17 15:57:22 [INFO] - 包子师傅韩梅梅 - 今天做够 5 个包子了！回家碎觉！ 
2015-02-17 15:57:22 [INFO] - 包子师傅李雷雷 - 生产了一个包子 【 包子师傅李雷雷_41 】 
2015-02-17 15:57:22 [INFO] - 包子师傅李雷雷 - 今天做够 5 个包子了！回家碎觉！ 
2015-02-17 15:57:22 [INFO] - 新增生产者【1】 - 生产了一个包子 【 新增生产者【1】_42 】 
2015-02-17 15:57:22 [INFO] - 新增生产者【1】 - 今天做够 5 个包子了！回家碎觉！ 
2015-02-17 15:57:22 [INFO] - 新增生产者【11】 - 生产了一个包子 【 新增生产者【11】_43 】 
2015-02-17 15:57:22 [INFO] - 新增生产者【6】 - 生产了一个包子 【 新增生产者【6】_44 】 
2015-02-17 15:57:22 [WARN] - 当前拥有的 生产者线程组 数量为 -- 10 
2015-02-17 15:57:22 [WARN] - 当前拥有的 消费者线程组 数量为 -- 0 
2015-02-17 15:57:23 [INFO] - 新增生产者【4】 - 生产了一个包子 【 新增生产者【4】_45 】 
2015-02-17 15:57:23 [INFO] - 新增生产者【9】 - 生产了一个包子 【 新增生产者【9】_46 】 
2015-02-17 15:57:24 [INFO] - 新增生产者【2】 - 生产了一个包子 【 新增生产者【2】_47 】 
2015-02-17 15:57:24 [INFO] - 新增生产者【2】 - 今天做够 5 个包子了！回家碎觉！ 
2015-02-17 15:57:24 [INFO] - 新增生产者【12】 - 生产了一个包子 【 新增生产者【12】_48 】 
2015-02-17 15:57:24 [INFO] - 新增生产者【7】 - 生产了一个包子 【 新增生产者【7】_49 】 
2015-02-17 15:57:24 [WARN] - 当前拥有的 生产者线程组 数量为 -- 10 
2015-02-17 15:57:24 [WARN] - 当前拥有的 消费者线程组 数量为 -- 0 
2015-02-17 15:57:25 [INFO] - 新增生产者【5】 - 生产了一个包子 【 新增生产者【5】_50 】 
2015-02-17 15:57:25 [INFO] - 新增生产者【10】 - 生产了一个包子 【 新增生产者【10】_51 】 
2015-02-17 15:57:26 [INFO] - 新增生产者【8】 - 生产了一个包子 【 新增生产者【8】_52 】 
2015-02-17 15:57:26 [INFO] - 新增生产者【13】 - 生产了一个包子 【 新增生产者【13】_53 】 
2015-02-17 15:57:26 [INFO] - 新增生产者【3】 - 生产了一个包子 【 新增生产者【3】_54 】 
2015-02-17 15:57:26 [INFO] - 新增生产者【3】 - 今天做够 5 个包子了！回家碎觉！ 
2015-02-17 15:57:26 [WARN] - 当前拥有的 生产者线程组 数量为 -- 10 
2015-02-17 15:57:26 [WARN] - 当前拥有的 消费者线程组 数量为 -- 0 
2015-02-17 15:57:27 [INFO] - 新增生产者【11】 - 生产了一个包子 【 新增生产者【11】_55 】 
2015-02-17 15:57:27 [INFO] - 新增生产者【6】 - 生产了一个包子 【 新增生产者【6】_56 】 
2015-02-17 15:57:28 [INFO] - 新增生产者【4】 - 生产了一个包子 【 新增生产者【4】_57 】 
2015-02-17 15:57:28 [INFO] - 新增生产者【4】 - 今天做够 5 个包子了！回家碎觉！ 
2015-02-17 15:57:28 [INFO] - 新增生产者【9】 - 生产了一个包子 【 新增生产者【9】_58 】 
2015-02-17 15:57:28 [INFO] - 新增生产者【14】 - 生产了一个包子 【 新增生产者【14】_59 】 
2015-02-17 15:57:28 [WARN] - 当前拥有的 生产者线程组 数量为 -- 10 
2015-02-17 15:57:28 [WARN] - 当前拥有的 消费者线程组 数量为 -- 0 
2015-02-17 15:57:29 [INFO] - 新增生产者【12】 - 生产了一个包子 【 新增生产者【12】_60 】 
2015-02-17 15:57:29 [INFO] - 新增生产者【7】 - 生产了一个包子 【 新增生产者【7】_61 】 
2015-02-17 15:57:30 [INFO] - 新增生产者【5】 - 生产了一个包子 【 新增生产者【5】_62 】 
2015-02-17 15:57:30 [INFO] - 新增生产者【5】 - 今天做够 5 个包子了！回家碎觉！ 
2015-02-17 15:57:30 [INFO] - 新增生产者【10】 - 生产了一个包子 【 新增生产者【10】_63 】 
2015-02-17 15:57:30 [INFO] - 新增生产者【15】 - 生产了一个包子 【 新增生产者【15】_64 】 
2015-02-17 15:57:30 [WARN] - 当前拥有的 生产者线程组 数量为 -- 10 
2015-02-17 15:57:30 [WARN] - 当前拥有的 消费者线程组 数量为 -- 0 
2015-02-17 15:59:54 [INFO] - 包子师傅韩梅梅 - 生产了一个包子 【 包子师傅韩梅梅_1 】 
2015-02-17 15:59:54 [WARN] - 当前拥有的 生产者线程组 数量为 -- 3 
2015-02-17 15:59:54 [INFO] - 大爷李刚 要求上包子! 劳资TM等 1 年了！！ 
2015-02-17 15:59:54 [WARN] - 新增生产者【1】 应聘上班,直接开始蒸包子！ 
2015-02-17 15:59:54 [INFO] - 包子师傅李雷雷 - 生产了一个包子 【 包子师傅李雷雷_2 】 
2015-02-17 15:59:54 [WARN] - 当前拥有的 消费者线程组 数量为 -- 2 
2015-02-17 15:59:54 [INFO] - 包子师傅王大壮 - 生产了一个包子 【 包子师傅王大壮_3 】 
2015-02-17 15:59:54 [INFO] - 新增生产者【1】 - 生产了一个包子 【 新增生产者【1】_4 】 
2015-02-17 15:59:55 [INFO] - 大爷李刚 - 吃掉了一个包子 【新增生产者【1】_4 】篮子里还有【3】个 
2015-02-17 15:59:55 [INFO] - 大娘王婆 - 吃掉了一个包子 【包子师傅王大壮_3 】篮子里还有【2】个 
2015-02-17 15:59:56 [INFO] - 大爷李刚 - 吃掉了一个包子 【包子师傅李雷雷_2 】篮子里还有【1】个 
2015-02-17 15:59:56 [INFO] - 大娘王婆 - 吃掉了一个包子 【包子师傅韩梅梅_1 】篮子里还有【0】个 
2015-02-17 15:59:56 [WARN] - 新增生产者【2】 应聘上班,直接开始蒸包子！ 
2015-02-17 15:59:56 [WARN] - 当前拥有的 生产者线程组 数量为 -- 4 
2015-02-17 15:59:56 [WARN] - 当前拥有的 消费者线程组 数量为 -- 2 
2015-02-17 15:59:56 [INFO] - 新增生产者【2】 - 生产了一个包子 【 新增生产者【2】_5 】 
2015-02-17 15:59:56 [INFO] - 大爷李刚 要求上包子! 劳资TM等 1 年了！！ 
2015-02-17 15:59:57 [INFO] - 大爷李刚 - 吃掉了一个包子 【新增生产者【2】_5 】篮子里还有【0】个 
2015-02-17 15:59:57 [INFO] - 大娘王婆 要求上包子! 劳资TM等 1 年了！！ 
2015-02-17 15:59:58 [WARN] - 新增生产者【3】 应聘上班,直接开始蒸包子！ 
2015-02-17 15:59:58 [WARN] - 当前拥有的 生产者线程组 数量为 -- 6 
2015-02-17 15:59:58 [INFO] - 新增生产者【3】 - 生产了一个包子 【 新增生产者【3】_6 】 
2015-02-17 15:59:58 [WARN] - 当前拥有的 消费者线程组 数量为 -- 2 
2015-02-17 15:59:58 [INFO] - 大娘王婆 - 吃掉了一个包子 【新增生产者【3】_6 】篮子里还有【0】个 
2015-02-17 15:59:58 [INFO] - 大爷李刚 要求上包子! 劳资TM等 1 年了！！ 
2015-02-17 15:59:59 [INFO] - 包子师傅韩梅梅 - 生产了一个包子 【 包子师傅韩梅梅_7 】 
2015-02-17 15:59:59 [INFO] - 包子师傅李雷雷 - 生产了一个包子 【 包子师傅李雷雷_8 】 
2015-02-17 15:59:59 [INFO] - 新增生产者【1】 - 生产了一个包子 【 新增生产者【1】_9 】 
2015-02-17 15:59:59 [INFO] - 包子师傅王大壮 - 生产了一个包子 【 包子师傅王大壮_10 】 
2015-02-17 15:59:59 [INFO] - 大爷李刚 - 吃掉了一个包子 【包子师傅王大壮_10 】篮子里还有【3】个 
2015-02-17 15:59:59 [INFO] - 大爷李刚 - 今天吃了 4 个包子,吃饱了遛弯儿去~ 
2015-02-17 15:59:59 [INFO] - 大娘王婆 - 吃掉了一个包子 【新增生产者【1】_9 】篮子里还有【2】个 
2015-02-17 15:59:59 [INFO] - 大娘王婆 - 今天吃了 4 个包子,吃饱了遛弯儿去~ 
2015-02-17 16:00:00 [WARN] - 新增生产者【4】 应聘上班,直接开始蒸包子！ 
2015-02-17 16:00:00 [INFO] - 新增生产者【4】 - 生产了一个包子 【 新增生产者【4】_11 】 
2015-02-17 16:00:00 [WARN] - 当前拥有的 生产者线程组 数量为 -- 7 
2015-02-17 16:00:00 [WARN] - 当前拥有的 消费者线程组 数量为 -- 0 
2015-02-17 16:00:01 [INFO] - 新增生产者【2】 - 生产了一个包子 【 新增生产者【2】_12 】 
2015-02-17 16:00:02 [WARN] - 新增生产者【5】 应聘上班,直接开始蒸包子！ 
2015-02-17 16:00:02 [INFO] - 新增生产者【5】 - 生产了一个包子 【 新增生产者【5】_13 】 
2015-02-17 16:00:02 [WARN] - 当前拥有的 生产者线程组 数量为 -- 8 
2015-02-17 16:00:02 [WARN] - 当前拥有的 消费者线程组 数量为 -- 0 
2015-02-17 16:00:03 [INFO] - 新增生产者【3】 - 生产了一个包子 【 新增生产者【3】_14 】 
2015-02-17 16:00:04 [INFO] - 包子师傅韩梅梅 - 生产了一个包子 【 包子师傅韩梅梅_15 】 
2015-02-17 16:00:04 [INFO] - 包子师傅李雷雷 - 生产了一个包子 【 包子师傅李雷雷_16 】 
2015-02-17 16:00:04 [INFO] - 新增生产者【1】 - 生产了一个包子 【 新增生产者【1】_17 】 
2015-02-17 16:00:04 [INFO] - 包子师傅王大壮 - 生产了一个包子 【 包子师傅王大壮_18 】 
2015-02-17 16:00:04 [WARN] - 新增生产者【6】 应聘上班,直接开始蒸包子！ 
2015-02-17 16:00:04 [INFO] - 新增生产者【6】 - 生产了一个包子 【 新增生产者【6】_19 】 
2015-02-17 16:00:04 [WARN] - 当前拥有的 生产者线程组 数量为 -- 9 
2015-02-17 16:00:04 [WARN] - 当前拥有的 消费者线程组 数量为 -- 0 
2015-02-17 16:00:05 [INFO] - 新增生产者【4】 - 生产了一个包子 【 新增生产者【4】_20 】 
2015-02-17 16:00:06 [INFO] - 新增生产者【2】 - 生产了一个包子 【 新增生产者【2】_21 】 
2015-02-17 16:00:06 [WARN] - 新增生产者【7】 应聘上班,直接开始蒸包子！ 
2015-02-17 16:00:06 [INFO] - 新增生产者【7】 - 生产了一个包子 【 新增生产者【7】_22 】 
2015-02-17 16:00:06 [WARN] - 当前拥有的 生产者线程组 数量为 -- 10 
2015-02-17 16:00:06 [WARN] - 当前拥有的 消费者线程组 数量为 -- 0 
2015-02-17 16:00:07 [INFO] - 新增生产者【5】 - 生产了一个包子 【 新增生产者【5】_23 】 
2015-02-17 16:00:08 [INFO] - 新增生产者【3】 - 生产了一个包子 【 新增生产者【3】_24 】 
2015-02-17 16:00:08 [WARN] - 新增生产者【8】 应聘上班,直接开始蒸包子！ 
2015-02-17 16:00:08 [INFO] - 新增生产者【8】 - 生产了一个包子 【 新增生产者【8】_25 】 
2015-02-17 16:00:08 [WARN] - 当前拥有的 生产者线程组 数量为 -- 11 
2015-02-17 16:00:08 [WARN] - 当前拥有的 消费者线程组 数量为 -- 0 
2015-02-17 16:08:59 [INFO] - 包子师傅韩梅梅 - 生产了一个包子 【 包子师傅韩梅梅_1 】 
2015-02-17 16:08:59 [WARN] - 刚来的消费者【1】 进店吃包子啦！ 
2015-02-17 16:08:59 [WARN] - 当前拥有的 生产者线程组 数量为 -- 3 
2015-02-17 16:08:59 [INFO] - 大爷李刚 要求上包子! 劳资TM等 1 年了！！ 
2015-02-17 16:08:59 [WARN] - 当前拥有的 消费者线程组 数量为 -- 3 
2015-02-17 16:08:59 [INFO] - 包子师傅李雷雷 - 生产了一个包子 【 包子师傅李雷雷_2 】 
2015-02-17 16:08:59 [INFO] - 包子师傅王大壮 - 生产了一个包子 【 包子师傅王大壮_3 】 
2015-02-17 16:09:00 [INFO] - 大爷李刚 - 吃掉了一个包子 【包子师傅王大壮_3 】篮子里还有【2】个 
2015-02-17 16:09:00 [INFO] - 刚来的消费者【1】 - 吃掉了一个包子 【包子师傅李雷雷_2 】篮子里还有【1】个 
2015-02-17 16:09:00 [INFO] - 大娘王婆 - 吃掉了一个包子 【包子师傅韩梅梅_1 】篮子里还有【0】个 
2015-02-17 16:09:01 [INFO] - 大爷李刚 要求上包子! 劳资TM等 1 年了！！ 
2015-02-17 16:09:01 [WARN] - 刚来的消费者【2】 进店吃包子啦！ 
2015-02-17 16:09:01 [WARN] - 当前拥有的 生产者线程组 数量为 -- 3 
2015-02-17 16:09:01 [WARN] - 当前拥有的 消费者线程组 数量为 -- 4 
2015-02-17 16:09:02 [INFO] - 大爷李刚 要求上包子! 劳资TM等 2 年了！！ 
2015-02-17 16:09:03 [INFO] - 大爷李刚 要求上包子! 劳资TM等 3 年了！！ 
2015-02-17 16:09:03 [WARN] - 新增生产者【1】 应聘上班,直接开始蒸包子！ 
2015-02-17 16:09:03 [WARN] - 当前拥有的 生产者线程组 数量为 -- 3 
2015-02-17 16:09:03 [WARN] - 当前拥有的 消费者线程组 数量为 -- 4 
2015-02-17 16:09:03 [INFO] - 新增生产者【1】 - 生产了一个包子 【 新增生产者【1】_4 】 
2015-02-17 16:09:04 [INFO] - 大爷李刚 - 吃掉了一个包子 【新增生产者【1】_4 】篮子里还有【0】个 
2015-02-17 16:09:04 [INFO] - 刚来的消费者【2】 要求上包子! 劳资TM等 1 年了！！ 
2015-02-17 16:09:04 [INFO] - 包子师傅韩梅梅 - 生产了一个包子 【 包子师傅韩梅梅_5 】 
2015-02-17 16:09:04 [INFO] - 包子师傅李雷雷 - 生产了一个包子 【 包子师傅李雷雷_6 】 
2015-02-17 16:09:04 [INFO] - 包子师傅王大壮 - 生产了一个包子 【 包子师傅王大壮_7 】 
2015-02-17 16:09:05 [INFO] - 刚来的消费者【2】 - 吃掉了一个包子 【包子师傅王大壮_7 】篮子里还有【2】个 
2015-02-17 16:09:05 [INFO] - 大娘王婆 - 吃掉了一个包子 【包子师傅李雷雷_6 】篮子里还有【1】个 
2015-02-17 16:09:05 [INFO] - 刚来的消费者【1】 - 吃掉了一个包子 【包子师傅韩梅梅_5 】篮子里还有【0】个 
2015-02-17 16:09:05 [INFO] - 大爷李刚 要求上包子! 劳资TM等 1 年了！！ 
2015-02-17 16:09:05 [WARN] - 刚来的消费者【3】 进店吃包子啦！ 
2015-02-17 16:09:05 [WARN] - 当前拥有的 生产者线程组 数量为 -- 4 
2015-02-17 16:09:05 [WARN] - 当前拥有的 消费者线程组 数量为 -- 5 
2015-02-17 16:09:06 [INFO] - 大爷李刚 要求上包子! 劳资TM等 2 年了！！ 
2015-02-17 16:09:07 [INFO] - 大爷李刚 要求上包子! 劳资TM等 3 年了！！ 
2015-02-17 16:09:07 [WARN] - 新增生产者【2】 应聘上班,直接开始蒸包子！ 
2015-02-17 16:09:07 [INFO] - 新增生产者【2】 - 生产了一个包子 【 新增生产者【2】_8 】 
2015-02-17 16:09:07 [WARN] - 当前拥有的 生产者线程组 数量为 -- 5 
2015-02-17 16:09:07 [WARN] - 当前拥有的 消费者线程组 数量为 -- 5 
2015-02-17 16:09:08 [INFO] - 大爷李刚 - 吃掉了一个包子 【新增生产者【2】_8 】篮子里还有【0】个 
2015-02-17 16:09:08 [INFO] - 刚来的消费者【1】 要求上包子! 劳资TM等 1 年了！！ 
2015-02-17 16:09:08 [INFO] - 新增生产者【1】 - 生产了一个包子 【 新增生产者【1】_9 】 
2015-02-17 16:09:09 [INFO] - 刚来的消费者【1】 - 吃掉了一个包子 【新增生产者【1】_9 】篮子里还有【0】个 
2015-02-17 16:09:09 [INFO] - 大娘王婆 要求上包子! 劳资TM等 1 年了！！ 
2015-02-17 16:09:09 [INFO] - 包子师傅韩梅梅 - 生产了一个包子 【 包子师傅韩梅梅_10 】 
2015-02-17 16:09:09 [INFO] - 包子师傅李雷雷 - 生产了一个包子 【 包子师傅李雷雷_11 】 
2015-02-17 16:09:09 [INFO] - 包子师傅王大壮 - 生产了一个包子 【 包子师傅王大壮_12 】 
2015-02-17 16:09:09 [WARN] - 刚来的消费者【4】 进店吃包子啦！ 
2015-02-17 16:09:09 [WARN] - 当前拥有的 生产者线程组 数量为 -- 5 
2015-02-17 16:09:09 [WARN] - 当前拥有的 消费者线程组 数量为 -- 6 
2015-02-17 16:09:10 [INFO] - 大娘王婆 - 吃掉了一个包子 【包子师傅王大壮_12 】篮子里还有【2】个 
2015-02-17 16:09:10 [INFO] - 刚来的消费者【2】 - 吃掉了一个包子 【包子师傅李雷雷_11 】篮子里还有【1】个 
2015-02-17 16:09:10 [INFO] - 刚来的消费者【3】 - 吃掉了一个包子 【包子师傅韩梅梅_10 】篮子里还有【0】个 
2015-02-17 16:09:10 [INFO] - 刚来的消费者【1】 要求上包子! 劳资TM等 1 年了！！ 
2015-02-17 16:09:11 [INFO] - 刚来的消费者【1】 要求上包子! 劳资TM等 2 年了！！ 
2015-02-17 16:09:11 [WARN] - 新增生产者【3】 应聘上班,直接开始蒸包子！ 
2015-02-17 16:09:11 [INFO] - 新增生产者【3】 - 生产了一个包子 【 新增生产者【3】_13 】 
2015-02-17 16:09:11 [WARN] - 当前拥有的 生产者线程组 数量为 -- 6 
2015-02-17 16:09:11 [WARN] - 当前拥有的 消费者线程组 数量为 -- 6 
2015-02-17 16:09:12 [INFO] - 刚来的消费者【1】 - 吃掉了一个包子 【新增生产者【3】_13 】篮子里还有【0】个 
2015-02-17 16:09:12 [INFO] - 刚来的消费者【4】 要求上包子! 劳资TM等 1 年了！！ 
2015-02-17 16:09:12 [INFO] - 刚来的消费者【1】 - 今天吃了 4 个包子,吃饱了遛弯儿去~ 
2015-02-17 16:09:12 [INFO] - 新增生产者【2】 - 生产了一个包子 【 新增生产者【2】_14 】 
2015-02-17 16:09:13 [INFO] - 刚来的消费者【4】 - 吃掉了一个包子 【新增生产者【2】_14 】篮子里还有【0】个 
2015-02-17 16:09:13 [INFO] - 大爷李刚 要求上包子! 劳资TM等 1 年了！！ 
2015-02-17 16:09:13 [INFO] - 新增生产者【1】 - 生产了一个包子 【 新增生产者【1】_15 】 
2015-02-17 16:09:13 [WARN] - 刚来的消费者【5】 进店吃包子啦！ 
2015-02-17 16:09:13 [WARN] - 当前拥有的 生产者线程组 数量为 -- 6 
2015-02-17 16:09:13 [WARN] - 当前拥有的 消费者线程组 数量为 -- 6 
2015-02-17 16:09:14 [INFO] - 大爷李刚 - 吃掉了一个包子 【新增生产者【1】_15 】篮子里还有【0】个 
2015-02-17 16:09:14 [INFO] - 大爷李刚 - 今天吃了 4 个包子,吃饱了遛弯儿去~ 
2015-02-17 16:09:14 [INFO] - 刚来的消费者【4】 要求上包子! 劳资TM等 1 年了！！ 
2015-02-17 16:09:14 [INFO] - 包子师傅韩梅梅 - 生产了一个包子 【 包子师傅韩梅梅_16 】 
2015-02-17 16:09:14 [INFO] - 包子师傅李雷雷 - 生产了一个包子 【 包子师傅李雷雷_17 】 
2015-02-17 16:09:14 [INFO] - 包子师傅王大壮 - 生产了一个包子 【 包子师傅王大壮_18 】 
2015-02-17 16:09:15 [INFO] - 刚来的消费者【4】 - 吃掉了一个包子 【包子师傅王大壮_18 】篮子里还有【2】个 
2015-02-17 16:09:15 [INFO] - 刚来的消费者【5】 - 吃掉了一个包子 【包子师傅李雷雷_17 】篮子里还有【1】个 
2015-02-17 16:09:15 [INFO] - 刚来的消费者【3】 - 吃掉了一个包子 【包子师傅韩梅梅_16 】篮子里还有【0】个 
2015-02-17 16:09:15 [INFO] - 刚来的消费者【2】 要求上包子! 劳资TM等 1 年了！！ 
2015-02-17 16:09:15 [WARN] - 刚来的消费者【6】 进店吃包子啦！ 
2015-02-17 16:09:15 [WARN] - 当前拥有的 生产者线程组 数量为 -- 6 
2015-02-17 16:09:15 [WARN] - 当前拥有的 消费者线程组 数量为 -- 6 
2015-02-17 16:09:16 [INFO] - 刚来的消费者【2】 要求上包子! 劳资TM等 2 年了！！ 
2015-02-17 16:09:16 [INFO] - 新增生产者【3】 - 生产了一个包子 【 新增生产者【3】_19 】 
2015-02-17 16:09:17 [INFO] - 刚来的消费者【2】 - 吃掉了一个包子 【新增生产者【3】_19 】篮子里还有【0】个 
2015-02-17 16:09:17 [INFO] - 大娘王婆 要求上包子! 劳资TM等 1 年了！！ 
2015-02-17 16:09:17 [INFO] - 新增生产者【2】 - 生产了一个包子 【 新增生产者【2】_20 】 
2015-02-17 16:09:17 [WARN] - 刚来的消费者【7】 进店吃包子啦！ 
2015-02-17 16:09:17 [WARN] - 当前拥有的 生产者线程组 数量为 -- 6 
2015-02-17 16:09:17 [WARN] - 当前拥有的 消费者线程组 数量为 -- 7 
2015-02-17 16:09:18 [INFO] - 大娘王婆 - 吃掉了一个包子 【新增生产者【2】_20 】篮子里还有【0】个 
2015-02-17 16:09:18 [INFO] - 大娘王婆 - 今天吃了 4 个包子,吃饱了遛弯儿去~ 
2015-02-17 16:09:18 [INFO] - 刚来的消费者【2】 要求上包子! 劳资TM等 1 年了！！ 
2015-02-17 16:09:18 [INFO] - 新增生产者【1】 - 生产了一个包子 【 新增生产者【1】_21 】 
2015-02-17 16:09:19 [INFO] - 刚来的消费者【2】 - 吃掉了一个包子 【新增生产者【1】_21 】篮子里还有【0】个 
2015-02-17 16:09:19 [INFO] - 刚来的消费者【2】 - 今天吃了 4 个包子,吃饱了遛弯儿去~ 
2015-02-17 16:09:19 [INFO] - 刚来的消费者【7】 要求上包子! 劳资TM等 1 年了！！ 
2015-02-17 16:09:19 [INFO] - 包子师傅韩梅梅 - 生产了一个包子 【 包子师傅韩梅梅_22 】 
2015-02-17 16:09:19 [INFO] - 包子师傅韩梅梅 - 今天做够 5 个包子了！回家碎觉！ 
2015-02-17 16:09:19 [INFO] - 包子师傅李雷雷 - 生产了一个包子 【 包子师傅李雷雷_23 】 
2015-02-17 16:09:19 [INFO] - 包子师傅李雷雷 - 今天做够 5 个包子了！回家碎觉！ 
2015-02-17 16:09:19 [INFO] - 包子师傅王大壮 - 生产了一个包子 【 包子师傅王大壮_24 】 
2015-02-17 16:09:19 [INFO] - 包子师傅王大壮 - 今天做够 5 个包子了！回家碎觉！ 
2015-02-17 16:09:19 [WARN] - 新增生产者【4】 应聘上班,直接开始蒸包子！ 
2015-02-17 16:09:19 [INFO] - 新增生产者【4】 - 生产了一个包子 【 新增生产者【4】_25 】 
2015-02-17 16:09:19 [WARN] - 当前拥有的 生产者线程组 数量为 -- 4 
2015-02-17 16:09:19 [WARN] - 当前拥有的 消费者线程组 数量为 -- 5 
2015-02-17 16:23:23 [WARN] - 当前拥有的 生产者线程组 数量为 -- 3 
2015-02-17 16:23:23 [INFO] - 大爷李刚 要求上包子! 劳资TM等 1 年了！！ 
2015-02-17 16:23:23 [WARN] - 刚来的消费者【1】 进店吃包子啦！ 
2015-02-17 16:23:23 [INFO] - 包子师傅王大壮 - 生产了一个包子 【 包子师傅王大壮_1 】 
2015-02-17 16:23:23 [INFO] - 目前卖包子的已经生产了（0）个包子, 吃包子的已经消费了（0）个包子 
2015-02-17 16:23:23 [INFO] - 包子师傅李雷雷 - 生产了一个包子 【 包子师傅李雷雷_2 】 
2015-02-17 16:23:23 [WARN] - 当前拥有的 消费者线程组 数量为 -- 3 
2015-02-17 16:23:23 [INFO] - 目前卖包子的已经生产了（2）个包子, 吃包子的已经消费了（0）个包子 
2015-02-17 16:23:23 [INFO] - 包子师傅韩梅梅 - 生产了一个包子 【 包子师傅韩梅梅_3 】 
2015-02-17 16:23:24 [INFO] - 大爷李刚 - 吃掉了一个包子 【包子师傅韩梅梅_3 】篮子里还有【2】个 
2015-02-17 16:23:24 [INFO] - 刚来的消费者【1】 - 吃掉了一个包子 【包子师傅李雷雷_2 】篮子里还有【1】个 
2015-02-17 16:23:24 [INFO] - 大娘王婆 - 吃掉了一个包子 【包子师傅王大壮_1 】篮子里还有【0】个 
2015-02-17 16:23:25 [INFO] - 大爷李刚 要求上包子! 劳资TM等 1 年了！！ 
2015-02-17 16:23:25 [WARN] - 刚来的消费者【2】 进店吃包子啦！ 
2015-02-17 16:23:25 [WARN] - 当前拥有的 生产者线程组 数量为 -- 3 
2015-02-17 16:23:25 [INFO] - 目前卖包子的已经生产了（3）个包子, 吃包子的已经消费了（3）个包子 
2015-02-17 16:23:25 [WARN] - 当前拥有的 消费者线程组 数量为 -- 4 
2015-02-17 16:23:25 [INFO] - 目前卖包子的已经生产了（3）个包子, 吃包子的已经消费了（3）个包子 
2015-02-17 16:23:26 [INFO] - 大爷李刚 要求上包子! 劳资TM等 2 年了！！ 
2015-02-17 16:23:27 [INFO] - 大爷李刚 要求上包子! 劳资TM等 3 年了！！ 
2015-02-17 16:23:27 [WARN] - 新增生产者【1】 应聘上班,直接开始蒸包子！ 
2015-02-17 16:23:27 [INFO] - 新增生产者【1】 - 生产了一个包子 【 新增生产者【1】_4 】 
2015-02-17 16:23:27 [WARN] - 当前拥有的 生产者线程组 数量为 -- 4 
2015-02-17 16:23:27 [INFO] - 目前卖包子的已经生产了（4）个包子, 吃包子的已经消费了（3）个包子 
2015-02-17 16:23:27 [WARN] - 当前拥有的 消费者线程组 数量为 -- 4 
2015-02-17 16:23:27 [INFO] - 目前卖包子的已经生产了（4）个包子, 吃包子的已经消费了（3）个包子 
2015-02-17 16:23:28 [INFO] - 大爷李刚 - 吃掉了一个包子 【新增生产者【1】_4 】篮子里还有【0】个 
2015-02-17 16:23:28 [INFO] - 刚来的消费者【2】 要求上包子! 劳资TM等 1 年了！！ 
2015-02-17 16:23:28 [INFO] - 包子师傅王大壮 - 生产了一个包子 【 包子师傅王大壮_5 】 
2015-02-17 16:23:28 [INFO] - 包子师傅李雷雷 - 生产了一个包子 【 包子师傅李雷雷_6 】 
2015-02-17 16:23:28 [INFO] - 包子师傅韩梅梅 - 生产了一个包子 【 包子师傅韩梅梅_7 】 
2015-02-17 16:23:29 [INFO] - 刚来的消费者【2】 - 吃掉了一个包子 【包子师傅韩梅梅_7 】篮子里还有【2】个 
2015-02-17 16:23:29 [INFO] - 大娘王婆 - 吃掉了一个包子 【包子师傅李雷雷_6 】篮子里还有【1】个 
2015-02-17 16:23:29 [INFO] - 刚来的消费者【1】 - 吃掉了一个包子 【包子师傅王大壮_5 】篮子里还有【0】个 
2015-02-17 16:23:29 [INFO] - 大爷李刚 要求上包子! 劳资TM等 1 年了！！ 
2015-02-17 16:23:29 [WARN] - 刚来的消费者【3】 进店吃包子啦！ 
2015-02-17 16:23:29 [WARN] - 当前拥有的 生产者线程组 数量为 -- 4 
2015-02-17 16:23:29 [INFO] - 目前卖包子的已经生产了（7）个包子, 吃包子的已经消费了（7）个包子 
2015-02-17 16:23:29 [WARN] - 当前拥有的 消费者线程组 数量为 -- 5 
2015-02-17 16:23:29 [INFO] - 目前卖包子的已经生产了（7）个包子, 吃包子的已经消费了（7）个包子 
2015-02-17 16:23:30 [INFO] - 大爷李刚 要求上包子! 劳资TM等 2 年了！！ 
2015-02-17 16:23:31 [INFO] - 大爷李刚 要求上包子! 劳资TM等 3 年了！！ 
2015-02-17 16:23:31 [WARN] - 新增生产者【2】 应聘上班,直接开始蒸包子！ 
2015-02-17 16:23:31 [INFO] - 新增生产者【2】 - 生产了一个包子 【 新增生产者【2】_8 】 
2015-02-17 16:23:31 [WARN] - 当前拥有的 生产者线程组 数量为 -- 5 
2015-02-17 16:23:31 [INFO] - 目前卖包子的已经生产了（8）个包子, 吃包子的已经消费了（7）个包子 
2015-02-17 16:23:31 [WARN] - 当前拥有的 消费者线程组 数量为 -- 5 
2015-02-17 16:23:31 [INFO] - 目前卖包子的已经生产了（8）个包子, 吃包子的已经消费了（7）个包子 
2015-02-17 16:23:32 [INFO] - 大爷李刚 - 吃掉了一个包子 【新增生产者【2】_8 】篮子里还有【0】个 
2015-02-17 16:23:32 [INFO] - 刚来的消费者【1】 要求上包子! 劳资TM等 1 年了！！ 
2015-02-17 16:23:32 [INFO] - 新增生产者【1】 - 生产了一个包子 【 新增生产者【1】_9 】 
2015-02-17 16:23:33 [INFO] - 刚来的消费者【1】 - 吃掉了一个包子 【新增生产者【1】_9 】篮子里还有【0】个 
2015-02-17 16:23:33 [INFO] - 大娘王婆 要求上包子! 劳资TM等 1 年了！！ 
2015-02-17 16:23:33 [INFO] - 包子师傅王大壮 - 生产了一个包子 【 包子师傅王大壮_10 】 
2015-02-17 16:23:33 [INFO] - 包子师傅李雷雷 - 生产了一个包子 【 包子师傅李雷雷_11 】 
2015-02-17 16:23:33 [INFO] - 包子师傅韩梅梅 - 生产了一个包子 【 包子师傅韩梅梅_12 】 
2015-02-17 16:23:33 [WARN] - 刚来的消费者【4】 进店吃包子啦！ 
2015-02-17 16:23:33 [WARN] - 当前拥有的 生产者线程组 数量为 -- 5 
2015-02-17 16:23:33 [INFO] - 目前卖包子的已经生产了（12）个包子, 吃包子的已经消费了（9）个包子 
2015-02-17 16:23:33 [WARN] - 当前拥有的 消费者线程组 数量为 -- 6 
2015-02-17 16:23:33 [INFO] - 目前卖包子的已经生产了（12）个包子, 吃包子的已经消费了（9）个包子 
2015-02-17 16:52:25 [INFO] - 包子师傅王大壮 - 生产了一个包子 【 包子师傅王大壮_1 】 
2015-02-17 16:52:25 [INFO] - 包子师傅李雷雷 - 生产了一个包子 【 包子师傅李雷雷_2 】 
2015-02-17 16:52:25 [INFO] - 包子师傅韩梅梅 - 生产了一个包子 【 包子师傅韩梅梅_3 】 
2015-02-17 16:52:25 [INFO] - 大爷李刚 要求上包子! 劳资TM等 1 年了！！ 
2015-02-17 16:52:25 [WARN] - 当前拥有的 生产者线程组 数量为 -- 3 
2015-02-17 16:52:25 [INFO] - 目前卖包子的已经生产了（3）个包子, 吃包子的已经消费了（0）个包子 
2015-02-17 16:52:25 [WARN] - 当前篮子里还有 [3] 个包子 
2015-02-17 16:52:25 [WARN] - 刚来的消费者【1】 进店吃包子啦！ 
2015-02-17 16:52:25 [WARN] - 当前拥有的 消费者线程组 数量为 -- 2 
2015-02-17 16:52:25 [INFO] - 目前卖包子的已经生产了（3）个包子, 吃包子的已经消费了（0）个包子 
2015-02-17 16:52:25 [WARN] - 当前篮子里还有 [3] 个包子 
2015-02-17 16:52:26 [INFO] - 大爷李刚 - 吃掉了一个包子 【包子师傅韩梅梅_3 】篮子里还有【2】个 
2015-02-17 16:52:26 [INFO] - 刚来的消费者【1】 - 吃掉了一个包子 【包子师傅李雷雷_2 】篮子里还有【1】个 
2015-02-17 16:52:26 [INFO] - 大娘王婆 - 吃掉了一个包子 【包子师傅王大壮_1 】篮子里还有【0】个 
2015-02-17 16:52:26 [INFO] - 大爷李刚 要求上包子! 劳资TM等 1 年了！！ 
2015-02-17 16:52:27 [WARN] - 刚来的消费者【2】 进店吃包子啦！ 
2015-02-17 16:52:27 [WARN] - 当前拥有的 生产者线程组 数量为 -- 3 
2015-02-17 16:52:27 [INFO] - 目前卖包子的已经生产了（3）个包子, 吃包子的已经消费了（3）个包子 
2015-02-17 16:52:27 [WARN] - 当前篮子里还有 [0] 个包子 
2015-02-17 16:52:27 [WARN] - 当前拥有的 消费者线程组 数量为 -- 4 
2015-02-17 16:52:27 [INFO] - 目前卖包子的已经生产了（3）个包子, 吃包子的已经消费了（3）个包子 
2015-02-17 16:52:27 [WARN] - 当前篮子里还有 [0] 个包子 
2015-02-17 16:52:27 [INFO] - 大爷李刚 要求上包子! 劳资TM等 2 年了！！ 
2015-02-17 16:52:28 [INFO] - 大爷李刚 要求上包子! 劳资TM等 3 年了！！ 
2015-02-17 16:52:29 [WARN] - 新增生产者【1】 应聘上班,直接开始蒸包子！ 
2015-02-17 16:52:29 [INFO] - 新增生产者【1】 - 生产了一个包子 【 新增生产者【1】_4 】 
2015-02-17 16:52:29 [WARN] - 当前拥有的 生产者线程组 数量为 -- 4 
2015-02-17 16:52:29 [INFO] - 目前卖包子的已经生产了（4）个包子, 吃包子的已经消费了（3）个包子 
2015-02-17 16:52:29 [WARN] - 当前篮子里还有 [1] 个包子 
2015-02-17 16:52:29 [WARN] - 当前拥有的 消费者线程组 数量为 -- 4 
2015-02-17 16:52:29 [INFO] - 目前卖包子的已经生产了（4）个包子, 吃包子的已经消费了（3）个包子 
2015-02-17 16:52:29 [WARN] - 当前篮子里还有 [1] 个包子 
2015-02-17 16:52:29 [INFO] - 大爷李刚 - 吃掉了一个包子 【新增生产者【1】_4 】篮子里还有【0】个 
2015-02-17 16:52:29 [INFO] - 刚来的消费者【2】 要求上包子! 劳资TM等 1 年了！！ 
2015-02-17 16:52:30 [INFO] - 包子师傅王大壮 - 生产了一个包子 【 包子师傅王大壮_5 】 
2015-02-17 16:52:30 [INFO] - 包子师傅李雷雷 - 生产了一个包子 【 包子师傅李雷雷_6 】 
2015-02-17 16:52:30 [INFO] - 包子师傅韩梅梅 - 生产了一个包子 【 包子师傅韩梅梅_7 】 
2015-02-17 16:52:30 [INFO] - 刚来的消费者【2】 - 吃掉了一个包子 【包子师傅韩梅梅_7 】篮子里还有【2】个 
2015-02-17 16:52:30 [INFO] - 大娘王婆 - 吃掉了一个包子 【包子师傅李雷雷_6 】篮子里还有【1】个 
2015-02-17 16:52:30 [INFO] - 刚来的消费者【1】 - 吃掉了一个包子 【包子师傅王大壮_5 】篮子里还有【0】个 
2015-02-17 16:52:30 [INFO] - 大爷李刚 要求上包子! 劳资TM等 1 年了！！ 
2015-02-17 16:52:31 [WARN] - 刚来的消费者【3】 进店吃包子啦！ 
2015-02-17 16:52:31 [WARN] - 当前拥有的 生产者线程组 数量为 -- 4 
2015-02-17 16:52:31 [INFO] - 目前卖包子的已经生产了（7）个包子, 吃包子的已经消费了（7）个包子 
2015-02-17 16:52:31 [WARN] - 当前篮子里还有 [0] 个包子 
2015-02-17 16:52:31 [WARN] - 当前拥有的 消费者线程组 数量为 -- 5 
2015-02-17 16:52:31 [INFO] - 目前卖包子的已经生产了（7）个包子, 吃包子的已经消费了（7）个包子 
2015-02-17 16:52:31 [WARN] - 当前篮子里还有 [0] 个包子 
2015-02-17 16:52:31 [INFO] - 大爷李刚 要求上包子! 劳资TM等 2 年了！！ 
2015-02-17 16:52:32 [INFO] - 大爷李刚 要求上包子! 劳资TM等 3 年了！！ 
2015-02-17 16:52:33 [WARN] - 新增生产者【2】 应聘上班,直接开始蒸包子！ 
2015-02-17 16:52:33 [INFO] - 新增生产者【2】 - 生产了一个包子 【 新增生产者【2】_8 】 
2015-02-17 16:52:33 [WARN] - 当前拥有的 生产者线程组 数量为 -- 5 
2015-02-17 16:52:33 [INFO] - 目前卖包子的已经生产了（8）个包子, 吃包子的已经消费了（7）个包子 
2015-02-17 16:52:33 [WARN] - 当前篮子里还有 [1] 个包子 
2015-02-17 16:52:33 [WARN] - 当前拥有的 消费者线程组 数量为 -- 5 
2015-02-17 16:52:33 [INFO] - 目前卖包子的已经生产了（8）个包子, 吃包子的已经消费了（7）个包子 
2015-02-17 16:52:33 [WARN] - 当前篮子里还有 [1] 个包子 
2015-02-17 16:52:33 [INFO] - 大爷李刚 - 吃掉了一个包子 【新增生产者【2】_8 】篮子里还有【0】个 
2015-02-17 16:52:33 [INFO] - 刚来的消费者【1】 要求上包子! 劳资TM等 1 年了！！ 
2015-02-17 16:52:34 [INFO] - 新增生产者【1】 - 生产了一个包子 【 新增生产者【1】_9 】 
2015-02-17 16:52:34 [INFO] - 刚来的消费者【1】 - 吃掉了一个包子 【新增生产者【1】_9 】篮子里还有【0】个 
2015-02-17 16:52:34 [INFO] - 大娘王婆 要求上包子! 劳资TM等 1 年了！！ 
2015-02-17 16:52:35 [INFO] - 包子师傅王大壮 - 生产了一个包子 【 包子师傅王大壮_10 】 
2015-02-17 16:52:35 [INFO] - 包子师傅李雷雷 - 生产了一个包子 【 包子师傅李雷雷_11 】 
2015-02-17 16:52:35 [INFO] - 包子师傅韩梅梅 - 生产了一个包子 【 包子师傅韩梅梅_12 】 
2015-02-17 16:52:35 [WARN] - 刚来的消费者【4】 进店吃包子啦！ 
2015-02-17 16:52:35 [WARN] - 当前拥有的 生产者线程组 数量为 -- 5 
2015-02-17 16:52:35 [INFO] - 目前卖包子的已经生产了（12）个包子, 吃包子的已经消费了（9）个包子 
2015-02-17 16:52:35 [WARN] - 当前篮子里还有 [3] 个包子 
2015-02-17 16:52:35 [WARN] - 当前拥有的 消费者线程组 数量为 -- 6 
2015-02-17 16:52:35 [INFO] - 目前卖包子的已经生产了（12）个包子, 吃包子的已经消费了（9）个包子 
2015-02-17 16:52:35 [WARN] - 当前篮子里还有 [3] 个包子 
2015-02-17 16:52:35 [INFO] - 大娘王婆 - 吃掉了一个包子 【包子师傅韩梅梅_12 】篮子里还有【2】个 
2015-02-17 16:52:35 [INFO] - 刚来的消费者【3】 - 吃掉了一个包子 【包子师傅李雷雷_11 】篮子里还有【1】个 
2015-02-17 16:52:35 [INFO] - 刚来的消费者【2】 - 吃掉了一个包子 【包子师傅王大壮_10 】篮子里还有【0】个 
2015-02-17 16:52:35 [INFO] - 刚来的消费者【1】 要求上包子! 劳资TM等 1 年了！！ 
2015-02-17 16:52:36 [INFO] - 刚来的消费者【1】 要求上包子! 劳资TM等 2 年了！！ 
2015-02-17 16:52:37 [WARN] - 新增生产者【3】 应聘上班,直接开始蒸包子！ 
2015-02-17 16:52:37 [INFO] - 新增生产者【3】 - 生产了一个包子 【 新增生产者【3】_13 】 
2015-02-17 16:52:37 [WARN] - 当前拥有的 生产者线程组 数量为 -- 6 
2015-02-17 16:52:37 [INFO] - 目前卖包子的已经生产了（13）个包子, 吃包子的已经消费了（12）个包子 
2015-02-17 16:52:37 [WARN] - 当前篮子里还有 [1] 个包子 
2015-02-17 16:52:37 [WARN] - 当前拥有的 消费者线程组 数量为 -- 6 
2015-02-17 16:52:37 [INFO] - 目前卖包子的已经生产了（13）个包子, 吃包子的已经消费了（12）个包子 
2015-02-17 16:52:37 [WARN] - 当前篮子里还有 [1] 个包子 
2015-02-17 16:52:37 [INFO] - 刚来的消费者【1】 - 吃掉了一个包子 【新增生产者【3】_13 】篮子里还有【0】个 
2015-02-17 16:52:37 [INFO] - 刚来的消费者【1】 - 今天吃了 4 个包子,吃饱了遛弯儿去~ 
2015-02-17 16:52:37 [INFO] - 刚来的消费者【4】 要求上包子! 劳资TM等 1 年了！！ 
2015-02-17 16:52:38 [INFO] - 新增生产者【2】 - 生产了一个包子 【 新增生产者【2】_14 】 
2015-02-17 16:52:38 [INFO] - 刚来的消费者【4】 - 吃掉了一个包子 【新增生产者【2】_14 】篮子里还有【0】个 
2015-02-17 16:52:38 [INFO] - 大爷李刚 要求上包子! 劳资TM等 1 年了！！ 
2015-02-17 16:52:39 [INFO] - 新增生产者【1】 - 生产了一个包子 【 新增生产者【1】_15 】 
2015-02-17 16:52:39 [WARN] - 刚来的消费者【5】 进店吃包子啦！ 
2015-02-17 16:52:39 [WARN] - 当前拥有的 生产者线程组 数量为 -- 6 
2015-02-17 16:52:39 [INFO] - 目前卖包子的已经生产了（15）个包子, 吃包子的已经消费了（14）个包子 
2015-02-17 16:52:39 [WARN] - 当前篮子里还有 [1] 个包子 
2015-02-17 16:52:39 [WARN] - 当前拥有的 消费者线程组 数量为 -- 6 
2015-02-17 16:52:39 [INFO] - 目前卖包子的已经生产了（15）个包子, 吃包子的已经消费了（14）个包子 
2015-02-17 16:52:39 [WARN] - 当前篮子里还有 [1] 个包子 
2015-02-17 16:52:39 [INFO] - 大爷李刚 - 吃掉了一个包子 【新增生产者【1】_15 】篮子里还有【0】个 
2015-02-17 16:52:39 [INFO] - 大爷李刚 - 今天吃了 4 个包子,吃饱了遛弯儿去~ 
2015-02-17 16:52:39 [INFO] - 刚来的消费者【4】 要求上包子! 劳资TM等 1 年了！！ 
2015-02-17 16:52:40 [INFO] - 包子师傅王大壮 - 生产了一个包子 【 包子师傅王大壮_16 】 
2015-02-17 16:52:40 [INFO] - 包子师傅李雷雷 - 生产了一个包子 【 包子师傅李雷雷_17 】 
2015-02-17 16:52:40 [INFO] - 包子师傅韩梅梅 - 生产了一个包子 【 包子师傅韩梅梅_18 】 
2015-02-17 16:52:40 [INFO] - 刚来的消费者【4】 - 吃掉了一个包子 【包子师傅韩梅梅_18 】篮子里还有【2】个 
2015-02-17 16:52:40 [INFO] - 刚来的消费者【5】 - 吃掉了一个包子 【包子师傅李雷雷_17 】篮子里还有【1】个 
2015-02-17 16:52:40 [INFO] - 刚来的消费者【2】 - 吃掉了一个包子 【包子师傅王大壮_16 】篮子里还有【0】个 
2015-02-17 16:52:40 [INFO] - 刚来的消费者【3】 要求上包子! 劳资TM等 1 年了！！ 
2015-02-17 16:52:41 [WARN] - 刚来的消费者【6】 进店吃包子啦！ 
2015-02-17 16:52:41 [WARN] - 当前拥有的 生产者线程组 数量为 -- 6 
2015-02-17 16:52:41 [INFO] - 目前卖包子的已经生产了（18）个包子, 吃包子的已经消费了（18）个包子 
2015-02-17 16:52:41 [WARN] - 当前篮子里还有 [0] 个包子 
2015-02-17 16:52:41 [WARN] - 当前拥有的 消费者线程组 数量为 -- 6 
2015-02-17 16:52:41 [INFO] - 目前卖包子的已经生产了（18）个包子, 吃包子的已经消费了（18）个包子 
2015-02-17 16:52:41 [WARN] - 当前篮子里还有 [0] 个包子 
2015-02-17 16:52:41 [INFO] - 刚来的消费者【3】 要求上包子! 劳资TM等 2 年了！！ 
2015-02-17 16:52:42 [INFO] - 新增生产者【3】 - 生产了一个包子 【 新增生产者【3】_19 】 
2015-02-17 16:52:42 [INFO] - 刚来的消费者【3】 - 吃掉了一个包子 【新增生产者【3】_19 】篮子里还有【0】个 
2015-02-17 16:52:42 [INFO] - 大娘王婆 要求上包子! 劳资TM等 1 年了！！ 
2015-02-17 16:52:43 [INFO] - 新增生产者【2】 - 生产了一个包子 【 新增生产者【2】_20 】 
2015-02-17 16:52:43 [WARN] - 刚来的消费者【7】 进店吃包子啦！ 
2015-02-17 16:52:43 [WARN] - 当前拥有的 生产者线程组 数量为 -- 6 
2015-02-17 16:52:43 [INFO] - 目前卖包子的已经生产了（20）个包子, 吃包子的已经消费了（19）个包子 
2015-02-17 16:52:43 [WARN] - 当前篮子里还有 [1] 个包子 
2015-02-17 16:52:43 [WARN] - 当前拥有的 消费者线程组 数量为 -- 7 
2015-02-17 16:52:43 [INFO] - 目前卖包子的已经生产了（20）个包子, 吃包子的已经消费了（19）个包子 
2015-02-17 16:52:43 [WARN] - 当前篮子里还有 [1] 个包子 
2015-02-17 16:52:43 [INFO] - 大娘王婆 - 吃掉了一个包子 【新增生产者【2】_20 】篮子里还有【0】个 
2015-02-17 16:52:43 [INFO] - 大娘王婆 - 今天吃了 4 个包子,吃饱了遛弯儿去~ 
2015-02-17 16:52:43 [INFO] - 刚来的消费者【3】 要求上包子! 劳资TM等 1 年了！！ 
2015-02-17 16:52:44 [INFO] - 新增生产者【1】 - 生产了一个包子 【 新增生产者【1】_21 】 
2015-02-17 16:52:44 [INFO] - 刚来的消费者【3】 - 吃掉了一个包子 【新增生产者【1】_21 】篮子里还有【0】个 
2015-02-17 16:52:44 [INFO] - 刚来的消费者【7】 要求上包子! 劳资TM等 1 年了！！ 
2015-02-17 16:52:45 [INFO] - 包子师傅王大壮 - 生产了一个包子 【 包子师傅王大壮_22 】 
2015-02-17 16:52:45 [INFO] - 包子师傅王大壮 - 今天做够 5 个包子了！回家碎觉！ 
2015-02-17 16:52:45 [INFO] - 包子师傅李雷雷 - 生产了一个包子 【 包子师傅李雷雷_23 】 
2015-02-17 16:52:45 [INFO] - 包子师傅李雷雷 - 今天做够 5 个包子了！回家碎觉！ 
2015-02-17 16:52:45 [INFO] - 包子师傅韩梅梅 - 生产了一个包子 【 包子师傅韩梅梅_24 】 
2015-02-17 16:52:45 [INFO] - 包子师傅韩梅梅 - 今天做够 5 个包子了！回家碎觉！ 
2015-02-17 16:52:45 [WARN] - 新增生产者【4】 应聘上班,直接开始蒸包子！ 
2015-02-17 16:52:45 [INFO] - 新增生产者【4】 - 生产了一个包子 【 新增生产者【4】_25 】 
2015-02-17 16:52:45 [WARN] - 当前拥有的 生产者线程组 数量为 -- 4 
2015-02-17 16:52:45 [INFO] - 目前卖包子的已经生产了（25）个包子, 吃包子的已经消费了（21）个包子 
2015-02-17 16:52:45 [WARN] - 当前篮子里还有 [4] 个包子 
2015-02-17 16:52:45 [WARN] - 当前拥有的 消费者线程组 数量为 -- 6 
2015-02-17 16:52:45 [INFO] - 目前卖包子的已经生产了（25）个包子, 吃包子的已经消费了（21）个包子 
2015-02-17 16:52:45 [WARN] - 当前篮子里还有 [4] 个包子 
2015-02-17 16:52:45 [INFO] - 刚来的消费者【7】 - 吃掉了一个包子 【新增生产者【4】_25 】篮子里还有【3】个 
2015-02-17 16:52:45 [INFO] - 刚来的消费者【2】 - 吃掉了一个包子 【包子师傅韩梅梅_24 】篮子里还有【2】个 
2015-02-17 16:52:45 [INFO] - 刚来的消费者【2】 - 今天吃了 4 个包子,吃饱了遛弯儿去~ 
2015-02-17 16:52:45 [INFO] - 刚来的消费者【5】 - 吃掉了一个包子 【包子师傅李雷雷_23 】篮子里还有【1】个 
2015-02-17 16:52:45 [INFO] - 刚来的消费者【4】 - 吃掉了一个包子 【包子师傅王大壮_22 】篮子里还有【0】个 
2015-02-17 16:52:45 [INFO] - 刚来的消费者【6】 要求上包子! 劳资TM等 1 年了！！ 
2015-02-17 16:52:46 [INFO] - 刚来的消费者【6】 要求上包子! 劳资TM等 2 年了！！ 
2015-02-17 16:52:47 [INFO] - 新增生产者【3】 - 生产了一个包子 【 新增生产者【3】_26 】 
2015-02-17 16:52:47 [WARN] - 新增生产者【5】 应聘上班,直接开始蒸包子！ 
2015-02-17 16:52:47 [INFO] - 新增生产者【5】 - 生产了一个包子 【 新增生产者【5】_27 】 
2015-02-17 16:52:47 [WARN] - 当前拥有的 生产者线程组 数量为 -- 5 
2015-02-17 16:52:47 [INFO] - 目前卖包子的已经生产了（27）个包子, 吃包子的已经消费了（25）个包子 
2015-02-17 16:52:47 [WARN] - 当前篮子里还有 [2] 个包子 
2015-02-17 16:52:47 [WARN] - 当前拥有的 消费者线程组 数量为 -- 5 
2015-02-17 16:52:47 [INFO] - 目前卖包子的已经生产了（27）个包子, 吃包子的已经消费了（25）个包子 
2015-02-17 16:52:47 [WARN] - 当前篮子里还有 [2] 个包子 
2015-02-17 16:52:47 [INFO] - 刚来的消费者【6】 - 吃掉了一个包子 【新增生产者【5】_27 】篮子里还有【1】个 
2015-02-17 16:52:47 [INFO] - 刚来的消费者【4】 - 吃掉了一个包子 【新增生产者【3】_26 】篮子里还有【0】个 
2015-02-17 16:52:47 [INFO] - 刚来的消费者【4】 - 今天吃了 4 个包子,吃饱了遛弯儿去~ 
2015-02-17 16:52:47 [INFO] - 刚来的消费者【5】 要求上包子! 劳资TM等 1 年了！！ 
2015-02-17 16:52:48 [INFO] - 新增生产者【2】 - 生产了一个包子 【 新增生产者【2】_28 】 
2015-02-17 16:52:48 [INFO] - 刚来的消费者【5】 - 吃掉了一个包子 【新增生产者【2】_28 】篮子里还有【0】个 
2015-02-17 16:52:48 [INFO] - 刚来的消费者【7】 要求上包子! 劳资TM等 1 年了！！ 
2015-02-17 16:52:49 [INFO] - 新增生产者【1】 - 生产了一个包子 【 新增生产者【1】_29 】 
2015-02-17 16:52:49 [INFO] - 新增生产者【1】 - 今天做够 5 个包子了！回家碎觉！ 
2015-02-17 16:52:49 [WARN] - 刚来的消费者【8】 进店吃包子啦！ 
2015-02-17 16:52:49 [WARN] - 当前拥有的 生产者线程组 数量为 -- 4 
2015-02-17 16:52:49 [INFO] - 目前卖包子的已经生产了（29）个包子, 吃包子的已经消费了（28）个包子 
2015-02-17 16:52:49 [WARN] - 当前篮子里还有 [1] 个包子 
2015-02-17 16:52:49 [WARN] - 当前拥有的 消费者线程组 数量为 -- 5 
2015-02-17 16:52:49 [INFO] - 目前卖包子的已经生产了（29）个包子, 吃包子的已经消费了（28）个包子 
2015-02-17 16:52:49 [WARN] - 当前篮子里还有 [1] 个包子 
2015-02-17 16:52:49 [INFO] - 刚来的消费者【7】 - 吃掉了一个包子 【新增生产者【1】_29 】篮子里还有【0】个 
2015-02-17 16:52:49 [INFO] - 刚来的消费者【3】 要求上包子! 劳资TM等 1 年了！！ 
2015-02-17 16:52:50 [INFO] - 新增生产者【4】 - 生产了一个包子 【 新增生产者【4】_30 】 
2015-02-17 16:52:50 [INFO] - 刚来的消费者【3】 - 吃掉了一个包子 【新增生产者【4】_30 】篮子里还有【0】个 
2015-02-17 16:52:50 [INFO] - 刚来的消费者【3】 - 今天吃了 4 个包子,吃饱了遛弯儿去~ 
2015-02-17 16:52:50 [INFO] - 刚来的消费者【7】 要求上包子! 劳资TM等 1 年了！！ 
2015-02-17 16:52:51 [WARN] - 刚来的消费者【9】 进店吃包子啦！ 
2015-02-17 16:52:51 [WARN] - 当前拥有的 生产者线程组 数量为 -- 4 
2015-02-17 16:52:51 [INFO] - 目前卖包子的已经生产了（30）个包子, 吃包子的已经消费了（30）个包子 
2015-02-17 16:52:51 [WARN] - 当前篮子里还有 [0] 个包子 
2015-02-17 16:52:51 [WARN] - 当前拥有的 消费者线程组 数量为 -- 5 
2015-02-17 16:52:51 [INFO] - 目前卖包子的已经生产了（30）个包子, 吃包子的已经消费了（30）个包子 
2015-02-17 16:52:51 [WARN] - 当前篮子里还有 [0] 个包子 
2015-02-17 16:52:51 [INFO] - 刚来的消费者【7】 要求上包子! 劳资TM等 2 年了！！ 
2015-02-17 16:52:52 [INFO] - 新增生产者【3】 - 生产了一个包子 【 新增生产者【3】_31 】 
2015-02-17 16:52:52 [INFO] - 新增生产者【5】 - 生产了一个包子 【 新增生产者【5】_32 】 
2015-02-17 16:52:52 [INFO] - 刚来的消费者【7】 - 吃掉了一个包子 【新增生产者【5】_32 】篮子里还有【1】个 
2015-02-17 16:52:52 [INFO] - 刚来的消费者【5】 - 吃掉了一个包子 【新增生产者【3】_31 】篮子里还有【0】个 
2015-02-17 16:52:52 [INFO] - 刚来的消费者【5】 - 今天吃了 4 个包子,吃饱了遛弯儿去~ 
2015-02-17 16:52:52 [INFO] - 刚来的消费者【8】 要求上包子! 劳资TM等 1 年了！！ 
2015-02-17 16:52:53 [INFO] - 新增生产者【2】 - 生产了一个包子 【 新增生产者【2】_33 】 
2015-02-17 16:52:53 [INFO] - 新增生产者【2】 - 今天做够 5 个包子了！回家碎觉！ 
2015-02-17 16:52:53 [WARN] - 新增生产者【6】 应聘上班,直接开始蒸包子！ 
2015-02-17 16:52:53 [INFO] - 新增生产者【6】 - 生产了一个包子 【 新增生产者【6】_34 】 
2015-02-17 16:52:53 [WARN] - 当前拥有的 生产者线程组 数量为 -- 4 
2015-02-17 16:52:53 [INFO] - 目前卖包子的已经生产了（34）个包子, 吃包子的已经消费了（32）个包子 
2015-02-17 16:52:53 [WARN] - 当前篮子里还有 [2] 个包子 
2015-02-17 16:52:53 [WARN] - 当前拥有的 消费者线程组 数量为 -- 4 
2015-02-17 16:52:53 [INFO] - 目前卖包子的已经生产了（34）个包子, 吃包子的已经消费了（32）个包子 
2015-02-17 16:52:53 [WARN] - 当前篮子里还有 [2] 个包子 
2015-02-17 16:53:08 [INFO] - 大爷李刚 要求上包子! 劳资TM等 1 年了！！ 
2015-02-17 16:53:08 [INFO] - 包子师傅王大壮 - 生产了一个包子 【 包子师傅王大壮_1 】 
2015-02-17 16:53:08 [INFO] - 包子师傅李雷雷 - 生产了一个包子 【 包子师傅李雷雷_2 】 
2015-02-17 16:53:08 [INFO] - 包子师傅韩梅梅 - 生产了一个包子 【 包子师傅韩梅梅_3 】 
2015-02-17 16:53:08 [WARN] - 当前拥有的 生产者线程组 数量为 -- 3 
2015-02-17 16:53:08 [INFO] - 目前卖包子的已经生产了（3）个包子, 吃包子的已经消费了（0）个包子 
2015-02-17 16:53:08 [WARN] - 当前篮子里还有 [3] 个包子 
2015-02-17 16:53:08 [WARN] - 当前拥有的 消费者线程组 数量为 -- 2 
2015-02-17 16:53:08 [INFO] - 目前卖包子的已经生产了（3）个包子, 吃包子的已经消费了（0）个包子 
2015-02-17 16:53:08 [WARN] - 当前篮子里还有 [3] 个包子 
2015-02-17 16:53:08 [WARN] - 刚来的消费者【1】 进店吃包子啦！ 
2015-02-17 16:53:09 [INFO] - 大爷李刚 - 吃掉了一个包子 【包子师傅韩梅梅_3 】篮子里还有【2】个 
2015-02-17 16:53:09 [INFO] - 刚来的消费者【1】 - 吃掉了一个包子 【包子师傅李雷雷_2 】篮子里还有【1】个 
2015-02-17 16:53:09 [INFO] - 大娘王婆 - 吃掉了一个包子 【包子师傅王大壮_1 】篮子里还有【0】个 
2015-02-17 16:53:09 [INFO] - 大爷李刚 要求上包子! 劳资TM等 1 年了！！ 
2015-02-17 16:53:10 [WARN] - 当前拥有的 生产者线程组 数量为 -- 3 
2015-02-17 16:53:10 [INFO] - 目前卖包子的已经生产了（3）个包子, 吃包子的已经消费了（3）个包子 
2015-02-17 16:53:10 [WARN] - 当前篮子里还有 [0] 个包子 
2015-02-17 16:53:10 [WARN] - 刚来的消费者【2】 进店吃包子啦！ 
2015-02-17 16:53:10 [WARN] - 当前拥有的 消费者线程组 数量为 -- 3 
2015-02-17 16:53:10 [INFO] - 目前卖包子的已经生产了（3）个包子, 吃包子的已经消费了（3）个包子 
2015-02-17 16:53:10 [WARN] - 当前篮子里还有 [0] 个包子 
2015-02-17 16:53:10 [INFO] - 大爷李刚 要求上包子! 劳资TM等 2 年了！！ 
2015-02-17 16:53:11 [INFO] - 大爷李刚 要求上包子! 劳资TM等 3 年了！！ 
2015-02-17 16:53:12 [WARN] - 新增生产者【1】 应聘上班,直接开始蒸包子！ 
2015-02-17 16:53:12 [WARN] - 当前拥有的 生产者线程组 数量为 -- 4 
2015-02-17 16:53:12 [INFO] - 目前卖包子的已经生产了（3）个包子, 吃包子的已经消费了（3）个包子 
2015-02-17 16:53:12 [INFO] - 新增生产者【1】 - 生产了一个包子 【 新增生产者【1】_4 】 
2015-02-17 16:53:12 [WARN] - 当前篮子里还有 [0] 个包子 
2015-02-17 16:53:12 [WARN] - 当前拥有的 消费者线程组 数量为 -- 4 
2015-02-17 16:53:12 [INFO] - 目前卖包子的已经生产了（4）个包子, 吃包子的已经消费了（3）个包子 
2015-02-17 16:53:12 [WARN] - 当前篮子里还有 [1] 个包子 
2015-02-17 16:53:12 [INFO] - 大爷李刚 - 吃掉了一个包子 【新增生产者【1】_4 】篮子里还有【0】个 
2015-02-17 16:53:12 [INFO] - 刚来的消费者【2】 要求上包子! 劳资TM等 1 年了！！ 
2015-02-17 16:53:13 [INFO] - 包子师傅王大壮 - 生产了一个包子 【 包子师傅王大壮_5 】 
2015-02-17 16:53:13 [INFO] - 包子师傅李雷雷 - 生产了一个包子 【 包子师傅李雷雷_6 】 
2015-02-17 16:53:13 [INFO] - 包子师傅韩梅梅 - 生产了一个包子 【 包子师傅韩梅梅_7 】 
2015-02-17 16:53:13 [INFO] - 刚来的消费者【2】 - 吃掉了一个包子 【包子师傅韩梅梅_7 】篮子里还有【2】个 
2015-02-17 16:53:13 [INFO] - 大娘王婆 - 吃掉了一个包子 【包子师傅李雷雷_6 】篮子里还有【1】个 
2015-02-17 16:53:13 [INFO] - 刚来的消费者【1】 - 吃掉了一个包子 【包子师傅王大壮_5 】篮子里还有【0】个 
2015-02-17 16:53:13 [INFO] - 大爷李刚 要求上包子! 劳资TM等 1 年了！！ 
2015-02-17 16:53:14 [WARN] - 刚来的消费者【3】 进店吃包子啦！ 
2015-02-17 16:53:14 [WARN] - 当前拥有的 生产者线程组 数量为 -- 4 
2015-02-17 16:53:14 [INFO] - 目前卖包子的已经生产了（7）个包子, 吃包子的已经消费了（7）个包子 
2015-02-17 16:53:14 [WARN] - 当前篮子里还有 [0] 个包子 
2015-02-17 16:53:14 [WARN] - 当前拥有的 消费者线程组 数量为 -- 5 
2015-02-17 16:53:14 [INFO] - 目前卖包子的已经生产了（7）个包子, 吃包子的已经消费了（7）个包子 
2015-02-17 16:53:14 [WARN] - 当前篮子里还有 [0] 个包子 
2015-02-17 16:53:14 [INFO] - 大爷李刚 要求上包子! 劳资TM等 2 年了！！ 
2015-02-17 16:53:15 [INFO] - 大爷李刚 要求上包子! 劳资TM等 3 年了！！ 
2015-02-17 16:53:16 [WARN] - 新增生产者【2】 应聘上班,直接开始蒸包子！ 
2015-02-17 16:53:16 [INFO] - 新增生产者【2】 - 生产了一个包子 【 新增生产者【2】_8 】 
2015-02-17 16:53:16 [WARN] - 当前拥有的 生产者线程组 数量为 -- 5 
2015-02-17 16:53:16 [INFO] - 目前卖包子的已经生产了（8）个包子, 吃包子的已经消费了（7）个包子 
2015-02-17 16:53:16 [WARN] - 当前篮子里还有 [1] 个包子 
2015-02-17 16:53:16 [WARN] - 当前拥有的 消费者线程组 数量为 -- 5 
2015-02-17 16:53:16 [INFO] - 目前卖包子的已经生产了（8）个包子, 吃包子的已经消费了（7）个包子 
2015-02-17 16:53:16 [WARN] - 当前篮子里还有 [1] 个包子 
2015-02-17 16:53:16 [INFO] - 大爷李刚 - 吃掉了一个包子 【新增生产者【2】_8 】篮子里还有【0】个 
2015-02-17 16:53:16 [INFO] - 刚来的消费者【3】 要求上包子! 劳资TM等 1 年了！！ 
2015-02-17 16:53:17 [INFO] - 新增生产者【1】 - 生产了一个包子 【 新增生产者【1】_9 】 
2015-02-17 16:53:17 [INFO] - 刚来的消费者【3】 - 吃掉了一个包子 【新增生产者【1】_9 】篮子里还有【0】个 
2015-02-17 16:53:17 [INFO] - 刚来的消费者【1】 要求上包子! 劳资TM等 1 年了！！ 
2015-02-17 16:53:18 [INFO] - 包子师傅王大壮 - 生产了一个包子 【 包子师傅王大壮_10 】 
2015-02-17 16:53:18 [INFO] - 包子师傅李雷雷 - 生产了一个包子 【 包子师傅李雷雷_11 】 
2015-02-17 16:53:18 [INFO] - 包子师傅韩梅梅 - 生产了一个包子 【 包子师傅韩梅梅_12 】 
2015-02-17 16:53:18 [WARN] - 刚来的消费者【4】 进店吃包子啦！ 
2015-02-17 16:53:18 [WARN] - 当前拥有的 生产者线程组 数量为 -- 5 
2015-02-17 16:53:18 [INFO] - 目前卖包子的已经生产了（12）个包子, 吃包子的已经消费了（9）个包子 
2015-02-17 16:53:18 [WARN] - 当前篮子里还有 [3] 个包子 
2015-02-17 16:53:18 [WARN] - 当前拥有的 消费者线程组 数量为 -- 6 
2015-02-17 16:53:18 [INFO] - 目前卖包子的已经生产了（12）个包子, 吃包子的已经消费了（9）个包子 
2015-02-17 16:53:18 [WARN] - 当前篮子里还有 [3] 个包子 
2015-02-17 16:53:18 [INFO] - 刚来的消费者【1】 - 吃掉了一个包子 【包子师傅韩梅梅_12 】篮子里还有【2】个 
2015-02-17 16:53:18 [INFO] - 大娘王婆 - 吃掉了一个包子 【包子师傅李雷雷_11 】篮子里还有【1】个 
2015-02-17 16:53:18 [INFO] - 刚来的消费者【2】 - 吃掉了一个包子 【包子师傅王大壮_10 】篮子里还有【0】个 
2015-02-17 16:53:18 [INFO] - 刚来的消费者【3】 要求上包子! 劳资TM等 1 年了！！ 
2015-02-17 16:53:19 [INFO] - 刚来的消费者【3】 要求上包子! 劳资TM等 2 年了！！ 
2015-02-17 16:53:20 [WARN] - 新增生产者【3】 应聘上班,直接开始蒸包子！ 
2015-02-17 16:53:20 [INFO] - 新增生产者【3】 - 生产了一个包子 【 新增生产者【3】_13 】 
2015-02-17 16:53:20 [WARN] - 当前拥有的 生产者线程组 数量为 -- 6 
2015-02-17 16:53:20 [INFO] - 目前卖包子的已经生产了（13）个包子, 吃包子的已经消费了（12）个包子 
2015-02-17 16:53:20 [WARN] - 当前篮子里还有 [1] 个包子 
2015-02-17 16:53:20 [WARN] - 当前拥有的 消费者线程组 数量为 -- 6 
2015-02-17 16:53:20 [INFO] - 目前卖包子的已经生产了（13）个包子, 吃包子的已经消费了（12）个包子 
2015-02-17 16:53:20 [WARN] - 当前篮子里还有 [1] 个包子 
2015-02-17 16:53:20 [INFO] - 刚来的消费者【3】 - 吃掉了一个包子 【新增生产者【3】_13 】篮子里还有【0】个 
2015-02-17 16:53:20 [INFO] - 刚来的消费者【4】 要求上包子! 劳资TM等 1 年了！！ 
2015-02-17 16:53:21 [INFO] - 新增生产者【2】 - 生产了一个包子 【 新增生产者【2】_14 】 
2015-02-17 16:53:21 [INFO] - 刚来的消费者【4】 - 吃掉了一个包子 【新增生产者【2】_14 】篮子里还有【0】个 
2015-02-17 16:53:21 [INFO] - 大爷李刚 要求上包子! 劳资TM等 1 年了！！ 
2015-02-17 16:53:22 [INFO] - 新增生产者【1】 - 生产了一个包子 【 新增生产者【1】_15 】 
2015-02-17 16:53:22 [WARN] - 刚来的消费者【5】 进店吃包子啦！ 
2015-02-17 16:53:22 [WARN] - 当前拥有的 生产者线程组 数量为 -- 6 
2015-02-17 16:53:22 [INFO] - 目前卖包子的已经生产了（15）个包子, 吃包子的已经消费了（14）个包子 
2015-02-17 16:53:22 [WARN] - 当前篮子里还有 [1] 个包子 
2015-02-17 16:53:22 [WARN] - 当前拥有的 消费者线程组 数量为 -- 7 
2015-02-17 16:53:22 [INFO] - 目前卖包子的已经生产了（15）个包子, 吃包子的已经消费了（14）个包子 
2015-02-17 16:53:22 [WARN] - 当前篮子里还有 [1] 个包子 
2015-02-17 16:53:22 [INFO] - 大爷李刚 - 吃掉了一个包子 【新增生产者【1】_15 】篮子里还有【0】个 
2015-02-17 16:53:22 [INFO] - 大爷李刚 - 今天吃了 4 个包子,吃饱了遛弯儿去~ 
2015-02-17 16:53:22 [INFO] - 刚来的消费者【4】 要求上包子! 劳资TM等 1 年了！！ 
2015-02-17 16:53:23 [INFO] - 包子师傅王大壮 - 生产了一个包子 【 包子师傅王大壮_16 】 
2015-02-17 16:53:23 [INFO] - 包子师傅李雷雷 - 生产了一个包子 【 包子师傅李雷雷_17 】 
2015-02-17 16:53:23 [INFO] - 包子师傅韩梅梅 - 生产了一个包子 【 包子师傅韩梅梅_18 】 
2015-02-17 16:53:23 [INFO] - 刚来的消费者【4】 - 吃掉了一个包子 【包子师傅韩梅梅_18 】篮子里还有【2】个 
2015-02-17 16:53:23 [INFO] - 刚来的消费者【5】 - 吃掉了一个包子 【包子师傅李雷雷_17 】篮子里还有【1】个 
2015-02-17 16:53:23 [INFO] - 刚来的消费者【3】 - 吃掉了一个包子 【包子师傅王大壮_16 】篮子里还有【0】个 
2015-02-17 16:53:23 [INFO] - 刚来的消费者【2】 要求上包子! 劳资TM等 1 年了！！ 
2015-02-17 16:53:24 [WARN] - 刚来的消费者【6】 进店吃包子啦！ 
2015-02-17 16:53:24 [WARN] - 当前拥有的 生产者线程组 数量为 -- 6 
2015-02-17 16:53:24 [INFO] - 目前卖包子的已经生产了（18）个包子, 吃包子的已经消费了（18）个包子 
2015-02-17 16:53:24 [WARN] - 当前篮子里还有 [0] 个包子 
2015-02-17 16:53:24 [WARN] - 当前拥有的 消费者线程组 数量为 -- 7 
2015-02-17 16:53:24 [INFO] - 目前卖包子的已经生产了（18）个包子, 吃包子的已经消费了（18）个包子 
2015-02-17 16:53:24 [WARN] - 当前篮子里还有 [0] 个包子 
2015-02-17 16:53:24 [INFO] - 刚来的消费者【2】 要求上包子! 劳资TM等 2 年了！！ 
2015-02-17 16:53:25 [INFO] - 新增生产者【3】 - 生产了一个包子 【 新增生产者【3】_19 】 
2015-02-17 16:53:25 [INFO] - 刚来的消费者【2】 - 吃掉了一个包子 【新增生产者【3】_19 】篮子里还有【0】个 
2015-02-17 16:53:25 [INFO] - 大娘王婆 要求上包子! 劳资TM等 1 年了！！ 
2015-02-17 16:53:26 [INFO] - 新增生产者【2】 - 生产了一个包子 【 新增生产者【2】_20 】 
2015-02-17 16:53:26 [WARN] - 新增生产者【4】 应聘上班,直接开始蒸包子！ 
2015-02-17 16:53:26 [INFO] - 新增生产者【4】 - 生产了一个包子 【 新增生产者【4】_21 】 
2015-02-17 16:53:26 [WARN] - 当前拥有的 生产者线程组 数量为 -- 7 
2015-02-17 16:53:26 [INFO] - 目前卖包子的已经生产了（21）个包子, 吃包子的已经消费了（19）个包子 
2015-02-17 16:53:26 [WARN] - 当前篮子里还有 [2] 个包子 
2015-02-17 16:53:26 [WARN] - 当前拥有的 消费者线程组 数量为 -- 7 
2015-02-17 16:53:26 [INFO] - 目前卖包子的已经生产了（21）个包子, 吃包子的已经消费了（19）个包子 
2015-02-17 16:53:26 [WARN] - 当前篮子里还有 [2] 个包子 
2015-02-17 16:53:26 [INFO] - 大娘王婆 - 吃掉了一个包子 【新增生产者【4】_21 】篮子里还有【1】个 
2015-02-17 16:53:26 [INFO] - 大娘王婆 - 今天吃了 4 个包子,吃饱了遛弯儿去~ 
2015-02-17 16:53:26 [INFO] - 刚来的消费者【1】 - 吃掉了一个包子 【新增生产者【2】_20 】篮子里还有【0】个 
2015-02-17 16:53:26 [INFO] - 刚来的消费者【1】 - 今天吃了 4 个包子,吃饱了遛弯儿去~ 
2015-02-17 16:53:26 [INFO] - 刚来的消费者【2】 要求上包子! 劳资TM等 1 年了！！ 
2015-02-17 16:53:27 [INFO] - 新增生产者【1】 - 生产了一个包子 【 新增生产者【1】_22 】 
2015-02-17 16:53:27 [INFO] - 刚来的消费者【2】 - 吃掉了一个包子 【新增生产者【1】_22 】篮子里还有【0】个 
2015-02-17 16:53:27 [INFO] - 刚来的消费者【2】 - 今天吃了 4 个包子,吃饱了遛弯儿去~ 
2015-02-17 16:53:27 [INFO] - 刚来的消费者【3】 要求上包子! 劳资TM等 1 年了！！ 
2015-02-17 16:53:28 [INFO] - 包子师傅王大壮 - 生产了一个包子 【 包子师傅王大壮_23 】 
2015-02-17 16:53:28 [INFO] - 包子师傅王大壮 - 今天做够 5 个包子了！回家碎觉！ 
2015-02-17 16:53:28 [INFO] - 包子师傅李雷雷 - 生产了一个包子 【 包子师傅李雷雷_24 】 
2015-02-17 16:53:28 [INFO] - 包子师傅李雷雷 - 今天做够 5 个包子了！回家碎觉！ 
2015-02-17 16:53:28 [INFO] - 包子师傅韩梅梅 - 生产了一个包子 【 包子师傅韩梅梅_25 】 
2015-02-17 16:53:28 [INFO] - 包子师傅韩梅梅 - 今天做够 5 个包子了！回家碎觉！ 
2015-02-17 16:53:28 [WARN] - 刚来的消费者【7】 进店吃包子啦！ 
2015-02-17 16:53:28 [WARN] - 当前拥有的 生产者线程组 数量为 -- 4 
2015-02-17 16:53:28 [INFO] - 目前卖包子的已经生产了（25）个包子, 吃包子的已经消费了（22）个包子 
2015-02-17 16:53:28 [WARN] - 当前篮子里还有 [3] 个包子 
2015-02-17 16:53:28 [WARN] - 当前拥有的 消费者线程组 数量为 -- 5 
2015-02-17 16:53:28 [INFO] - 目前卖包子的已经生产了（25）个包子, 吃包子的已经消费了（22）个包子 
2015-02-17 16:53:28 [WARN] - 当前篮子里还有 [3] 个包子 
2015-02-17 16:53:28 [INFO] - 刚来的消费者【3】 - 吃掉了一个包子 【包子师傅韩梅梅_25 】篮子里还有【2】个 
2015-02-17 16:53:28 [INFO] - 刚来的消费者【3】 - 今天吃了 4 个包子,吃饱了遛弯儿去~ 
2015-02-17 16:53:28 [INFO] - 刚来的消费者【5】 - 吃掉了一个包子 【包子师傅李雷雷_24 】篮子里还有【1】个 
2015-02-17 16:53:28 [INFO] - 刚来的消费者【4】 - 吃掉了一个包子 【包子师傅王大壮_23 】篮子里还有【0】个 
2015-02-17 16:53:28 [INFO] - 刚来的消费者【6】 要求上包子! 劳资TM等 1 年了！！ 
2015-02-17 16:53:29 [INFO] - 刚来的消费者【6】 要求上包子! 劳资TM等 2 年了！！ 
2015-02-17 16:53:30 [INFO] - 新增生产者【3】 - 生产了一个包子 【 新增生产者【3】_26 】 
2015-02-17 16:53:30 [WARN] - 刚来的消费者【8】 进店吃包子啦！ 
2015-02-17 16:53:30 [WARN] - 当前拥有的 生产者线程组 数量为 -- 4 
2015-02-17 16:53:30 [INFO] - 目前卖包子的已经生产了（26）个包子, 吃包子的已经消费了（25）个包子 
2015-02-17 16:53:30 [WARN] - 当前篮子里还有 [1] 个包子 
2015-02-17 16:53:30 [WARN] - 当前拥有的 消费者线程组 数量为 -- 5 
2015-02-17 16:53:30 [INFO] - 目前卖包子的已经生产了（26）个包子, 吃包子的已经消费了（25）个包子 
2015-02-17 16:53:30 [WARN] - 当前篮子里还有 [1] 个包子 
2015-02-17 16:53:30 [INFO] - 刚来的消费者【6】 - 吃掉了一个包子 【新增生产者【3】_26 】篮子里还有【0】个 
2015-02-17 16:53:30 [INFO] - 刚来的消费者【8】 要求上包子! 劳资TM等 1 年了！！ 
2015-02-17 16:53:31 [INFO] - 新增生产者【2】 - 生产了一个包子 【 新增生产者【2】_27 】 
2015-02-17 16:53:31 [INFO] - 新增生产者【4】 - 生产了一个包子 【 新增生产者【4】_28 】 
2015-02-17 16:53:31 [INFO] - 刚来的消费者【8】 - 吃掉了一个包子 【新增生产者【4】_28 】篮子里还有【1】个 
2015-02-17 16:53:31 [INFO] - 刚来的消费者【4】 - 吃掉了一个包子 【新增生产者【2】_27 】篮子里还有【0】个 
2015-02-17 16:53:31 [INFO] - 刚来的消费者【4】 - 今天吃了 4 个包子,吃饱了遛弯儿去~ 
2015-02-17 16:53:31 [INFO] - 刚来的消费者【5】 要求上包子! 劳资TM等 1 年了！！ 
2015-02-17 16:53:32 [INFO] - 新增生产者【1】 - 生产了一个包子 【 新增生产者【1】_29 】 
2015-02-17 16:53:32 [INFO] - 新增生产者【1】 - 今天做够 5 个包子了！回家碎觉！ 
2015-02-17 16:53:32 [WARN] - 新增生产者【5】 应聘上班,直接开始蒸包子！ 
2015-02-17 16:53:32 [INFO] - 新增生产者【5】 - 生产了一个包子 【 新增生产者【5】_30 】 
2015-02-17 16:53:32 [WARN] - 当前拥有的 生产者线程组 数量为 -- 4 
2015-02-17 16:53:32 [INFO] - 目前卖包子的已经生产了（30）个包子, 吃包子的已经消费了（28）个包子 
2015-02-17 16:53:32 [WARN] - 当前篮子里还有 [2] 个包子 
2015-02-17 16:53:32 [WARN] - 当前拥有的 消费者线程组 数量为 -- 4 
2015-02-17 16:53:32 [INFO] - 目前卖包子的已经生产了（30）个包子, 吃包子的已经消费了（28）个包子 
2015-02-17 16:53:32 [WARN] - 当前篮子里还有 [2] 个包子 
2015-02-17 16:53:32 [INFO] - 刚来的消费者【5】 - 吃掉了一个包子 【新增生产者【5】_30 】篮子里还有【1】个 
2015-02-17 16:53:32 [INFO] - 刚来的消费者【7】 - 吃掉了一个包子 【新增生产者【1】_29 】篮子里还有【0】个 
2015-02-17 16:53:32 [INFO] - 刚来的消费者【8】 要求上包子! 劳资TM等 1 年了！！ 
2015-02-17 16:53:33 [INFO] - 刚来的消费者【8】 要求上包子! 劳资TM等 2 年了！！ 
2015-02-17 16:53:34 [INFO] - 今天包子做够了卖完了,想吃的明儿再来,本店打烊了！！！ 
2015-02-17 16:53:34 [WARN] - 当前拥有的 生产者线程组 数量为 -- 4 
2015-02-17 16:53:34 [INFO] - 目前卖包子的已经生产了（30）个包子, 吃包子的已经消费了（30）个包子 
2015-02-17 16:53:34 [WARN] - 当前篮子里还有 [0] 个包子 
2015-02-17 16:53:34 [WARN] - 当前拥有的 消费者线程组 数量为 -- 4 
2015-02-17 16:53:34 [INFO] - 目前卖包子的已经生产了（30）个包子, 吃包子的已经消费了（30）个包子 
2015-02-17 16:53:34 [WARN] - 当前篮子里还有 [0] 个包子 
2015-02-17 16:53:34 [INFO] - 刚来的消费者【8】 要求上包子! 劳资TM等 3 年了！！ 
2015-02-17 16:53:35 [INFO] - 新增生产者【3】: 今天包子做够了,快吃完老板娘要回家了！ 
2015-02-17 16:53:35 [INFO] - 等了 3 年了还TM不给上包子！？ 不吃了！ 
2015-02-17 16:53:35 [INFO] - 刚来的消费者【6】 要求上包子! 劳资TM等 1 年了！！ 
2015-02-17 16:53:36 [INFO] - 新增生产者【2】: 今天包子做够了,快吃完老板娘要回家了！ 
2015-02-17 16:53:36 [INFO] - 新增生产者【4】: 今天包子做够了,快吃完老板娘要回家了！ 
2015-02-17 16:53:36 [WARN] - 当前拥有的 生产者线程组 数量为 -- 1 
2015-02-17 16:53:36 [INFO] - 目前卖包子的已经生产了（30）个包子, 吃包子的已经消费了（30）个包子 
2015-02-17 16:53:36 [WARN] - 当前篮子里还有 [0] 个包子 
2015-02-17 16:53:36 [WARN] - 当前拥有的 消费者线程组 数量为 -- 3 
2015-02-17 16:53:36 [INFO] - 目前卖包子的已经生产了（30）个包子, 吃包子的已经消费了（30）个包子 
2015-02-17 16:53:36 [WARN] - 当前篮子里还有 [0] 个包子 
2015-02-17 16:53:36 [INFO] - 刚来的消费者【6】 要求上包子! 劳资TM等 2 年了！！ 
2015-02-17 16:53:37 [INFO] - 新增生产者【5】: 今天包子做够了,快吃完老板娘要回家了！ 
2015-02-17 16:53:37 [INFO] - 刚来的消费者【6】 要求上包子! 劳资TM等 3 年了！！ 
2015-02-17 16:53:38 [WARN] - 当前拥有的 生产者线程组 数量为 -- 0 
2015-02-17 16:53:38 [INFO] - 目前卖包子的已经生产了（30）个包子, 吃包子的已经消费了（30）个包子 
2015-02-17 16:53:38 [WARN] - 当前篮子里还有 [0] 个包子 
2015-02-17 16:53:38 [WARN] - 当前拥有的 消费者线程组 数量为 -- 3 
2015-02-17 16:53:38 [INFO] - 目前卖包子的已经生产了（30）个包子, 吃包子的已经消费了（30）个包子 
2015-02-17 16:53:38 [WARN] - 当前篮子里还有 [0] 个包子 
2015-02-17 16:53:38 [INFO] - 刚来的消费者【7】 要求上包子! 劳资TM等 1 年了！！ 
2015-02-17 16:53:38 [INFO] - 等了 3 年了还TM不给上包子！？ 不吃了！ 
2015-02-17 16:53:39 [INFO] - 刚来的消费者【7】 要求上包子! 劳资TM等 2 年了！！ 
2015-02-17 16:53:40 [WARN] - 当前拥有的 生产者线程组 数量为 -- 0 
2015-02-17 16:53:40 [INFO] - 目前卖包子的已经生产了（30）个包子, 吃包子的已经消费了（30）个包子 
2015-02-17 16:53:40 [WARN] - 当前篮子里还有 [0] 个包子 
2015-02-17 16:53:40 [WARN] - 当前拥有的 消费者线程组 数量为 -- 2 
2015-02-17 16:53:40 [INFO] - 目前卖包子的已经生产了（30）个包子, 吃包子的已经消费了（30）个包子 
2015-02-17 16:53:40 [WARN] - 当前篮子里还有 [0] 个包子 
2015-02-17 16:53:40 [INFO] - 刚来的消费者【7】 要求上包子! 劳资TM等 3 年了！！ 
2015-02-17 16:53:41 [INFO] - 刚来的消费者【5】 要求上包子! 劳资TM等 1 年了！！ 
2015-02-17 16:53:41 [INFO] - 等了 3 年了还TM不给上包子！？ 不吃了！ 
2015-02-17 16:53:42 [WARN] - 当前拥有的 生产者线程组 数量为 -- 0 
2015-02-17 16:53:42 [INFO] - 目前卖包子的已经生产了（30）个包子, 吃包子的已经消费了（30）个包子 
2015-02-17 16:53:42 [WARN] - 当前篮子里还有 [0] 个包子 
2015-02-17 16:53:42 [WARN] - 当前拥有的 消费者线程组 数量为 -- 1 
2015-02-17 16:53:42 [INFO] - 目前卖包子的已经生产了（30）个包子, 吃包子的已经消费了（30）个包子 
2015-02-17 16:53:42 [WARN] - 当前篮子里还有 [0] 个包子 
2015-02-17 16:53:42 [INFO] - 刚来的消费者【5】 要求上包子! 劳资TM等 2 年了！！ 
2015-02-17 16:53:43 [INFO] - 刚来的消费者【5】 要求上包子! 劳资TM等 3 年了！！ 
2015-02-17 16:53:44 [WARN] - 当前拥有的 生产者线程组 数量为 -- 0 
2015-02-17 16:53:44 [INFO] - 目前卖包子的已经生产了（30）个包子, 吃包子的已经消费了（30）个包子 
2015-02-17 16:53:44 [WARN] - 当前篮子里还有 [0] 个包子 
2015-02-17 16:53:44 [WARN] - 当前拥有的 消费者线程组 数量为 -- 1 
2015-02-17 16:53:44 [INFO] - 目前卖包子的已经生产了（30）个包子, 吃包子的已经消费了（30）个包子 
2015-02-17 16:53:44 [WARN] - 当前篮子里还有 [0] 个包子 
2015-02-17 16:53:44 [INFO] - 等了 3 年了还TM不给上包子！？ 不吃了！ 
2015-02-17 16:53:46 [WARN] - 当前拥有的 生产者线程组 数量为 -- 0 
2015-02-17 16:53:46 [INFO] - 目前卖包子的已经生产了（30）个包子, 吃包子的已经消费了（30）个包子 
2015-02-17 16:53:46 [WARN] - 当前篮子里还有 [0] 个包子 
2015-02-17 16:53:46 [WARN] - 当前拥有的 消费者线程组 数量为 -- 0 
2015-02-17 16:53:46 [INFO] - 目前卖包子的已经生产了（30）个包子, 吃包子的已经消费了（30）个包子 
2015-02-17 16:53:46 [WARN] - 当前篮子里还有 [0] 个包子 
2015-02-17 16:53:48 [WARN] - 当前拥有的 生产者线程组 数量为 -- 0 
2015-02-17 16:53:48 [INFO] - 目前卖包子的已经生产了（30）个包子, 吃包子的已经消费了（30）个包子 
2015-02-17 16:53:48 [WARN] - 当前篮子里还有 [0] 个包子 
2015-02-17 16:53:48 [WARN] - 当前拥有的 消费者线程组 数量为 -- 0 
2015-02-17 16:53:48 [INFO] - 目前卖包子的已经生产了（30）个包子, 吃包子的已经消费了（30）个包子 
2015-02-17 16:53:48 [WARN] - 当前篮子里还有 [0] 个包子 
2015-02-17 16:53:50 [WARN] - 当前拥有的 生产者线程组 数量为 -- 0 
2015-02-17 16:53:50 [INFO] - 目前卖包子的已经生产了（30）个包子, 吃包子的已经消费了（30）个包子 
2015-02-17 16:53:50 [WARN] - 当前篮子里还有 [0] 个包子 
2015-02-17 16:53:50 [WARN] - 当前拥有的 消费者线程组 数量为 -- 0 
2015-02-17 16:53:50 [INFO] - 目前卖包子的已经生产了（30）个包子, 吃包子的已经消费了（30）个包子 
2015-02-17 16:53:50 [WARN] - 当前篮子里还有 [0] 个包子 
2015-02-17 16:53:52 [WARN] - 当前拥有的 生产者线程组 数量为 -- 0 
2015-02-17 16:53:52 [INFO] - 目前卖包子的已经生产了（30）个包子, 吃包子的已经消费了（30）个包子 
2015-02-17 16:53:52 [WARN] - 当前篮子里还有 [0] 个包子 
2015-02-17 16:53:52 [WARN] - 当前拥有的 消费者线程组 数量为 -- 0 
2015-02-17 16:53:52 [INFO] - 目前卖包子的已经生产了（30）个包子, 吃包子的已经消费了（30）个包子 
2015-02-17 16:53:52 [WARN] - 当前篮子里还有 [0] 个包子 
2015-02-17 16:54:20 [INFO] - 包子师傅韩梅梅 - 生产了一个包子 【 包子师傅韩梅梅_1 】 
2015-02-17 16:54:20 [INFO] - 大爷李刚 - 吃掉了一个包子 【包子师傅韩梅梅_1 】篮子里还有【0】个 
2015-02-17 16:54:20 [INFO] - 包子师傅李雷雷 - 生产了一个包子 【 包子师傅李雷雷_2 】 
2015-02-17 16:54:20 [INFO] - 包子师傅王大壮 - 生产了一个包子 【 包子师傅王大壮_3 】 
2015-02-17 16:54:20 [INFO] - 大娘王婆 - 吃掉了一个包子 【包子师傅李雷雷_2 】篮子里还有【0】个 
2015-02-17 16:54:20 [WARN] - 当前拥有的 生产者线程组 数量为 -- 3 
2015-02-17 16:54:20 [INFO] - 目前卖包子的已经生产了（3）个包子, 吃包子的已经消费了（2）个包子 
2015-02-17 16:54:20 [WARN] - 刚来的消费者【1】 进店吃包子啦！ 
2015-02-17 16:54:20 [WARN] - 当前篮子里还有 [1] 个包子 
2015-02-17 16:54:20 [WARN] - 当前拥有的 消费者线程组 数量为 -- 3 
2015-02-17 16:54:20 [INFO] - 刚来的消费者【1】 - 吃掉了一个包子 【包子师傅王大壮_3 】篮子里还有【0】个 
2015-02-17 16:54:20 [INFO] - 目前卖包子的已经生产了（3）个包子, 吃包子的已经消费了（2）个包子 
2015-02-17 16:54:20 [WARN] - 当前篮子里还有 [0] 个包子 
2015-02-17 16:54:20 [INFO] - 大爷李刚 要求上包子! 劳资TM等 1 年了！！ 
2015-02-17 16:54:21 [INFO] - 大爷李刚 要求上包子! 劳资TM等 2 年了！！ 
2015-02-17 16:54:22 [WARN] - 刚来的消费者【2】 进店吃包子啦！ 
2015-02-17 16:54:22 [WARN] - 当前拥有的 生产者线程组 数量为 -- 3 
2015-02-17 16:54:22 [INFO] - 目前卖包子的已经生产了（3）个包子, 吃包子的已经消费了（3）个包子 
2015-02-17 16:54:22 [WARN] - 当前篮子里还有 [0] 个包子 
2015-02-17 16:54:22 [WARN] - 当前拥有的 消费者线程组 数量为 -- 4 
2015-02-17 16:54:22 [INFO] - 目前卖包子的已经生产了（3）个包子, 吃包子的已经消费了（3）个包子 
2015-02-17 16:54:22 [WARN] - 当前篮子里还有 [0] 个包子 
2015-02-17 16:54:22 [INFO] - 大爷李刚 要求上包子! 劳资TM等 3 年了！！ 
2015-02-17 16:54:23 [INFO] - 等了 3 年了还TM不给上包子！？ 不吃了！ 
2015-02-17 16:54:23 [INFO] - 刚来的消费者【2】 要求上包子! 劳资TM等 1 年了！！ 
2015-02-17 16:54:24 [WARN] - 刚来的消费者【3】 进店吃包子啦！ 
2015-02-17 16:54:24 [WARN] - 当前拥有的 生产者线程组 数量为 -- 3 
2015-02-17 16:54:24 [INFO] - 目前卖包子的已经生产了（3）个包子, 吃包子的已经消费了（3）个包子 
2015-02-17 16:54:24 [WARN] - 当前篮子里还有 [0] 个包子 
2015-02-17 16:54:24 [WARN] - 当前拥有的 消费者线程组 数量为 -- 4 
2015-02-17 16:54:24 [INFO] - 目前卖包子的已经生产了（3）个包子, 吃包子的已经消费了（3）个包子 
2015-02-17 16:54:24 [WARN] - 当前篮子里还有 [0] 个包子 
2015-02-17 16:54:24 [INFO] - 刚来的消费者【2】 要求上包子! 劳资TM等 2 年了！！ 
2015-02-17 16:54:25 [INFO] - 包子师傅韩梅梅 - 生产了一个包子 【 包子师傅韩梅梅_4 】 
2015-02-17 16:54:25 [INFO] - 包子师傅李雷雷 - 生产了一个包子 【 包子师傅李雷雷_5 】 
2015-02-17 16:54:25 [INFO] - 包子师傅王大壮 - 生产了一个包子 【 包子师傅王大壮_6 】 
2015-02-17 16:54:25 [INFO] - 刚来的消费者【2】 - 吃掉了一个包子 【包子师傅王大壮_6 】篮子里还有【2】个 
2015-02-17 16:54:25 [INFO] - 刚来的消费者【1】 - 吃掉了一个包子 【包子师傅李雷雷_5 】篮子里还有【1】个 
2015-02-17 16:54:25 [INFO] - 大娘王婆 - 吃掉了一个包子 【包子师傅韩梅梅_4 】篮子里还有【0】个 
2015-02-17 16:54:25 [INFO] - 刚来的消费者【3】 要求上包子! 劳资TM等 1 年了！！ 
2015-02-17 16:54:26 [WARN] - 新增生产者【1】 应聘上班,直接开始蒸包子！ 
2015-02-17 16:54:26 [INFO] - 新增生产者【1】 - 生产了一个包子 【 新增生产者【1】_7 】 
2015-02-17 16:54:26 [WARN] - 当前拥有的 生产者线程组 数量为 -- 4 
2015-02-17 16:54:26 [INFO] - 目前卖包子的已经生产了（7）个包子, 吃包子的已经消费了（6）个包子 
2015-02-17 16:54:26 [WARN] - 当前篮子里还有 [1] 个包子 
2015-02-17 16:54:26 [WARN] - 当前拥有的 消费者线程组 数量为 -- 4 
2015-02-17 16:54:26 [INFO] - 目前卖包子的已经生产了（7）个包子, 吃包子的已经消费了（6）个包子 
2015-02-17 16:54:26 [WARN] - 当前篮子里还有 [1] 个包子 
2015-02-17 16:54:26 [INFO] - 刚来的消费者【3】 - 吃掉了一个包子 【新增生产者【1】_7 】篮子里还有【0】个 
2015-02-17 16:54:26 [INFO] - 大娘王婆 要求上包子! 劳资TM等 1 年了！！ 
2015-02-17 16:54:27 [INFO] - 大娘王婆 要求上包子! 劳资TM等 2 年了！！ 
2015-02-17 16:54:28 [WARN] - 刚来的消费者【4】 进店吃包子啦！ 
2015-02-17 16:54:28 [WARN] - 当前拥有的 生产者线程组 数量为 -- 4 
2015-02-17 16:54:28 [INFO] - 目前卖包子的已经生产了（7）个包子, 吃包子的已经消费了（7）个包子 
2015-02-17 16:54:28 [WARN] - 当前篮子里还有 [0] 个包子 
2015-02-17 16:54:28 [WARN] - 当前拥有的 消费者线程组 数量为 -- 5 
2015-02-17 16:54:28 [INFO] - 目前卖包子的已经生产了（7）个包子, 吃包子的已经消费了（7）个包子 
2015-02-17 16:54:28 [WARN] - 当前篮子里还有 [0] 个包子 
2015-02-17 16:54:28 [INFO] - 大娘王婆 要求上包子! 劳资TM等 3 年了！！ 
2015-02-17 16:54:29 [INFO] - 等了 3 年了还TM不给上包子！？ 不吃了！ 
2015-02-17 16:54:29 [INFO] - 刚来的消费者【1】 要求上包子! 劳资TM等 1 年了！！ 
2015-02-17 16:54:30 [INFO] - 包子师傅韩梅梅 - 生产了一个包子 【 包子师傅韩梅梅_8 】 
2015-02-17 16:54:30 [INFO] - 包子师傅李雷雷 - 生产了一个包子 【 包子师傅李雷雷_9 】 
2015-02-17 16:54:30 [INFO] - 包子师傅王大壮 - 生产了一个包子 【 包子师傅王大壮_10 】 
2015-02-17 16:54:30 [WARN] - 刚来的消费者【5】 进店吃包子啦！ 
2015-02-17 16:54:30 [WARN] - 当前拥有的 生产者线程组 数量为 -- 4 
2015-02-17 16:54:30 [INFO] - 目前卖包子的已经生产了（10）个包子, 吃包子的已经消费了（7）个包子 
2015-02-17 16:54:30 [WARN] - 当前篮子里还有 [3] 个包子 
2015-02-17 16:54:30 [WARN] - 当前拥有的 消费者线程组 数量为 -- 5 
2015-02-17 16:54:30 [INFO] - 目前卖包子的已经生产了（10）个包子, 吃包子的已经消费了（7）个包子 
2015-02-17 16:54:30 [WARN] - 当前篮子里还有 [3] 个包子 
2015-02-17 16:54:30 [INFO] - 刚来的消费者【1】 - 吃掉了一个包子 【包子师傅王大壮_10 】篮子里还有【2】个 
2015-02-17 16:54:30 [INFO] - 刚来的消费者【2】 - 吃掉了一个包子 【包子师傅李雷雷_9 】篮子里还有【1】个 
2015-02-17 16:54:30 [INFO] - 刚来的消费者【5】 - 吃掉了一个包子 【包子师傅韩梅梅_8 】篮子里还有【0】个 
2015-02-17 16:54:30 [INFO] - 刚来的消费者【4】 要求上包子! 劳资TM等 1 年了！！ 
2015-02-17 16:54:31 [INFO] - 新增生产者【1】 - 生产了一个包子 【 新增生产者【1】_11 】 
2015-02-17 16:54:31 [INFO] - 刚来的消费者【4】 - 吃掉了一个包子 【新增生产者【1】_11 】篮子里还有【0】个 
2015-02-17 16:54:31 [INFO] - 刚来的消费者【3】 要求上包子! 劳资TM等 1 年了！！ 
2015-02-17 16:54:32 [WARN] - 新增生产者【2】 应聘上班,直接开始蒸包子！ 
2015-02-17 16:54:32 [INFO] - 新增生产者【2】 - 生产了一个包子 【 新增生产者【2】_12 】 
2015-02-17 16:54:32 [WARN] - 当前拥有的 生产者线程组 数量为 -- 5 
2015-02-17 16:54:32 [INFO] - 目前卖包子的已经生产了（12）个包子, 吃包子的已经消费了（11）个包子 
2015-02-17 16:54:32 [WARN] - 当前篮子里还有 [1] 个包子 
2015-02-17 16:54:32 [WARN] - 当前拥有的 消费者线程组 数量为 -- 5 
2015-02-17 16:54:32 [INFO] - 目前卖包子的已经生产了（12）个包子, 吃包子的已经消费了（11）个包子 
2015-02-17 16:54:32 [WARN] - 当前篮子里还有 [1] 个包子 
2015-02-17 16:54:32 [INFO] - 刚来的消费者【3】 - 吃掉了一个包子 【新增生产者【2】_12 】篮子里还有【0】个 
2015-02-17 16:54:32 [INFO] - 刚来的消费者【4】 要求上包子! 劳资TM等 1 年了！！ 
2015-02-17 16:54:33 [INFO] - 刚来的消费者【4】 要求上包子! 劳资TM等 2 年了！！ 
2015-02-17 16:54:34 [WARN] - 刚来的消费者【6】 进店吃包子啦！ 
2015-02-17 16:54:34 [WARN] - 当前拥有的 生产者线程组 数量为 -- 5 
2015-02-17 16:54:34 [INFO] - 目前卖包子的已经生产了（12）个包子, 吃包子的已经消费了（12）个包子 
2015-02-17 16:54:34 [WARN] - 当前篮子里还有 [0] 个包子 
2015-02-17 16:54:34 [WARN] - 当前拥有的 消费者线程组 数量为 -- 6 
2015-02-17 16:54:34 [INFO] - 目前卖包子的已经生产了（12）个包子, 吃包子的已经消费了（12）个包子 
2015-02-17 16:54:34 [WARN] - 当前篮子里还有 [0] 个包子 
2015-02-17 16:54:34 [INFO] - 刚来的消费者【4】 要求上包子! 劳资TM等 3 年了！！ 
2015-02-17 16:54:35 [INFO] - 包子师傅韩梅梅 - 生产了一个包子 【 包子师傅韩梅梅_13 】 
2015-02-17 16:54:35 [INFO] - 包子师傅李雷雷 - 生产了一个包子 【 包子师傅李雷雷_14 】 
2015-02-17 16:54:35 [INFO] - 包子师傅王大壮 - 生产了一个包子 【 包子师傅王大壮_15 】 
2015-02-17 16:54:35 [INFO] - 刚来的消费者【4】 - 吃掉了一个包子 【包子师傅王大壮_15 】篮子里还有【2】个 
2015-02-17 16:54:35 [INFO] - 刚来的消费者【5】 - 吃掉了一个包子 【包子师傅李雷雷_14 】篮子里还有【1】个 
2015-02-17 16:54:35 [INFO] - 刚来的消费者【2】 - 吃掉了一个包子 【包子师傅韩梅梅_13 】篮子里还有【0】个 
2015-02-17 16:54:35 [INFO] - 刚来的消费者【1】 要求上包子! 劳资TM等 1 年了！！ 
2015-02-17 16:54:36 [INFO] - 新增生产者【1】 - 生产了一个包子 【 新增生产者【1】_16 】 
2015-02-17 16:54:36 [WARN] - 新增生产者【3】 应聘上班,直接开始蒸包子！ 
2015-02-17 16:54:36 [INFO] - 新增生产者【3】 - 生产了一个包子 【 新增生产者【3】_17 】 
2015-02-17 16:54:36 [WARN] - 当前拥有的 生产者线程组 数量为 -- 6 
2015-02-17 16:54:36 [INFO] - 目前卖包子的已经生产了（17）个包子, 吃包子的已经消费了（15）个包子 
2015-02-17 16:54:36 [WARN] - 当前篮子里还有 [2] 个包子 
2015-02-17 16:54:36 [WARN] - 当前拥有的 消费者线程组 数量为 -- 6 
2015-02-17 16:54:36 [INFO] - 目前卖包子的已经生产了（17）个包子, 吃包子的已经消费了（15）个包子 
2015-02-17 16:54:36 [WARN] - 当前篮子里还有 [2] 个包子 
2015-02-17 16:54:36 [INFO] - 刚来的消费者【1】 - 吃掉了一个包子 【新增生产者【3】_17 】篮子里还有【1】个 
2015-02-17 16:54:36 [INFO] - 刚来的消费者【1】 - 今天吃了 4 个包子,吃饱了遛弯儿去~ 
2015-02-17 16:54:36 [INFO] - 刚来的消费者【2】 - 吃掉了一个包子 【新增生产者【1】_16 】篮子里还有【0】个 
2015-02-17 16:54:36 [INFO] - 刚来的消费者【2】 - 今天吃了 4 个包子,吃饱了遛弯儿去~ 
2015-02-17 16:54:36 [INFO] - 刚来的消费者【5】 要求上包子! 劳资TM等 1 年了！！ 
2015-02-17 16:54:37 [INFO] - 新增生产者【2】 - 生产了一个包子 【 新增生产者【2】_18 】 
2015-02-17 16:54:37 [INFO] - 刚来的消费者【5】 - 吃掉了一个包子 【新增生产者【2】_18 】篮子里还有【0】个 
2015-02-17 16:54:37 [INFO] - 刚来的消费者【4】 要求上包子! 劳资TM等 1 年了！！ 
2015-02-17 16:54:38 [WARN] - 刚来的消费者【7】 进店吃包子啦！ 
2015-02-17 16:54:38 [WARN] - 当前拥有的 生产者线程组 数量为 -- 6 
2015-02-17 16:54:38 [INFO] - 目前卖包子的已经生产了（18）个包子, 吃包子的已经消费了（18）个包子 
2015-02-17 16:54:38 [WARN] - 当前篮子里还有 [0] 个包子 
2015-02-17 16:54:38 [WARN] - 当前拥有的 消费者线程组 数量为 -- 5 
2015-02-17 16:54:38 [INFO] - 目前卖包子的已经生产了（18）个包子, 吃包子的已经消费了（18）个包子 
2015-02-17 16:54:38 [WARN] - 当前篮子里还有 [0] 个包子 
2015-02-17 16:54:38 [INFO] - 刚来的消费者【4】 要求上包子! 劳资TM等 2 年了！！ 
2015-02-17 16:54:39 [INFO] - 刚来的消费者【4】 要求上包子! 劳资TM等 3 年了！！ 
2015-02-17 16:54:40 [INFO] - 包子师傅韩梅梅 - 生产了一个包子 【 包子师傅韩梅梅_19 】 
2015-02-17 16:54:40 [INFO] - 包子师傅李雷雷 - 生产了一个包子 【 包子师傅李雷雷_20 】 
2015-02-17 16:54:40 [INFO] - 包子师傅李雷雷 - 今天做够 5 个包子了！回家碎觉！ 
2015-02-17 16:54:40 [INFO] - 包子师傅韩梅梅 - 今天做够 5 个包子了！回家碎觉！ 
2015-02-17 16:54:40 [INFO] - 包子师傅王大壮 - 生产了一个包子 【 包子师傅王大壮_21 】 
2015-02-17 16:54:40 [INFO] - 包子师傅王大壮 - 今天做够 5 个包子了！回家碎觉！ 
2015-02-17 16:54:40 [WARN] - 新增生产者【4】 应聘上班,直接开始蒸包子！ 
2015-02-17 16:54:40 [INFO] - 新增生产者【4】 - 生产了一个包子 【 新增生产者【4】_22 】 
2015-02-17 16:54:40 [WARN] - 当前拥有的 生产者线程组 数量为 -- 4 
2015-02-17 16:54:40 [INFO] - 目前卖包子的已经生产了（22）个包子, 吃包子的已经消费了（18）个包子 
2015-02-17 16:54:40 [WARN] - 当前篮子里还有 [4] 个包子 
2015-02-17 16:54:40 [WARN] - 当前拥有的 消费者线程组 数量为 -- 5 
2015-02-17 16:54:40 [INFO] - 目前卖包子的已经生产了（22）个包子, 吃包子的已经消费了（18）个包子 
2015-02-17 16:54:40 [WARN] - 当前篮子里还有 [4] 个包子 
2015-02-17 16:54:40 [INFO] - 刚来的消费者【4】 - 吃掉了一个包子 【新增生产者【4】_22 】篮子里还有【3】个 
2015-02-17 16:54:40 [INFO] - 刚来的消费者【6】 - 吃掉了一个包子 【包子师傅王大壮_21 】篮子里还有【2】个 
2015-02-17 16:54:40 [INFO] - 刚来的消费者【3】 - 吃掉了一个包子 【包子师傅李雷雷_20 】篮子里还有【1】个 
2015-02-17 16:54:40 [INFO] - 刚来的消费者【5】 - 吃掉了一个包子 【包子师傅韩梅梅_19 】篮子里还有【0】个 
2015-02-17 16:54:40 [INFO] - 刚来的消费者【5】 - 今天吃了 4 个包子,吃饱了遛弯儿去~ 
2015-02-17 16:54:40 [INFO] - 刚来的消费者【7】 要求上包子! 劳资TM等 1 年了！！ 
2015-02-17 16:54:41 [INFO] - 新增生产者【1】 - 生产了一个包子 【 新增生产者【1】_23 】 
2015-02-17 16:54:41 [INFO] - 新增生产者【3】 - 生产了一个包子 【 新增生产者【3】_24 】 
2015-02-17 16:54:41 [INFO] - 刚来的消费者【7】 - 吃掉了一个包子 【新增生产者【3】_24 】篮子里还有【1】个 
2015-02-17 16:54:41 [INFO] - 刚来的消费者【3】 - 吃掉了一个包子 【新增生产者【1】_23 】篮子里还有【0】个 
2015-02-17 16:54:41 [INFO] - 刚来的消费者【3】 - 今天吃了 4 个包子,吃饱了遛弯儿去~ 
2015-02-17 16:54:41 [INFO] - 刚来的消费者【6】 要求上包子! 劳资TM等 1 年了！！ 
2015-02-17 16:54:42 [INFO] - 新增生产者【2】 - 生产了一个包子 【 新增生产者【2】_25 】 
2015-02-17 16:54:42 [WARN] - 刚来的消费者【8】 进店吃包子啦！ 
2015-02-17 16:54:42 [WARN] - 当前拥有的 生产者线程组 数量为 -- 4 
2015-02-17 16:54:42 [INFO] - 目前卖包子的已经生产了（25）个包子, 吃包子的已经消费了（24）个包子 
2015-02-17 16:54:42 [WARN] - 当前篮子里还有 [1] 个包子 
2015-02-17 16:54:42 [WARN] - 当前拥有的 消费者线程组 数量为 -- 4 
2015-02-17 16:54:42 [INFO] - 目前卖包子的已经生产了（25）个包子, 吃包子的已经消费了（24）个包子 
2015-02-17 16:54:42 [WARN] - 当前篮子里还有 [1] 个包子 
2015-02-17 16:54:42 [INFO] - 刚来的消费者【6】 - 吃掉了一个包子 【新增生产者【2】_25 】篮子里还有【0】个 
2015-02-17 16:54:42 [INFO] - 刚来的消费者【4】 要求上包子! 劳资TM等 1 年了！！ 
2015-02-17 16:54:43 [INFO] - 刚来的消费者【4】 要求上包子! 劳资TM等 2 年了！！ 
2015-02-17 16:54:44 [WARN] - 刚来的消费者【9】 进店吃包子啦！ 
2015-02-17 16:54:44 [WARN] - 当前拥有的 生产者线程组 数量为 -- 4 
2015-02-17 16:54:44 [INFO] - 目前卖包子的已经生产了（25）个包子, 吃包子的已经消费了（25）个包子 
2015-02-17 16:54:44 [WARN] - 当前篮子里还有 [0] 个包子 
2015-02-17 16:54:44 [WARN] - 当前拥有的 消费者线程组 数量为 -- 5 
2015-02-17 16:54:44 [INFO] - 目前卖包子的已经生产了（25）个包子, 吃包子的已经消费了（25）个包子 
2015-02-17 16:54:44 [WARN] - 当前篮子里还有 [0] 个包子 
2015-02-17 16:54:44 [INFO] - 刚来的消费者【4】 要求上包子! 劳资TM等 3 年了！！ 
2015-02-17 16:54:45 [INFO] - 新增生产者【4】 - 生产了一个包子 【 新增生产者【4】_26 】 
2015-02-17 16:54:45 [INFO] - 刚来的消费者【4】 - 吃掉了一个包子 【新增生产者【4】_26 】篮子里还有【0】个 
2015-02-17 16:54:45 [INFO] - 刚来的消费者【4】 - 今天吃了 4 个包子,吃饱了遛弯儿去~ 
2015-02-17 16:54:45 [INFO] - 刚来的消费者【9】 要求上包子! 劳资TM等 1 年了！！ 
2015-02-17 16:54:46 [INFO] - 新增生产者【1】 - 生产了一个包子 【 新增生产者【1】_27 】 
2015-02-17 16:54:46 [INFO] - 新增生产者【1】 - 今天做够 5 个包子了！回家碎觉！ 
2015-02-17 16:54:46 [INFO] - 新增生产者【3】 - 生产了一个包子 【 新增生产者【3】_28 】 
2015-02-17 16:54:46 [WARN] - 新增生产者【5】 应聘上班,直接开始蒸包子！ 
2015-02-17 16:54:46 [INFO] - 新增生产者【5】 - 生产了一个包子 【 新增生产者【5】_29 】 
2015-02-17 16:54:46 [WARN] - 当前拥有的 生产者线程组 数量为 -- 4 
2015-02-17 16:54:46 [INFO] - 目前卖包子的已经生产了（29）个包子, 吃包子的已经消费了（26）个包子 
2015-02-17 16:54:46 [WARN] - 当前篮子里还有 [3] 个包子 
2015-02-17 16:54:46 [WARN] - 当前拥有的 消费者线程组 数量为 -- 4 
2015-02-17 16:54:46 [INFO] - 目前卖包子的已经生产了（29）个包子, 吃包子的已经消费了（26）个包子 
2015-02-17 16:54:46 [WARN] - 当前篮子里还有 [3] 个包子 
2015-02-17 16:54:46 [INFO] - 刚来的消费者【9】 - 吃掉了一个包子 【新增生产者【5】_29 】篮子里还有【2】个 
2015-02-17 16:54:46 [INFO] - 刚来的消费者【6】 - 吃掉了一个包子 【新增生产者【3】_28 】篮子里还有【1】个 
2015-02-17 16:54:46 [INFO] - 刚来的消费者【7】 - 吃掉了一个包子 【新增生产者【1】_27 】篮子里还有【0】个 
2015-02-17 16:54:46 [INFO] - 刚来的消费者【8】 要求上包子! 劳资TM等 1 年了！！ 
2015-02-17 16:54:47 [INFO] - 新增生产者【2】 - 生产了一个包子 【 新增生产者【2】_30 】 
2015-02-17 16:54:47 [INFO] - 刚来的消费者【8】 - 吃掉了一个包子 【新增生产者【2】_30 】篮子里还有【0】个 
2015-02-17 16:54:47 [INFO] - 刚来的消费者【7】 要求上包子! 劳资TM等 1 年了！！ 
2015-02-17 16:54:48 [INFO] - 今天包子做够了卖完了,想吃的明儿再来,本店打烊了！！！ 
2015-02-17 16:54:48 [INFO] - 今天包子做够了卖完了,想吃的明儿再来,本店打烊了！！！ 
2015-02-17 16:54:48 [INFO] - 刚来的消费者【7】 要求上包子! 劳资TM等 2 年了！！ 
2015-02-17 16:54:49 [INFO] - 刚来的消费者【7】 要求上包子! 劳资TM等 3 年了！！ 
2015-02-17 16:54:50 [INFO] - 新增生产者【4】: 今天包子做够了,快吃完老板娘要回家了！ 
2015-02-17 16:54:50 [INFO] - 刚来的消费者【6】 要求上包子! 劳资TM等 1 年了！！ 
2015-02-17 16:54:50 [INFO] - 等了 3 年了还TM不给上包子！？ 不吃了！ 
2015-02-17 16:54:51 [INFO] - 新增生产者【3】: 今天包子做够了,快吃完老板娘要回家了！ 
2015-02-17 16:54:51 [INFO] - 新增生产者【5】: 今天包子做够了,快吃完老板娘要回家了！ 
2015-02-17 16:54:51 [INFO] - 刚来的消费者【6】 要求上包子! 劳资TM等 2 年了！！ 
2015-02-17 16:54:52 [INFO] - 新增生产者【2】: 今天包子做够了,快吃完老板娘要回家了！ 
2015-02-17 16:54:52 [INFO] - 刚来的消费者【6】 要求上包子! 劳资TM等 3 年了！！ 
2015-02-17 16:54:53 [INFO] - 等了 3 年了还TM不给上包子！？ 不吃了！ 
2015-02-17 16:54:53 [INFO] - 刚来的消费者【9】 要求上包子! 劳资TM等 1 年了！！ 
2015-02-17 16:54:54 [INFO] - 刚来的消费者【9】 要求上包子! 劳资TM等 2 年了！！ 
2015-02-17 16:54:55 [INFO] - 刚来的消费者【9】 要求上包子! 劳资TM等 3 年了！！ 
2015-02-17 16:54:56 [INFO] - 刚来的消费者【8】 要求上包子! 劳资TM等 1 年了！！ 
2015-02-17 16:54:56 [INFO] - 等了 3 年了还TM不给上包子！？ 不吃了！ 
2015-02-17 16:54:57 [INFO] - 刚来的消费者【8】 要求上包子! 劳资TM等 2 年了！！ 
2015-02-17 16:54:58 [INFO] - 刚来的消费者【8】 要求上包子! 劳资TM等 3 年了！！ 
2015-02-17 16:54:59 [INFO] - 等了 3 年了还TM不给上包子！？ 不吃了！ 
